10-Nov-2021 23:30:00 KST  Initiating request to open file file:/scratch/jykim/H_signal/GluGluToHToTauTau/00175829-B4F5-E311-B7C6-002481E0D6A6.root
10-Nov-2021 23:30:01 KST  Successfully opened file file:/scratch/jykim/H_signal/GluGluToHToTauTau/00175829-B4F5-E311-B7C6-002481E0D6A6.root
Begin processing the 1st record. Run 1, Event 198601, LumiSection 1987 at 10-Nov-2021 23:30:04.693 KST
Begin processing the 1001st record. Run 1, Event 19001, LumiSection 4191 at 10-Nov-2021 23:30:09.364 KST
Begin processing the 2001st record. Run 1, Event 153401, LumiSection 3535 at 10-Nov-2021 23:30:12.896 KST
Begin processing the 3001st record. Run 1, Event 158601, LumiSection 3587 at 10-Nov-2021 23:30:16.447 KST
Begin processing the 4001st record. Run 1, Event 168201, LumiSection 3683 at 10-Nov-2021 23:30:20.204 KST
Begin processing the 5001st record. Run 1, Event 91801, LumiSection 4919 at 10-Nov-2021 23:30:23.744 KST
Begin processing the 6001st record. Run 1, Event 91201, LumiSection 4913 at 10-Nov-2021 23:30:27.507 KST
Begin processing the 7001st record. Run 1, Event 94401, LumiSection 4945 at 10-Nov-2021 23:30:31.360 KST
10-Nov-2021 23:30:32 KST  Closed file file:/scratch/jykim/H_signal/GluGluToHToTauTau/00175829-B4F5-E311-B7C6-002481E0D6A6.root
10-Nov-2021 23:30:32 KST  Initiating request to open file file:/scratch/jykim/H_signal/GluGluToHToTauTau/54058370-E6F5-E311-839B-0025907DCA9C.root
10-Nov-2021 23:30:32 KST  Successfully opened file file:/scratch/jykim/H_signal/GluGluToHToTauTau/54058370-E6F5-E311-839B-0025907DCA9C.root
Begin processing the 8001st record. Run 1, Event 64201, LumiSection 643 at 10-Nov-2021 23:30:38.163 KST
Begin processing the 9001st record. Run 1, Event 79201, LumiSection 793 at 10-Nov-2021 23:30:41.863 KST
Begin processing the 10001st record. Run 1, Event 116801, LumiSection 1169 at 10-Nov-2021 23:30:46.017 KST
Begin processing the 11001st record. Run 1, Event 184001, LumiSection 3841 at 10-Nov-2021 23:30:50.036 KST
Begin processing the 12001st record. Run 1, Event 7801, LumiSection 4079 at 10-Nov-2021 23:30:53.575 KST
Begin processing the 13001st record. Run 1, Event 115201, LumiSection 3153 at 10-Nov-2021 23:30:57.456 KST
Begin processing the 14001st record. Run 1, Event 120001, LumiSection 3201 at 10-Nov-2021 23:31:01.163 KST
Begin processing the 15001st record. Run 1, Event 121201, LumiSection 3213 at 10-Nov-2021 23:31:05.074 KST
10-Nov-2021 23:31:06 KST  Closed file file:/scratch/jykim/H_signal/GluGluToHToTauTau/54058370-E6F5-E311-839B-0025907DCA9C.root
10-Nov-2021 23:31:06 KST  Initiating request to open file file:/scratch/jykim/H_signal/GluGluToHToTauTau/A68DCF03-D7F5-E311-8617-002590A2CD44.root
10-Nov-2021 23:31:06 KST  Successfully opened file file:/scratch/jykim/H_signal/GluGluToHToTauTau/A68DCF03-D7F5-E311-8617-002590A2CD44.root
Begin processing the 16001st record. Run 1, Event 1801, LumiSection 19 at 10-Nov-2021 23:31:12.021 KST
Begin processing the 17001st record. Run 1, Event 37601, LumiSection 377 at 10-Nov-2021 23:31:15.775 KST
Begin processing the 18001st record. Run 1, Event 95401, LumiSection 2955 at 10-Nov-2021 23:31:19.642 KST
Begin processing the 19001st record. Run 1, Event 47401, LumiSection 475 at 10-Nov-2021 23:31:23.346 KST
Begin processing the 20001st record. Run 1, Event 74401, LumiSection 2745 at 10-Nov-2021 23:31:27.275 KST
Begin processing the 21001st record. Run 1, Event 136001, LumiSection 1361 at 10-Nov-2021 23:31:31.434 KST
Begin processing the 22001st record. Run 1, Event 99801, LumiSection 2999 at 10-Nov-2021 23:31:35.504 KST
Begin processing the 23001st record. Run 1, Event 132601, LumiSection 3327 at 10-Nov-2021 23:31:39.176 KST
Begin processing the 24001st record. Run 1, Event 152401, LumiSection 3525 at 10-Nov-2021 23:31:43.367 KST
10-Nov-2021 23:31:47 KST  Closed file file:/scratch/jykim/H_signal/GluGluToHToTauTau/A68DCF03-D7F5-E311-8617-002590A2CD44.root
10-Nov-2021 23:31:47 KST  Initiating request to open file file:/scratch/jykim/H_signal/GluGluToHToTauTau/0207FA29-D4F5-E311-A67B-0025901D4B00.root
10-Nov-2021 23:31:47 KST  Successfully opened file file:/scratch/jykim/H_signal/GluGluToHToTauTau/0207FA29-D4F5-E311-A67B-0025901D4B00.root
Begin processing the 25001st record. Run 1, Event 12601, LumiSection 127 at 10-Nov-2021 23:31:50.561 KST
Begin processing the 26001st record. Run 1, Event 104201, LumiSection 3043 at 10-Nov-2021 23:31:54.958 KST
Begin processing the 27001st record. Run 1, Event 151801, LumiSection 1519 at 10-Nov-2021 23:31:59.464 KST
Begin processing the 28001st record. Run 1, Event 2201, LumiSection 2023 at 10-Nov-2021 23:32:03.520 KST
Begin processing the 29001st record. Run 1, Event 118801, LumiSection 1189 at 10-Nov-2021 23:32:07.529 KST
Begin processing the 30001st record. Run 1, Event 178601, LumiSection 3787 at 10-Nov-2021 23:32:11.968 KST
Begin processing the 31001st record. Run 1, Event 45401, LumiSection 4455 at 10-Nov-2021 23:32:15.798 KST
Begin processing the 32001st record. Run 1, Event 69001, LumiSection 4691 at 10-Nov-2021 23:32:20.219 KST
10-Nov-2021 23:32:24 KST  Closed file file:/scratch/jykim/H_signal/GluGluToHToTauTau/0207FA29-D4F5-E311-A67B-0025901D4B00.root
10-Nov-2021 23:32:24 KST  Initiating request to open file file:/scratch/jykim/H_signal/GluGluToHToTauTau/5687508D-CDF5-E311-9F9A-002590AC4C3E.root
10-Nov-2021 23:32:24 KST  Successfully opened file file:/scratch/jykim/H_signal/GluGluToHToTauTau/5687508D-CDF5-E311-9F9A-002590AC4C3E.root
Begin processing the 33001st record. Run 1, Event 34801, LumiSection 349 at 10-Nov-2021 23:32:27.429 KST
Begin processing the 34001st record. Run 1, Event 114201, LumiSection 3143 at 10-Nov-2021 23:32:31.567 KST
Begin processing the 35001st record. Run 1, Event 77401, LumiSection 775 at 10-Nov-2021 23:32:36.498 KST
Begin processing the 36001st record. Run 1, Event 84601, LumiSection 847 at 10-Nov-2021 23:32:41.021 KST
Begin processing the 37001st record. Run 1, Event 197401, LumiSection 3975 at 10-Nov-2021 23:32:45.047 KST
Begin processing the 38001st record. Run 1, Event 110601, LumiSection 3107 at 10-Nov-2021 23:32:49.635 KST
Begin processing the 39001st record. Run 1, Event 155801, LumiSection 3559 at 10-Nov-2021 23:32:54.186 KST
Begin processing the 40001st record. Run 1, Event 153201, LumiSection 3533 at 10-Nov-2021 23:32:58.922 KST
10-Nov-2021 23:33:03 KST  Closed file file:/scratch/jykim/H_signal/GluGluToHToTauTau/5687508D-CDF5-E311-9F9A-002590AC4C3E.root
10-Nov-2021 23:33:03 KST  Initiating request to open file file:/scratch/jykim/H_signal/GluGluToHToTauTau/A89A8E76-E6F5-E311-8AD6-0025907DCA9C.root
10-Nov-2021 23:33:03 KST  Successfully opened file file:/scratch/jykim/H_signal/GluGluToHToTauTau/A89A8E76-E6F5-E311-8AD6-0025907DCA9C.root
Begin processing the 41001st record. Run 1, Event 39401, LumiSection 395 at 10-Nov-2021 23:33:06.556 KST
Begin processing the 42001st record. Run 1, Event 65401, LumiSection 655 at 10-Nov-2021 23:33:10.216 KST
Begin processing the 43001st record. Run 1, Event 68601, LumiSection 687 at 10-Nov-2021 23:33:14.109 KST
Begin processing the 44001st record. Run 1, Event 137601, LumiSection 1377 at 10-Nov-2021 23:33:18.134 KST
Begin processing the 45001st record. Run 1, Event 90801, LumiSection 909 at 10-Nov-2021 23:33:22.291 KST
Begin processing the 46001st record. Run 1, Event 16601, LumiSection 4167 at 10-Nov-2021 23:33:26.443 KST
Begin processing the 47001st record. Run 1, Event 32201, LumiSection 4323 at 10-Nov-2021 23:33:30.023 KST
Begin processing the 48001st record. Run 1, Event 75201, LumiSection 4753 at 10-Nov-2021 23:33:34.332 KST
10-Nov-2021 23:33:38 KST  Closed file file:/scratch/jykim/H_signal/GluGluToHToTauTau/A89A8E76-E6F5-E311-8AD6-0025907DCA9C.root
10-Nov-2021 23:33:38 KST  Initiating request to open file file:/scratch/jykim/H_signal/GluGluToHToTauTau/08553187-E6F5-E311-A881-0025901D493C.root
10-Nov-2021 23:33:38 KST  Successfully opened file file:/scratch/jykim/H_signal/GluGluToHToTauTau/08553187-E6F5-E311-A881-0025901D493C.root
Begin processing the 49001st record. Run 1, Event 3401, LumiSection 35 at 10-Nov-2021 23:33:41.708 KST
10-Nov-2021 23:33:45 KST  Closed file file:/scratch/jykim/H_signal/GluGluToHToTauTau/08553187-E6F5-E311-A881-0025901D493C.root

=============================================

MessageLogger Summary

 type     category        sev    module        subroutine        count    total
 ---- -------------------- -- ---------------- ----------------  -----    -----
    1 fileAction           -s file_close                             7        7
    2 fileAction           -s file_open                             14       14

 type    category    Examples: run/evt        run/evt          run/evt
 ---- -------------------- ---------------- ---------------- ----------------
    1 fileAction           PostProcessEvent PostProcessEvent PostEndRun
    2 fileAction           pre-events       pre-events       PostProcessEvent

Severity    # Occurrences   Total Occurrences
--------    -------------   -----------------
System                 21                  21
