26-Sep-2021 04:20:41 KST  Initiating request to open file file:/scratch/jykim/H_signal/GluGluToHToTauTau/00175829-B4F5-E311-B7C6-002481E0D6A6.root
26-Sep-2021 04:20:42 KST  Successfully opened file file:/scratch/jykim/H_signal/GluGluToHToTauTau/00175829-B4F5-E311-B7C6-002481E0D6A6.root
Begin processing the 1st record. Run 1, Event 198601, LumiSection 1987 at 26-Sep-2021 04:20:44.702 KST
Begin processing the 1001st record. Run 1, Event 19001, LumiSection 4191 at 26-Sep-2021 04:20:46.689 KST
Begin processing the 2001st record. Run 1, Event 153401, LumiSection 3535 at 26-Sep-2021 04:20:48.501 KST
Begin processing the 3001st record. Run 1, Event 158601, LumiSection 3587 at 26-Sep-2021 04:20:50.376 KST
Begin processing the 4001st record. Run 1, Event 168201, LumiSection 3683 at 26-Sep-2021 04:20:52.257 KST
Begin processing the 5001st record. Run 1, Event 91801, LumiSection 4919 at 26-Sep-2021 04:20:54.149 KST
Begin processing the 6001st record. Run 1, Event 91201, LumiSection 4913 at 26-Sep-2021 04:20:56.069 KST
Begin processing the 7001st record. Run 1, Event 94401, LumiSection 4945 at 26-Sep-2021 04:20:58.006 KST
26-Sep-2021 04:20:58 KST  Closed file file:/scratch/jykim/H_signal/GluGluToHToTauTau/00175829-B4F5-E311-B7C6-002481E0D6A6.root
26-Sep-2021 04:20:58 KST  Initiating request to open file file:/scratch/jykim/H_signal/GluGluToHToTauTau/54058370-E6F5-E311-839B-0025907DCA9C.root
26-Sep-2021 04:20:58 KST  Successfully opened file file:/scratch/jykim/H_signal/GluGluToHToTauTau/54058370-E6F5-E311-839B-0025907DCA9C.root
Begin processing the 8001st record. Run 1, Event 64201, LumiSection 643 at 26-Sep-2021 04:21:00.905 KST
Begin processing the 9001st record. Run 1, Event 79201, LumiSection 793 at 26-Sep-2021 04:21:02.874 KST
Begin processing the 10001st record. Run 1, Event 116801, LumiSection 1169 at 26-Sep-2021 04:21:04.746 KST
Begin processing the 11001st record. Run 1, Event 184001, LumiSection 3841 at 26-Sep-2021 04:21:06.615 KST
Begin processing the 12001st record. Run 1, Event 7801, LumiSection 4079 at 26-Sep-2021 04:21:08.471 KST
Begin processing the 13001st record. Run 1, Event 115201, LumiSection 3153 at 26-Sep-2021 04:21:10.370 KST
Begin processing the 14001st record. Run 1, Event 120001, LumiSection 3201 at 26-Sep-2021 04:21:12.270 KST
Begin processing the 15001st record. Run 1, Event 121201, LumiSection 3213 at 26-Sep-2021 04:21:14.205 KST
26-Sep-2021 04:21:14 KST  Closed file file:/scratch/jykim/H_signal/GluGluToHToTauTau/54058370-E6F5-E311-839B-0025907DCA9C.root
26-Sep-2021 04:21:14 KST  Initiating request to open file file:/scratch/jykim/H_signal/GluGluToHToTauTau/A68DCF03-D7F5-E311-8617-002590A2CD44.root
26-Sep-2021 04:21:14 KST  Successfully opened file file:/scratch/jykim/H_signal/GluGluToHToTauTau/A68DCF03-D7F5-E311-8617-002590A2CD44.root
Begin processing the 16001st record. Run 1, Event 1801, LumiSection 19 at 26-Sep-2021 04:21:16.950 KST
Begin processing the 17001st record. Run 1, Event 37601, LumiSection 377 at 26-Sep-2021 04:21:18.781 KST
Begin processing the 18001st record. Run 1, Event 95401, LumiSection 2955 at 26-Sep-2021 04:21:20.677 KST
Begin processing the 19001st record. Run 1, Event 47401, LumiSection 475 at 26-Sep-2021 04:21:22.533 KST
Begin processing the 20001st record. Run 1, Event 74401, LumiSection 2745 at 26-Sep-2021 04:21:24.432 KST
Begin processing the 21001st record. Run 1, Event 136001, LumiSection 1361 at 26-Sep-2021 04:21:26.394 KST
Begin processing the 22001st record. Run 1, Event 99801, LumiSection 2999 at 26-Sep-2021 04:21:28.323 KST
Begin processing the 23001st record. Run 1, Event 132601, LumiSection 3327 at 26-Sep-2021 04:21:30.229 KST
Begin processing the 24001st record. Run 1, Event 152401, LumiSection 3525 at 26-Sep-2021 04:21:32.224 KST
26-Sep-2021 04:21:34 KST  Closed file file:/scratch/jykim/H_signal/GluGluToHToTauTau/A68DCF03-D7F5-E311-8617-002590A2CD44.root
26-Sep-2021 04:21:34 KST  Initiating request to open file file:/scratch/jykim/H_signal/GluGluToHToTauTau/0207FA29-D4F5-E311-A67B-0025901D4B00.root
26-Sep-2021 04:21:34 KST  Successfully opened file file:/scratch/jykim/H_signal/GluGluToHToTauTau/0207FA29-D4F5-E311-A67B-0025901D4B00.root
Begin processing the 25001st record. Run 1, Event 12601, LumiSection 127 at 26-Sep-2021 04:21:35.025 KST
Begin processing the 26001st record. Run 1, Event 104201, LumiSection 3043 at 26-Sep-2021 04:21:36.904 KST
Begin processing the 27001st record. Run 1, Event 151801, LumiSection 1519 at 26-Sep-2021 04:21:38.746 KST
Begin processing the 28001st record. Run 1, Event 2201, LumiSection 2023 at 26-Sep-2021 04:21:40.586 KST
Begin processing the 29001st record. Run 1, Event 118801, LumiSection 1189 at 26-Sep-2021 04:21:42.398 KST
Begin processing the 30001st record. Run 1, Event 178601, LumiSection 3787 at 26-Sep-2021 04:21:44.265 KST
Begin processing the 31001st record. Run 1, Event 45401, LumiSection 4455 at 26-Sep-2021 04:21:46.118 KST
Begin processing the 32001st record. Run 1, Event 69001, LumiSection 4691 at 26-Sep-2021 04:21:47.992 KST
26-Sep-2021 04:21:49 KST  Closed file file:/scratch/jykim/H_signal/GluGluToHToTauTau/0207FA29-D4F5-E311-A67B-0025901D4B00.root
26-Sep-2021 04:21:49 KST  Initiating request to open file file:/scratch/jykim/H_signal/GluGluToHToTauTau/5687508D-CDF5-E311-9F9A-002590AC4C3E.root
26-Sep-2021 04:21:49 KST  Successfully opened file file:/scratch/jykim/H_signal/GluGluToHToTauTau/5687508D-CDF5-E311-9F9A-002590AC4C3E.root
Begin processing the 33001st record. Run 1, Event 34801, LumiSection 349 at 26-Sep-2021 04:21:50.679 KST
Begin processing the 34001st record. Run 1, Event 114201, LumiSection 3143 at 26-Sep-2021 04:21:52.516 KST
Begin processing the 35001st record. Run 1, Event 77401, LumiSection 775 at 26-Sep-2021 04:21:54.349 KST
Begin processing the 36001st record. Run 1, Event 84601, LumiSection 847 at 26-Sep-2021 04:21:56.188 KST
Begin processing the 37001st record. Run 1, Event 197401, LumiSection 3975 at 26-Sep-2021 04:21:57.999 KST
Begin processing the 38001st record. Run 1, Event 110601, LumiSection 3107 at 26-Sep-2021 04:21:59.858 KST
Begin processing the 39001st record. Run 1, Event 155801, LumiSection 3559 at 26-Sep-2021 04:22:01.670 KST
Begin processing the 40001st record. Run 1, Event 153201, LumiSection 3533 at 26-Sep-2021 04:22:03.494 KST
26-Sep-2021 04:22:05 KST  Closed file file:/scratch/jykim/H_signal/GluGluToHToTauTau/5687508D-CDF5-E311-9F9A-002590AC4C3E.root
26-Sep-2021 04:22:05 KST  Initiating request to open file file:/scratch/jykim/H_signal/GluGluToHToTauTau/A89A8E76-E6F5-E311-8AD6-0025907DCA9C.root
26-Sep-2021 04:22:05 KST  Successfully opened file file:/scratch/jykim/H_signal/GluGluToHToTauTau/A89A8E76-E6F5-E311-8AD6-0025907DCA9C.root
Begin processing the 41001st record. Run 1, Event 39401, LumiSection 395 at 26-Sep-2021 04:22:06.143 KST
Begin processing the 42001st record. Run 1, Event 65401, LumiSection 655 at 26-Sep-2021 04:22:08.057 KST
Begin processing the 43001st record. Run 1, Event 68601, LumiSection 687 at 26-Sep-2021 04:22:09.910 KST
Begin processing the 44001st record. Run 1, Event 137601, LumiSection 1377 at 26-Sep-2021 04:22:11.830 KST
Begin processing the 45001st record. Run 1, Event 90801, LumiSection 909 at 26-Sep-2021 04:22:13.766 KST
Begin processing the 46001st record. Run 1, Event 16601, LumiSection 4167 at 26-Sep-2021 04:22:15.680 KST
Begin processing the 47001st record. Run 1, Event 32201, LumiSection 4323 at 26-Sep-2021 04:22:17.628 KST
Begin processing the 48001st record. Run 1, Event 75201, LumiSection 4753 at 26-Sep-2021 04:22:19.614 KST
26-Sep-2021 04:22:21 KST  Closed file file:/scratch/jykim/H_signal/GluGluToHToTauTau/A89A8E76-E6F5-E311-8AD6-0025907DCA9C.root
26-Sep-2021 04:22:21 KST  Initiating request to open file file:/scratch/jykim/H_signal/GluGluToHToTauTau/08553187-E6F5-E311-A881-0025901D493C.root
26-Sep-2021 04:22:21 KST  Successfully opened file file:/scratch/jykim/H_signal/GluGluToHToTauTau/08553187-E6F5-E311-A881-0025901D493C.root
Begin processing the 49001st record. Run 1, Event 3401, LumiSection 35 at 26-Sep-2021 04:22:22.474 KST
26-Sep-2021 04:22:24 KST  Closed file file:/scratch/jykim/H_signal/GluGluToHToTauTau/08553187-E6F5-E311-A881-0025901D493C.root

=============================================

MessageLogger Summary

 type     category        sev    module        subroutine        count    total
 ---- -------------------- -- ---------------- ----------------  -----    -----
    1 fileAction           -s file_close                             7        7
    2 fileAction           -s file_open                             14       14

 type    category    Examples: run/evt        run/evt          run/evt
 ---- -------------------- ---------------- ---------------- ----------------
    1 fileAction           PostProcessEvent PostProcessEvent PostEndRun
    2 fileAction           pre-events       pre-events       PostProcessEvent

Severity    # Occurrences   Total Occurrences
--------    -------------   -----------------
System                 21                  21
