26-Sep-2021 08:02:27 KST  Initiating request to open file file:/scratch/jykim/H_signal/VBF_HToTauTau/004AF8CF-B8EF-E311-86E1-002590D0AF68.root
26-Sep-2021 08:02:29 KST  Successfully opened file file:/scratch/jykim/H_signal/VBF_HToTauTau/004AF8CF-B8EF-E311-86E1-002590D0AF68.root
Begin processing the 1st record. Run 1, Event 1801, LumiSection 19 at 26-Sep-2021 08:02:31.204 KST
Begin processing the 1001st record. Run 1, Event 13703, LumiSection 138 at 26-Sep-2021 08:02:33.225 KST
Begin processing the 2001st record. Run 1, Event 74904, LumiSection 750 at 26-Sep-2021 08:02:35.133 KST
Begin processing the 3001st record. Run 1, Event 81804, LumiSection 819 at 26-Sep-2021 08:02:37.036 KST
Begin processing the 4001st record. Run 1, Event 109705, LumiSection 1098 at 26-Sep-2021 08:02:39.012 KST
Begin processing the 5001st record. Run 1, Event 125607, LumiSection 1257 at 26-Sep-2021 08:02:40.961 KST
Begin processing the 6001st record. Run 1, Event 146707, LumiSection 1468 at 26-Sep-2021 08:02:42.946 KST
Begin processing the 7001st record. Run 1, Event 185408, LumiSection 1855 at 26-Sep-2021 08:02:44.981 KST
Begin processing the 8001st record. Run 1, Event 48908, LumiSection 2490 at 26-Sep-2021 08:02:47.001 KST
Begin processing the 9001st record. Run 1, Event 54508, LumiSection 2546 at 26-Sep-2021 08:02:49.039 KST
Begin processing the 10001st record. Run 1, Event 122308, LumiSection 3224 at 26-Sep-2021 08:02:51.100 KST
Begin processing the 11001st record. Run 1, Event 170009, LumiSection 3701 at 26-Sep-2021 08:02:53.155 KST
Begin processing the 12001st record. Run 1, Event 177011, LumiSection 3771 at 26-Sep-2021 08:02:55.224 KST
26-Sep-2021 08:02:57 KST  Closed file file:/scratch/jykim/H_signal/VBF_HToTauTau/004AF8CF-B8EF-E311-86E1-002590D0AF68.root
26-Sep-2021 08:02:57 KST  Initiating request to open file file:/scratch/jykim/H_signal/VBF_HToTauTau/044EE8D3-B2EF-E311-AC95-002590D0B016.root
26-Sep-2021 08:02:57 KST  Successfully opened file file:/scratch/jykim/H_signal/VBF_HToTauTau/044EE8D3-B2EF-E311-AC95-002590D0B016.root
Begin processing the 13001st record. Run 1, Event 913, LumiSection 10 at 26-Sep-2021 08:02:58.181 KST
Begin processing the 14001st record. Run 1, Event 5115, LumiSection 52 at 26-Sep-2021 08:03:00.040 KST
Begin processing the 15001st record. Run 1, Event 13918, LumiSection 140 at 26-Sep-2021 08:03:01.963 KST
Begin processing the 16001st record. Run 1, Event 29720, LumiSection 298 at 26-Sep-2021 08:03:03.912 KST
Begin processing the 17001st record. Run 1, Event 111620, LumiSection 1117 at 26-Sep-2021 08:03:05.813 KST
Begin processing the 18001st record. Run 1, Event 168321, LumiSection 1684 at 26-Sep-2021 08:03:07.769 KST
Begin processing the 19001st record. Run 1, Event 44725, LumiSection 2448 at 26-Sep-2021 08:03:09.742 KST
Begin processing the 20001st record. Run 1, Event 184925, LumiSection 3850 at 26-Sep-2021 08:03:11.705 KST
Begin processing the 21001st record. Run 1, Event 174828, LumiSection 3749 at 26-Sep-2021 08:03:13.788 KST
26-Sep-2021 08:03:15 KST  Closed file file:/scratch/jykim/H_signal/VBF_HToTauTau/044EE8D3-B2EF-E311-AC95-002590D0B016.root
26-Sep-2021 08:03:15 KST  Initiating request to open file file:/scratch/jykim/H_signal/VBF_HToTauTau/0875723E-C0EF-E311-9A27-002590D0AFCC.root
26-Sep-2021 08:03:15 KST  Successfully opened file file:/scratch/jykim/H_signal/VBF_HToTauTau/0875723E-C0EF-E311-9A27-002590D0AFCC.root
Begin processing the 22001st record. Run 1, Event 3428, LumiSection 35 at 26-Sep-2021 08:03:16.616 KST
Begin processing the 23001st record. Run 1, Event 62534, LumiSection 626 at 26-Sep-2021 08:03:18.487 KST
Begin processing the 24001st record. Run 1, Event 161634, LumiSection 1617 at 26-Sep-2021 08:03:20.428 KST
Begin processing the 25001st record. Run 1, Event 188137, LumiSection 1882 at 26-Sep-2021 08:03:22.311 KST
Begin processing the 26001st record. Run 1, Event 67837, LumiSection 2679 at 26-Sep-2021 08:03:24.256 KST
Begin processing the 27001st record. Run 1, Event 126438, LumiSection 3265 at 26-Sep-2021 08:03:26.220 KST
Begin processing the 28001st record. Run 1, Event 110140, LumiSection 3102 at 26-Sep-2021 08:03:28.176 KST
26-Sep-2021 08:03:29 KST  Closed file file:/scratch/jykim/H_signal/VBF_HToTauTau/0875723E-C0EF-E311-9A27-002590D0AFCC.root
26-Sep-2021 08:03:29 KST  Initiating request to open file file:/scratch/jykim/H_signal/VBF_HToTauTau/0AB55653-62EF-E311-8CE0-002590D0AFB8.root
26-Sep-2021 08:03:29 KST  Successfully opened file file:/scratch/jykim/H_signal/VBF_HToTauTau/0AB55653-62EF-E311-8CE0-002590D0AFB8.root
Begin processing the 29001st record. Run 1, Event 12440, LumiSection 125 at 26-Sep-2021 08:03:30.994 KST
Begin processing the 30001st record. Run 1, Event 96242, LumiSection 963 at 26-Sep-2021 08:03:32.851 KST
Begin processing the 31001st record. Run 1, Event 109343, LumiSection 3094 at 26-Sep-2021 08:03:34.739 KST
Begin processing the 32001st record. Run 1, Event 79644, LumiSection 2797 at 26-Sep-2021 08:03:36.622 KST
Begin processing the 33001st record. Run 1, Event 64045, LumiSection 2641 at 26-Sep-2021 08:03:38.524 KST
Begin processing the 34001st record. Run 1, Event 133747, LumiSection 3338 at 26-Sep-2021 08:03:40.464 KST
Begin processing the 35001st record. Run 1, Event 146550, LumiSection 3466 at 26-Sep-2021 08:03:42.439 KST
Begin processing the 36001st record. Run 1, Event 19252, LumiSection 4193 at 26-Sep-2021 08:03:44.432 KST
Begin processing the 37001st record. Run 1, Event 71153, LumiSection 4712 at 26-Sep-2021 08:03:46.471 KST
26-Sep-2021 08:03:47 KST  Closed file file:/scratch/jykim/H_signal/VBF_HToTauTau/0AB55653-62EF-E311-8CE0-002590D0AFB8.root
26-Sep-2021 08:03:47 KST  Initiating request to open file file:/scratch/jykim/H_signal/VBF_HToTauTau/0E4D8384-72EF-E311-9D63-002590D0AFAE.root
26-Sep-2021 08:03:47 KST  Successfully opened file file:/scratch/jykim/H_signal/VBF_HToTauTau/0E4D8384-72EF-E311-9D63-002590D0AFAE.root
Begin processing the 38001st record. Run 1, Event 43554, LumiSection 436 at 26-Sep-2021 08:03:49.237 KST
Begin processing the 39001st record. Run 1, Event 59058, LumiSection 591 at 26-Sep-2021 08:03:51.136 KST
Begin processing the 40001st record. Run 1, Event 102362, LumiSection 1024 at 26-Sep-2021 08:03:53.046 KST
Begin processing the 41001st record. Run 1, Event 166064, LumiSection 1661 at 26-Sep-2021 08:03:54.967 KST
Begin processing the 42001st record. Run 1, Event 90566, LumiSection 2906 at 26-Sep-2021 08:03:56.919 KST
Begin processing the 43001st record. Run 1, Event 23066, LumiSection 2231 at 26-Sep-2021 08:03:58.851 KST
Begin processing the 44001st record. Run 1, Event 94368, LumiSection 2944 at 26-Sep-2021 08:04:00.832 KST
Begin processing the 45001st record. Run 1, Event 49170, LumiSection 4492 at 26-Sep-2021 08:04:02.860 KST
26-Sep-2021 08:04:04 KST  Closed file file:/scratch/jykim/H_signal/VBF_HToTauTau/0E4D8384-72EF-E311-9D63-002590D0AFAE.root
26-Sep-2021 08:04:04 KST  Initiating request to open file file:/scratch/jykim/H_signal/VBF_HToTauTau/1C8E5666-6EEF-E311-8B17-90E6BA19A248.root
26-Sep-2021 08:04:04 KST  Successfully opened file file:/scratch/jykim/H_signal/VBF_HToTauTau/1C8E5666-6EEF-E311-8B17-90E6BA19A248.root
Begin processing the 46001st record. Run 1, Event 71170, LumiSection 712 at 26-Sep-2021 08:04:05.744 KST
Begin processing the 47001st record. Run 1, Event 129372, LumiSection 1294 at 26-Sep-2021 08:04:07.618 KST
Begin processing the 48001st record. Run 1, Event 29674, LumiSection 2297 at 26-Sep-2021 08:04:09.498 KST
Begin processing the 49001st record. Run 1, Event 69677, LumiSection 2697 at 26-Sep-2021 08:04:11.395 KST
26-Sep-2021 08:04:13 KST  Closed file file:/scratch/jykim/H_signal/VBF_HToTauTau/1C8E5666-6EEF-E311-8B17-90E6BA19A248.root

=============================================

MessageLogger Summary

 type     category        sev    module        subroutine        count    total
 ---- -------------------- -- ---------------- ----------------  -----    -----
    1 fileAction           -s file_close                             6        6
    2 fileAction           -s file_open                             12       12

 type    category    Examples: run/evt        run/evt          run/evt
 ---- -------------------- ---------------- ---------------- ----------------
    1 fileAction           PostProcessEvent PostProcessEvent PostEndRun
    2 fileAction           pre-events       pre-events       PostProcessEvent

Severity    # Occurrences   Total Occurrences
--------    -------------   -----------------
System                 18                  18
