26-Sep-2021 03:41:02 KST  Initiating request to open file file:/scratch/jykim/H_signal/GluGluToHToTauTau/00175829-B4F5-E311-B7C6-002481E0D6A6.root
26-Sep-2021 03:41:04 KST  Successfully opened file file:/scratch/jykim/H_signal/GluGluToHToTauTau/00175829-B4F5-E311-B7C6-002481E0D6A6.root
Begin processing the 1st record. Run 1, Event 198601, LumiSection 1987 at 26-Sep-2021 03:41:06.196 KST
Begin processing the 1001st record. Run 1, Event 19001, LumiSection 4191 at 26-Sep-2021 03:41:08.158 KST
Begin processing the 2001st record. Run 1, Event 153401, LumiSection 3535 at 26-Sep-2021 03:41:09.977 KST
Begin processing the 3001st record. Run 1, Event 158601, LumiSection 3587 at 26-Sep-2021 03:41:11.859 KST
Begin processing the 4001st record. Run 1, Event 168201, LumiSection 3683 at 26-Sep-2021 03:41:13.745 KST
Begin processing the 5001st record. Run 1, Event 91801, LumiSection 4919 at 26-Sep-2021 03:41:15.642 KST
Begin processing the 6001st record. Run 1, Event 91201, LumiSection 4913 at 26-Sep-2021 03:41:17.569 KST
Begin processing the 7001st record. Run 1, Event 94401, LumiSection 4945 at 26-Sep-2021 03:41:19.493 KST
26-Sep-2021 03:41:20 KST  Closed file file:/scratch/jykim/H_signal/GluGluToHToTauTau/00175829-B4F5-E311-B7C6-002481E0D6A6.root
26-Sep-2021 03:41:20 KST  Initiating request to open file file:/scratch/jykim/H_signal/GluGluToHToTauTau/54058370-E6F5-E311-839B-0025907DCA9C.root
26-Sep-2021 03:41:20 KST  Successfully opened file file:/scratch/jykim/H_signal/GluGluToHToTauTau/54058370-E6F5-E311-839B-0025907DCA9C.root
Begin processing the 8001st record. Run 1, Event 64201, LumiSection 643 at 26-Sep-2021 03:41:22.267 KST
Begin processing the 9001st record. Run 1, Event 79201, LumiSection 793 at 26-Sep-2021 03:41:24.090 KST
Begin processing the 10001st record. Run 1, Event 116801, LumiSection 1169 at 26-Sep-2021 03:41:25.959 KST
Begin processing the 11001st record. Run 1, Event 184001, LumiSection 3841 at 26-Sep-2021 03:41:27.863 KST
Begin processing the 12001st record. Run 1, Event 7801, LumiSection 4079 at 26-Sep-2021 03:41:29.723 KST
Begin processing the 13001st record. Run 1, Event 115201, LumiSection 3153 at 26-Sep-2021 03:41:31.628 KST
Begin processing the 14001st record. Run 1, Event 120001, LumiSection 3201 at 26-Sep-2021 03:41:33.538 KST
Begin processing the 15001st record. Run 1, Event 121201, LumiSection 3213 at 26-Sep-2021 03:41:35.488 KST
26-Sep-2021 03:41:36 KST  Closed file file:/scratch/jykim/H_signal/GluGluToHToTauTau/54058370-E6F5-E311-839B-0025907DCA9C.root
26-Sep-2021 03:41:36 KST  Initiating request to open file file:/scratch/jykim/H_signal/GluGluToHToTauTau/A68DCF03-D7F5-E311-8617-002590A2CD44.root
26-Sep-2021 03:41:36 KST  Successfully opened file file:/scratch/jykim/H_signal/GluGluToHToTauTau/A68DCF03-D7F5-E311-8617-002590A2CD44.root
Begin processing the 16001st record. Run 1, Event 1801, LumiSection 19 at 26-Sep-2021 03:41:38.247 KST
Begin processing the 17001st record. Run 1, Event 37601, LumiSection 377 at 26-Sep-2021 03:41:40.088 KST
Begin processing the 18001st record. Run 1, Event 95401, LumiSection 2955 at 26-Sep-2021 03:41:41.982 KST
Begin processing the 19001st record. Run 1, Event 47401, LumiSection 475 at 26-Sep-2021 03:41:43.843 KST
Begin processing the 20001st record. Run 1, Event 74401, LumiSection 2745 at 26-Sep-2021 03:41:45.751 KST
Begin processing the 21001st record. Run 1, Event 136001, LumiSection 1361 at 26-Sep-2021 03:41:47.722 KST
Begin processing the 22001st record. Run 1, Event 99801, LumiSection 2999 at 26-Sep-2021 03:41:49.660 KST
Begin processing the 23001st record. Run 1, Event 132601, LumiSection 3327 at 26-Sep-2021 03:41:51.584 KST
Begin processing the 24001st record. Run 1, Event 152401, LumiSection 3525 at 26-Sep-2021 03:41:53.591 KST
26-Sep-2021 03:41:55 KST  Closed file file:/scratch/jykim/H_signal/GluGluToHToTauTau/A68DCF03-D7F5-E311-8617-002590A2CD44.root
26-Sep-2021 03:41:55 KST  Initiating request to open file file:/scratch/jykim/H_signal/GluGluToHToTauTau/0207FA29-D4F5-E311-A67B-0025901D4B00.root
26-Sep-2021 03:41:55 KST  Successfully opened file file:/scratch/jykim/H_signal/GluGluToHToTauTau/0207FA29-D4F5-E311-A67B-0025901D4B00.root
Begin processing the 25001st record. Run 1, Event 12601, LumiSection 127 at 26-Sep-2021 03:41:56.404 KST
Begin processing the 26001st record. Run 1, Event 104201, LumiSection 3043 at 26-Sep-2021 03:41:58.289 KST
Begin processing the 27001st record. Run 1, Event 151801, LumiSection 1519 at 26-Sep-2021 03:42:00.131 KST
Begin processing the 28001st record. Run 1, Event 2201, LumiSection 2023 at 26-Sep-2021 03:42:01.976 KST
Begin processing the 29001st record. Run 1, Event 118801, LumiSection 1189 at 26-Sep-2021 03:42:03.793 KST
Begin processing the 30001st record. Run 1, Event 178601, LumiSection 3787 at 26-Sep-2021 03:42:05.658 KST
Begin processing the 31001st record. Run 1, Event 45401, LumiSection 4455 at 26-Sep-2021 03:42:07.516 KST
Begin processing the 32001st record. Run 1, Event 69001, LumiSection 4691 at 26-Sep-2021 03:42:09.397 KST
26-Sep-2021 03:42:11 KST  Closed file file:/scratch/jykim/H_signal/GluGluToHToTauTau/0207FA29-D4F5-E311-A67B-0025901D4B00.root
26-Sep-2021 03:42:11 KST  Initiating request to open file file:/scratch/jykim/H_signal/GluGluToHToTauTau/5687508D-CDF5-E311-9F9A-002590AC4C3E.root
26-Sep-2021 03:42:11 KST  Successfully opened file file:/scratch/jykim/H_signal/GluGluToHToTauTau/5687508D-CDF5-E311-9F9A-002590AC4C3E.root
Begin processing the 33001st record. Run 1, Event 34801, LumiSection 349 at 26-Sep-2021 03:42:12.088 KST
Begin processing the 34001st record. Run 1, Event 114201, LumiSection 3143 at 26-Sep-2021 03:42:13.936 KST
Begin processing the 35001st record. Run 1, Event 77401, LumiSection 775 at 26-Sep-2021 03:42:15.788 KST
Begin processing the 36001st record. Run 1, Event 84601, LumiSection 847 at 26-Sep-2021 03:42:17.656 KST
Begin processing the 37001st record. Run 1, Event 197401, LumiSection 3975 at 26-Sep-2021 03:42:19.494 KST
Begin processing the 38001st record. Run 1, Event 110601, LumiSection 3107 at 26-Sep-2021 03:42:21.382 KST
Begin processing the 39001st record. Run 1, Event 155801, LumiSection 3559 at 26-Sep-2021 03:42:23.216 KST
Begin processing the 40001st record. Run 1, Event 153201, LumiSection 3533 at 26-Sep-2021 03:42:25.060 KST
26-Sep-2021 03:42:26 KST  Closed file file:/scratch/jykim/H_signal/GluGluToHToTauTau/5687508D-CDF5-E311-9F9A-002590AC4C3E.root
26-Sep-2021 03:42:26 KST  Initiating request to open file file:/scratch/jykim/H_signal/GluGluToHToTauTau/A89A8E76-E6F5-E311-8AD6-0025907DCA9C.root
26-Sep-2021 03:42:26 KST  Successfully opened file file:/scratch/jykim/H_signal/GluGluToHToTauTau/A89A8E76-E6F5-E311-8AD6-0025907DCA9C.root
Begin processing the 41001st record. Run 1, Event 39401, LumiSection 395 at 26-Sep-2021 03:42:27.759 KST
Begin processing the 42001st record. Run 1, Event 65401, LumiSection 655 at 26-Sep-2021 03:42:29.683 KST
Begin processing the 43001st record. Run 1, Event 68601, LumiSection 687 at 26-Sep-2021 03:42:31.534 KST
Begin processing the 44001st record. Run 1, Event 137601, LumiSection 1377 at 26-Sep-2021 03:42:33.456 KST
Begin processing the 45001st record. Run 1, Event 90801, LumiSection 909 at 26-Sep-2021 03:42:35.390 KST
Begin processing the 46001st record. Run 1, Event 16601, LumiSection 4167 at 26-Sep-2021 03:42:37.329 KST
Begin processing the 47001st record. Run 1, Event 32201, LumiSection 4323 at 26-Sep-2021 03:42:39.288 KST
Begin processing the 48001st record. Run 1, Event 75201, LumiSection 4753 at 26-Sep-2021 03:42:41.286 KST
26-Sep-2021 03:42:43 KST  Closed file file:/scratch/jykim/H_signal/GluGluToHToTauTau/A89A8E76-E6F5-E311-8AD6-0025907DCA9C.root
26-Sep-2021 03:42:43 KST  Initiating request to open file file:/scratch/jykim/H_signal/GluGluToHToTauTau/08553187-E6F5-E311-A881-0025901D493C.root
26-Sep-2021 03:42:43 KST  Successfully opened file file:/scratch/jykim/H_signal/GluGluToHToTauTau/08553187-E6F5-E311-A881-0025901D493C.root
Begin processing the 49001st record. Run 1, Event 3401, LumiSection 35 at 26-Sep-2021 03:42:44.158 KST
Begin processing the 50001st record. Run 1, Event 8802, LumiSection 89 at 26-Sep-2021 03:42:45.996 KST
Begin processing the 51001st record. Run 1, Event 44602, LumiSection 447 at 26-Sep-2021 03:42:47.875 KST
Begin processing the 52001st record. Run 1, Event 198002, LumiSection 3981 at 26-Sep-2021 03:42:49.776 KST
Begin processing the 53001st record. Run 1, Event 60202, LumiSection 603 at 26-Sep-2021 03:42:51.690 KST
Begin processing the 54001st record. Run 1, Event 61602, LumiSection 617 at 26-Sep-2021 03:42:53.636 KST
Begin processing the 55001st record. Run 1, Event 67603, LumiSection 677 at 26-Sep-2021 03:42:55.576 KST
Begin processing the 56001st record. Run 1, Event 128803, LumiSection 1289 at 26-Sep-2021 03:42:57.536 KST
Begin processing the 57001st record. Run 1, Event 12403, LumiSection 2125 at 26-Sep-2021 03:42:59.528 KST
Begin processing the 58001st record. Run 1, Event 180003, LumiSection 3801 at 26-Sep-2021 03:43:01.536 KST
Begin processing the 59001st record. Run 1, Event 100003, LumiSection 3001 at 26-Sep-2021 03:43:03.600 KST
Begin processing the 60001st record. Run 1, Event 110203, LumiSection 3103 at 26-Sep-2021 03:43:05.665 KST
26-Sep-2021 03:43:06 KST  Closed file file:/scratch/jykim/H_signal/GluGluToHToTauTau/08553187-E6F5-E311-A881-0025901D493C.root
26-Sep-2021 03:43:06 KST  Initiating request to open file file:/scratch/jykim/H_signal/GluGluToHToTauTau/5C8C56A8-C9F5-E311-92FC-002590AC5074.root
26-Sep-2021 03:43:06 KST  Successfully opened file file:/scratch/jykim/H_signal/GluGluToHToTauTau/5C8C56A8-C9F5-E311-92FC-002590AC5074.root
Begin processing the 61001st record. Run 1, Event 19403, LumiSection 195 at 26-Sep-2021 03:43:08.397 KST
Begin processing the 62001st record. Run 1, Event 160403, LumiSection 3605 at 26-Sep-2021 03:43:10.287 KST
Begin processing the 63001st record. Run 1, Event 146403, LumiSection 3465 at 26-Sep-2021 03:43:12.183 KST
Begin processing the 64001st record. Run 1, Event 5403, LumiSection 4055 at 26-Sep-2021 03:43:14.095 KST
Begin processing the 65001st record. Run 1, Event 32603, LumiSection 4327 at 26-Sep-2021 03:43:16.063 KST
Begin processing the 66001st record. Run 1, Event 37603, LumiSection 4377 at 26-Sep-2021 03:43:18.048 KST
Begin processing the 67001st record. Run 1, Event 55603, LumiSection 4557 at 26-Sep-2021 03:43:20.045 KST
26-Sep-2021 03:43:20 KST  Closed file file:/scratch/jykim/H_signal/GluGluToHToTauTau/5C8C56A8-C9F5-E311-92FC-002590AC5074.root
26-Sep-2021 03:43:20 KST  Initiating request to open file file:/scratch/jykim/H_signal/GluGluToHToTauTau/AA869F8E-D4F5-E311-A574-002590DB924E.root
26-Sep-2021 03:43:20 KST  Successfully opened file file:/scratch/jykim/H_signal/GluGluToHToTauTau/AA869F8E-D4F5-E311-A574-002590DB924E.root
Begin processing the 68001st record. Run 1, Event 67203, LumiSection 673 at 26-Sep-2021 03:43:22.832 KST
Begin processing the 69001st record. Run 1, Event 93403, LumiSection 935 at 26-Sep-2021 03:43:24.698 KST
Begin processing the 70001st record. Run 1, Event 179803, LumiSection 3799 at 26-Sep-2021 03:43:26.562 KST
Begin processing the 71001st record. Run 1, Event 117403, LumiSection 1175 at 26-Sep-2021 03:43:28.458 KST
Begin processing the 72001st record. Run 1, Event 58003, LumiSection 581 at 26-Sep-2021 03:43:30.393 KST
Begin processing the 73001st record. Run 1, Event 72203, LumiSection 723 at 26-Sep-2021 03:43:32.313 KST
Begin processing the 74001st record. Run 1, Event 73403, LumiSection 735 at 26-Sep-2021 03:43:34.275 KST
Begin processing the 75001st record. Run 1, Event 75203, LumiSection 753 at 26-Sep-2021 03:43:36.219 KST
Begin processing the 76001st record. Run 1, Event 140403, LumiSection 3405 at 26-Sep-2021 03:43:38.214 KST
Begin processing the 77001st record. Run 1, Event 84603, LumiSection 4847 at 26-Sep-2021 03:43:40.209 KST
Begin processing the 78001st record. Run 1, Event 87003, LumiSection 4871 at 26-Sep-2021 03:43:42.229 KST
26-Sep-2021 03:43:42 KST  Closed file file:/scratch/jykim/H_signal/GluGluToHToTauTau/AA869F8E-D4F5-E311-A574-002590DB924E.root
26-Sep-2021 03:43:42 KST  Initiating request to open file file:/scratch/jykim/H_signal/GluGluToHToTauTau/0A38B332-C5F5-E311-B805-003048F30422.root
26-Sep-2021 03:43:43 KST  Successfully opened file file:/scratch/jykim/H_signal/GluGluToHToTauTau/0A38B332-C5F5-E311-B805-003048F30422.root
Begin processing the 79001st record. Run 1, Event 99003, LumiSection 991 at 26-Sep-2021 03:43:44.944 KST
Begin processing the 80001st record. Run 1, Event 90003, LumiSection 901 at 26-Sep-2021 03:43:46.788 KST
Begin processing the 81001st record. Run 1, Event 112203, LumiSection 1123 at 26-Sep-2021 03:43:48.637 KST
Begin processing the 82001st record. Run 1, Event 105003, LumiSection 3051 at 26-Sep-2021 03:43:50.515 KST
Begin processing the 83001st record. Run 1, Event 137603, LumiSection 3377 at 26-Sep-2021 03:43:52.447 KST
Begin processing the 84001st record. Run 1, Event 46203, LumiSection 4463 at 26-Sep-2021 03:43:54.342 KST
Begin processing the 85001st record. Run 1, Event 66603, LumiSection 4667 at 26-Sep-2021 03:43:56.272 KST
26-Sep-2021 03:43:57 KST  Closed file file:/scratch/jykim/H_signal/GluGluToHToTauTau/0A38B332-C5F5-E311-B805-003048F30422.root
26-Sep-2021 03:43:57 KST  Initiating request to open file file:/scratch/jykim/H_signal/GluGluToHToTauTau/6494727A-D5F5-E311-9462-002590DB9278.root
26-Sep-2021 03:43:57 KST  Successfully opened file file:/scratch/jykim/H_signal/GluGluToHToTauTau/6494727A-D5F5-E311-9462-002590DB9278.root
Begin processing the 86001st record. Run 1, Event 171404, LumiSection 3715 at 26-Sep-2021 03:43:59.093 KST
Begin processing the 87001st record. Run 1, Event 180205, LumiSection 3803 at 26-Sep-2021 03:44:00.939 KST
Begin processing the 88001st record. Run 1, Event 185005, LumiSection 3851 at 26-Sep-2021 03:44:02.873 KST
Begin processing the 89001st record. Run 1, Event 21005, LumiSection 4211 at 26-Sep-2021 03:44:04.786 KST
Begin processing the 90001st record. Run 1, Event 40005, LumiSection 4401 at 26-Sep-2021 03:44:06.773 KST
Begin processing the 91001st record. Run 1, Event 51205, LumiSection 4513 at 26-Sep-2021 03:44:08.739 KST
Begin processing the 92001st record. Run 1, Event 70805, LumiSection 4709 at 26-Sep-2021 03:44:10.728 KST
Begin processing the 93001st record. Run 1, Event 71805, LumiSection 4719 at 26-Sep-2021 03:44:12.726 KST
Begin processing the 94001st record. Run 1, Event 82405, LumiSection 4825 at 26-Sep-2021 03:44:14.779 KST
26-Sep-2021 03:44:16 KST  Closed file file:/scratch/jykim/H_signal/GluGluToHToTauTau/6494727A-D5F5-E311-9462-002590DB9278.root
26-Sep-2021 03:44:16 KST  Initiating request to open file file:/scratch/jykim/H_signal/GluGluToHToTauTau/AEAE8258-B5F5-E311-BE7F-002590AC4B5C.root
26-Sep-2021 03:44:16 KST  Successfully opened file file:/scratch/jykim/H_signal/GluGluToHToTauTau/AEAE8258-B5F5-E311-BE7F-002590AC4B5C.root
Begin processing the 95001st record. Run 1, Event 137205, LumiSection 3373 at 26-Sep-2021 03:44:17.607 KST
Begin processing the 96001st record. Run 1, Event 173605, LumiSection 1737 at 26-Sep-2021 03:44:19.437 KST
Begin processing the 97001st record. Run 1, Event 134005, LumiSection 3341 at 26-Sep-2021 03:44:21.308 KST
Begin processing the 98001st record. Run 1, Event 92205, LumiSection 4923 at 26-Sep-2021 03:44:23.168 KST
Begin processing the 99001st record. Run 1, Event 177205, LumiSection 3773 at 26-Sep-2021 03:44:25.092 KST
26-Sep-2021 03:44:27 KST  Closed file file:/scratch/jykim/H_signal/GluGluToHToTauTau/AEAE8258-B5F5-E311-BE7F-002590AC4B5C.root

=============================================

MessageLogger Summary

 type     category        sev    module        subroutine        count    total
 ---- -------------------- -- ---------------- ----------------  -----    -----
    1 fileAction           -s file_close                            12       12
    2 fileAction           -s file_open                             24       24

 type    category    Examples: run/evt        run/evt          run/evt
 ---- -------------------- ---------------- ---------------- ----------------
    1 fileAction           PostProcessEvent PostProcessEvent PostEndRun
    2 fileAction           pre-events       pre-events       PostProcessEvent

Severity    # Occurrences   Total Occurrences
--------    -------------   -----------------
System                 36                  36
