09-Sep-2021 07:27:20 KST  Initiating request to open file file:/scratch/jykim/H_signal/GluGluToHToTauTau/00175829-B4F5-E311-B7C6-002481E0D6A6.root
09-Sep-2021 07:27:22 KST  Successfully opened file file:/scratch/jykim/H_signal/GluGluToHToTauTau/00175829-B4F5-E311-B7C6-002481E0D6A6.root
Begin processing the 1st record. Run 1, Event 198601, LumiSection 1987 at 09-Sep-2021 07:27:24.254 KST
Begin processing the 1001st record. Run 1, Event 19001, LumiSection 4191 at 09-Sep-2021 07:27:27.466 KST
Begin processing the 2001st record. Run 1, Event 153401, LumiSection 3535 at 09-Sep-2021 07:27:30.375 KST
Begin processing the 3001st record. Run 1, Event 158601, LumiSection 3587 at 09-Sep-2021 07:27:33.394 KST
Begin processing the 4001st record. Run 1, Event 168201, LumiSection 3683 at 09-Sep-2021 07:27:36.455 KST
Begin processing the 5001st record. Run 1, Event 91801, LumiSection 4919 at 09-Sep-2021 07:27:39.567 KST
Begin processing the 6001st record. Run 1, Event 91201, LumiSection 4913 at 09-Sep-2021 07:27:42.531 KST
Begin processing the 7001st record. Run 1, Event 94401, LumiSection 4945 at 09-Sep-2021 07:27:45.587 KST
09-Sep-2021 07:27:46 KST  Closed file file:/scratch/jykim/H_signal/GluGluToHToTauTau/00175829-B4F5-E311-B7C6-002481E0D6A6.root
09-Sep-2021 07:27:46 KST  Initiating request to open file file:/scratch/jykim/H_signal/GluGluToHToTauTau/54058370-E6F5-E311-839B-0025907DCA9C.root
09-Sep-2021 07:27:46 KST  Successfully opened file file:/scratch/jykim/H_signal/GluGluToHToTauTau/54058370-E6F5-E311-839B-0025907DCA9C.root
Begin processing the 8001st record. Run 1, Event 64201, LumiSection 643 at 09-Sep-2021 07:27:49.473 KST
Begin processing the 9001st record. Run 1, Event 79201, LumiSection 793 at 09-Sep-2021 07:27:52.348 KST
Begin processing the 10001st record. Run 1, Event 116801, LumiSection 1169 at 09-Sep-2021 07:27:55.477 KST
Begin processing the 11001st record. Run 1, Event 184001, LumiSection 3841 at 09-Sep-2021 07:27:58.624 KST
Begin processing the 12001st record. Run 1, Event 7801, LumiSection 4079 at 09-Sep-2021 07:28:01.523 KST
Begin processing the 13001st record. Run 1, Event 115201, LumiSection 3153 at 09-Sep-2021 07:28:04.592 KST
Begin processing the 14001st record. Run 1, Event 120001, LumiSection 3201 at 09-Sep-2021 07:28:07.656 KST
Begin processing the 15001st record. Run 1, Event 121201, LumiSection 3213 at 09-Sep-2021 07:28:11.015 KST
09-Sep-2021 07:28:12 KST  Closed file file:/scratch/jykim/H_signal/GluGluToHToTauTau/54058370-E6F5-E311-839B-0025907DCA9C.root
09-Sep-2021 07:28:12 KST  Initiating request to open file file:/scratch/jykim/H_signal/GluGluToHToTauTau/A68DCF03-D7F5-E311-8617-002590A2CD44.root
09-Sep-2021 07:28:12 KST  Successfully opened file file:/scratch/jykim/H_signal/GluGluToHToTauTau/A68DCF03-D7F5-E311-8617-002590A2CD44.root
Begin processing the 16001st record. Run 1, Event 1801, LumiSection 19 at 09-Sep-2021 07:28:14.761 KST
Begin processing the 17001st record. Run 1, Event 37601, LumiSection 377 at 09-Sep-2021 07:28:17.893 KST
Begin processing the 18001st record. Run 1, Event 95401, LumiSection 2955 at 09-Sep-2021 07:28:21.092 KST
Begin processing the 19001st record. Run 1, Event 47401, LumiSection 475 at 09-Sep-2021 07:28:24.167 KST
Begin processing the 20001st record. Run 1, Event 74401, LumiSection 2745 at 09-Sep-2021 07:28:27.354 KST
Begin processing the 21001st record. Run 1, Event 136001, LumiSection 1361 at 09-Sep-2021 07:28:30.664 KST
Begin processing the 22001st record. Run 1, Event 99801, LumiSection 2999 at 09-Sep-2021 07:28:33.816 KST
Begin processing the 23001st record. Run 1, Event 132601, LumiSection 3327 at 09-Sep-2021 07:28:36.953 KST
Begin processing the 24001st record. Run 1, Event 152401, LumiSection 3525 at 09-Sep-2021 07:28:40.385 KST
09-Sep-2021 07:28:43 KST  Closed file file:/scratch/jykim/H_signal/GluGluToHToTauTau/A68DCF03-D7F5-E311-8617-002590A2CD44.root
09-Sep-2021 07:28:43 KST  Initiating request to open file file:/scratch/jykim/H_signal/GluGluToHToTauTau/0207FA29-D4F5-E311-A67B-0025901D4B00.root
09-Sep-2021 07:28:43 KST  Successfully opened file file:/scratch/jykim/H_signal/GluGluToHToTauTau/0207FA29-D4F5-E311-A67B-0025901D4B00.root
Begin processing the 25001st record. Run 1, Event 12601, LumiSection 127 at 09-Sep-2021 07:28:44.343 KST
Begin processing the 26001st record. Run 1, Event 104201, LumiSection 3043 at 09-Sep-2021 07:28:47.599 KST
Begin processing the 27001st record. Run 1, Event 151801, LumiSection 1519 at 09-Sep-2021 07:28:50.451 KST
Begin processing the 28001st record. Run 1, Event 2201, LumiSection 2023 at 09-Sep-2021 07:28:53.381 KST
Begin processing the 29001st record. Run 1, Event 118801, LumiSection 1189 at 09-Sep-2021 07:28:56.233 KST
Begin processing the 30001st record. Run 1, Event 178601, LumiSection 3787 at 09-Sep-2021 07:28:59.166 KST
Begin processing the 31001st record. Run 1, Event 45401, LumiSection 4455 at 09-Sep-2021 07:29:02.143 KST
Begin processing the 32001st record. Run 1, Event 69001, LumiSection 4691 at 09-Sep-2021 07:29:05.182 KST
09-Sep-2021 07:29:08 KST  Closed file file:/scratch/jykim/H_signal/GluGluToHToTauTau/0207FA29-D4F5-E311-A67B-0025901D4B00.root
09-Sep-2021 07:29:08 KST  Initiating request to open file file:/scratch/jykim/H_signal/GluGluToHToTauTau/5687508D-CDF5-E311-9F9A-002590AC4C3E.root
09-Sep-2021 07:29:08 KST  Successfully opened file file:/scratch/jykim/H_signal/GluGluToHToTauTau/5687508D-CDF5-E311-9F9A-002590AC4C3E.root
Begin processing the 33001st record. Run 1, Event 34801, LumiSection 349 at 09-Sep-2021 07:29:08.849 KST
Begin processing the 34001st record. Run 1, Event 114201, LumiSection 3143 at 09-Sep-2021 07:29:11.971 KST
Begin processing the 35001st record. Run 1, Event 77401, LumiSection 775 at 09-Sep-2021 07:29:15.037 KST
Begin processing the 36001st record. Run 1, Event 84601, LumiSection 847 at 09-Sep-2021 07:29:18.041 KST
Begin processing the 37001st record. Run 1, Event 197401, LumiSection 3975 at 09-Sep-2021 07:29:20.882 KST
Begin processing the 38001st record. Run 1, Event 110601, LumiSection 3107 at 09-Sep-2021 07:29:24.036 KST
Begin processing the 39001st record. Run 1, Event 155801, LumiSection 3559 at 09-Sep-2021 07:29:27.030 KST
Begin processing the 40001st record. Run 1, Event 153201, LumiSection 3533 at 09-Sep-2021 07:29:29.793 KST
09-Sep-2021 07:29:32 KST  Closed file file:/scratch/jykim/H_signal/GluGluToHToTauTau/5687508D-CDF5-E311-9F9A-002590AC4C3E.root
09-Sep-2021 07:29:32 KST  Initiating request to open file file:/scratch/jykim/H_signal/GluGluToHToTauTau/A89A8E76-E6F5-E311-8AD6-0025907DCA9C.root
09-Sep-2021 07:29:32 KST  Successfully opened file file:/scratch/jykim/H_signal/GluGluToHToTauTau/A89A8E76-E6F5-E311-8AD6-0025907DCA9C.root
Begin processing the 41001st record. Run 1, Event 39401, LumiSection 395 at 09-Sep-2021 07:29:33.597 KST
Begin processing the 42001st record. Run 1, Event 65401, LumiSection 655 at 09-Sep-2021 07:29:36.680 KST
Begin processing the 43001st record. Run 1, Event 68601, LumiSection 687 at 09-Sep-2021 07:29:39.704 KST
Begin processing the 44001st record. Run 1, Event 137601, LumiSection 1377 at 09-Sep-2021 07:29:42.854 KST
Begin processing the 45001st record. Run 1, Event 90801, LumiSection 909 at 09-Sep-2021 07:29:46.211 KST
Begin processing the 46001st record. Run 1, Event 16601, LumiSection 4167 at 09-Sep-2021 07:29:49.385 KST
Begin processing the 47001st record. Run 1, Event 32201, LumiSection 4323 at 09-Sep-2021 07:29:52.703 KST
Begin processing the 48001st record. Run 1, Event 75201, LumiSection 4753 at 09-Sep-2021 07:29:56.023 KST
09-Sep-2021 07:29:59 KST  Closed file file:/scratch/jykim/H_signal/GluGluToHToTauTau/A89A8E76-E6F5-E311-8AD6-0025907DCA9C.root
09-Sep-2021 07:29:59 KST  Initiating request to open file file:/scratch/jykim/H_signal/GluGluToHToTauTau/08553187-E6F5-E311-A881-0025901D493C.root
09-Sep-2021 07:29:59 KST  Successfully opened file file:/scratch/jykim/H_signal/GluGluToHToTauTau/08553187-E6F5-E311-A881-0025901D493C.root
Begin processing the 49001st record. Run 1, Event 3401, LumiSection 35 at 09-Sep-2021 07:29:59.952 KST
Begin processing the 50001st record. Run 1, Event 8802, LumiSection 89 at 09-Sep-2021 07:30:02.958 KST
Begin processing the 51001st record. Run 1, Event 44602, LumiSection 447 at 09-Sep-2021 07:30:06.922 KST
Begin processing the 52001st record. Run 1, Event 198002, LumiSection 3981 at 09-Sep-2021 07:30:09.999 KST
Begin processing the 53001st record. Run 1, Event 60202, LumiSection 603 at 09-Sep-2021 07:30:13.047 KST
Begin processing the 54001st record. Run 1, Event 61602, LumiSection 617 at 09-Sep-2021 07:30:16.110 KST
Begin processing the 55001st record. Run 1, Event 67603, LumiSection 677 at 09-Sep-2021 07:30:19.116 KST
Begin processing the 56001st record. Run 1, Event 128803, LumiSection 1289 at 09-Sep-2021 07:30:22.111 KST
Begin processing the 57001st record. Run 1, Event 12403, LumiSection 2125 at 09-Sep-2021 07:30:25.273 KST
Begin processing the 58001st record. Run 1, Event 180003, LumiSection 3801 at 09-Sep-2021 07:30:28.356 KST
Begin processing the 59001st record. Run 1, Event 100003, LumiSection 3001 at 09-Sep-2021 07:30:31.576 KST
Begin processing the 60001st record. Run 1, Event 110203, LumiSection 3103 at 09-Sep-2021 07:30:34.827 KST
09-Sep-2021 07:30:35 KST  Closed file file:/scratch/jykim/H_signal/GluGluToHToTauTau/08553187-E6F5-E311-A881-0025901D493C.root
09-Sep-2021 07:30:35 KST  Initiating request to open file file:/scratch/jykim/H_signal/GluGluToHToTauTau/5C8C56A8-C9F5-E311-92FC-002590AC5074.root
09-Sep-2021 07:30:35 KST  Successfully opened file file:/scratch/jykim/H_signal/GluGluToHToTauTau/5C8C56A8-C9F5-E311-92FC-002590AC5074.root
Begin processing the 61001st record. Run 1, Event 19403, LumiSection 195 at 09-Sep-2021 07:30:38.649 KST
Begin processing the 62001st record. Run 1, Event 160403, LumiSection 3605 at 09-Sep-2021 07:30:41.618 KST
Begin processing the 63001st record. Run 1, Event 146403, LumiSection 3465 at 09-Sep-2021 07:30:44.614 KST
Begin processing the 64001st record. Run 1, Event 5403, LumiSection 4055 at 09-Sep-2021 07:30:47.884 KST
Begin processing the 65001st record. Run 1, Event 32603, LumiSection 4327 at 09-Sep-2021 07:30:51.151 KST
Begin processing the 66001st record. Run 1, Event 37603, LumiSection 4377 at 09-Sep-2021 07:30:54.451 KST
Begin processing the 67001st record. Run 1, Event 55603, LumiSection 4557 at 09-Sep-2021 07:30:57.649 KST
09-Sep-2021 07:30:58 KST  Closed file file:/scratch/jykim/H_signal/GluGluToHToTauTau/5C8C56A8-C9F5-E311-92FC-002590AC5074.root
09-Sep-2021 07:30:58 KST  Initiating request to open file file:/scratch/jykim/H_signal/GluGluToHToTauTau/AA869F8E-D4F5-E311-A574-002590DB924E.root
09-Sep-2021 07:30:58 KST  Successfully opened file file:/scratch/jykim/H_signal/GluGluToHToTauTau/AA869F8E-D4F5-E311-A574-002590DB924E.root
Begin processing the 68001st record. Run 1, Event 67203, LumiSection 673 at 09-Sep-2021 07:31:01.705 KST
Begin processing the 69001st record. Run 1, Event 93403, LumiSection 935 at 09-Sep-2021 07:31:04.711 KST
Begin processing the 70001st record. Run 1, Event 179803, LumiSection 3799 at 09-Sep-2021 07:31:07.839 KST
Begin processing the 71001st record. Run 1, Event 117403, LumiSection 1175 at 09-Sep-2021 07:31:10.907 KST
Begin processing the 72001st record. Run 1, Event 58003, LumiSection 581 at 09-Sep-2021 07:31:13.997 KST
Begin processing the 73001st record. Run 1, Event 72203, LumiSection 723 at 09-Sep-2021 07:31:17.307 KST
Begin processing the 74001st record. Run 1, Event 73403, LumiSection 735 at 09-Sep-2021 07:31:20.602 KST
Begin processing the 75001st record. Run 1, Event 75203, LumiSection 753 at 09-Sep-2021 07:31:23.604 KST
Begin processing the 76001st record. Run 1, Event 140403, LumiSection 3405 at 09-Sep-2021 07:31:26.911 KST
Begin processing the 77001st record. Run 1, Event 84603, LumiSection 4847 at 09-Sep-2021 07:31:30.067 KST
Begin processing the 78001st record. Run 1, Event 87003, LumiSection 4871 at 09-Sep-2021 07:31:33.326 KST
09-Sep-2021 07:31:34 KST  Closed file file:/scratch/jykim/H_signal/GluGluToHToTauTau/AA869F8E-D4F5-E311-A574-002590DB924E.root
09-Sep-2021 07:31:34 KST  Initiating request to open file file:/scratch/jykim/H_signal/GluGluToHToTauTau/0A38B332-C5F5-E311-B805-003048F30422.root
09-Sep-2021 07:31:34 KST  Successfully opened file file:/scratch/jykim/H_signal/GluGluToHToTauTau/0A38B332-C5F5-E311-B805-003048F30422.root
Begin processing the 79001st record. Run 1, Event 99003, LumiSection 991 at 09-Sep-2021 07:31:37.053 KST
Begin processing the 80001st record. Run 1, Event 90003, LumiSection 901 at 09-Sep-2021 07:31:40.013 KST
Begin processing the 81001st record. Run 1, Event 112203, LumiSection 1123 at 09-Sep-2021 07:31:42.937 KST
Begin processing the 82001st record. Run 1, Event 105003, LumiSection 3051 at 09-Sep-2021 07:31:45.936 KST
Begin processing the 83001st record. Run 1, Event 137603, LumiSection 3377 at 09-Sep-2021 07:31:49.089 KST
Begin processing the 84001st record. Run 1, Event 46203, LumiSection 4463 at 09-Sep-2021 07:31:52.199 KST
Begin processing the 85001st record. Run 1, Event 66603, LumiSection 4667 at 09-Sep-2021 07:31:55.249 KST
09-Sep-2021 07:31:56 KST  Closed file file:/scratch/jykim/H_signal/GluGluToHToTauTau/0A38B332-C5F5-E311-B805-003048F30422.root
09-Sep-2021 07:31:56 KST  Initiating request to open file file:/scratch/jykim/H_signal/GluGluToHToTauTau/6494727A-D5F5-E311-9462-002590DB9278.root
09-Sep-2021 07:31:56 KST  Successfully opened file file:/scratch/jykim/H_signal/GluGluToHToTauTau/6494727A-D5F5-E311-9462-002590DB9278.root
Begin processing the 86001st record. Run 1, Event 171404, LumiSection 3715 at 09-Sep-2021 07:31:59.377 KST
Begin processing the 87001st record. Run 1, Event 180205, LumiSection 3803 at 09-Sep-2021 07:32:02.513 KST
Begin processing the 88001st record. Run 1, Event 185005, LumiSection 3851 at 09-Sep-2021 07:32:05.718 KST
Begin processing the 89001st record. Run 1, Event 21005, LumiSection 4211 at 09-Sep-2021 07:32:08.855 KST
Begin processing the 90001st record. Run 1, Event 40005, LumiSection 4401 at 09-Sep-2021 07:32:12.120 KST
Begin processing the 91001st record. Run 1, Event 51205, LumiSection 4513 at 09-Sep-2021 07:32:15.325 KST
Begin processing the 92001st record. Run 1, Event 70805, LumiSection 4709 at 09-Sep-2021 07:32:18.479 KST
Begin processing the 93001st record. Run 1, Event 71805, LumiSection 4719 at 09-Sep-2021 07:32:21.733 KST
Begin processing the 94001st record. Run 1, Event 82405, LumiSection 4825 at 09-Sep-2021 07:32:24.986 KST
09-Sep-2021 07:32:27 KST  Closed file file:/scratch/jykim/H_signal/GluGluToHToTauTau/6494727A-D5F5-E311-9462-002590DB9278.root
09-Sep-2021 07:32:27 KST  Initiating request to open file file:/scratch/jykim/H_signal/GluGluToHToTauTau/AEAE8258-B5F5-E311-BE7F-002590AC4B5C.root
09-Sep-2021 07:32:27 KST  Successfully opened file file:/scratch/jykim/H_signal/GluGluToHToTauTau/AEAE8258-B5F5-E311-BE7F-002590AC4B5C.root
Begin processing the 95001st record. Run 1, Event 137205, LumiSection 3373 at 09-Sep-2021 07:32:29.169 KST
Begin processing the 96001st record. Run 1, Event 173605, LumiSection 1737 at 09-Sep-2021 07:32:32.188 KST
Begin processing the 97001st record. Run 1, Event 134005, LumiSection 3341 at 09-Sep-2021 07:32:35.187 KST
Begin processing the 98001st record. Run 1, Event 92205, LumiSection 4923 at 09-Sep-2021 07:32:38.209 KST
Begin processing the 99001st record. Run 1, Event 177205, LumiSection 3773 at 09-Sep-2021 07:32:41.274 KST
Begin processing the 100001st record. Run 1, Event 25205, LumiSection 4253 at 09-Sep-2021 07:32:44.360 KST
Begin processing the 101001st record. Run 1, Event 87405, LumiSection 4875 at 09-Sep-2021 07:32:47.584 KST
Begin processing the 102001st record. Run 1, Event 98405, LumiSection 4985 at 09-Sep-2021 07:32:50.760 KST
09-Sep-2021 07:32:51 KST  Closed file file:/scratch/jykim/H_signal/GluGluToHToTauTau/AEAE8258-B5F5-E311-BE7F-002590AC4B5C.root
09-Sep-2021 07:32:51 KST  Initiating request to open file file:/scratch/jykim/H_signal/GluGluToHToTauTau/12871A76-E6F5-E311-9EA2-0025907DCA9C.root
09-Sep-2021 07:32:51 KST  Successfully opened file file:/scratch/jykim/H_signal/GluGluToHToTauTau/12871A76-E6F5-E311-9EA2-0025907DCA9C.root
Begin processing the 103001st record. Run 1, Event 146605, LumiSection 1467 at 09-Sep-2021 07:32:54.654 KST
Begin processing the 104001st record. Run 1, Event 62805, LumiSection 2629 at 09-Sep-2021 07:32:57.897 KST
Begin processing the 105001st record. Run 1, Event 64605, LumiSection 2647 at 09-Sep-2021 07:33:00.938 KST
Begin processing the 106001st record. Run 1, Event 67605, LumiSection 2677 at 09-Sep-2021 07:33:04.028 KST
Begin processing the 107001st record. Run 1, Event 183405, LumiSection 3835 at 09-Sep-2021 07:33:06.993 KST
Begin processing the 108001st record. Run 1, Event 85605, LumiSection 4857 at 09-Sep-2021 07:33:10.106 KST
Begin processing the 109001st record. Run 1, Event 88205, LumiSection 4883 at 09-Sep-2021 07:33:13.206 KST
Begin processing the 110001st record. Run 1, Event 89605, LumiSection 4897 at 09-Sep-2021 07:33:16.252 KST
09-Sep-2021 07:33:17 KST  Closed file file:/scratch/jykim/H_signal/GluGluToHToTauTau/12871A76-E6F5-E311-9EA2-0025907DCA9C.root
09-Sep-2021 07:33:17 KST  Initiating request to open file file:/scratch/jykim/H_signal/GluGluToHToTauTau/6689186D-E6F5-E311-A443-00266CFFA6A8.root
09-Sep-2021 07:33:17 KST  Successfully opened file file:/scratch/jykim/H_signal/GluGluToHToTauTau/6689186D-E6F5-E311-A443-00266CFFA6A8.root
Begin processing the 111001st record. Run 1, Event 192405, LumiSection 1925 at 09-Sep-2021 07:33:19.958 KST
Begin processing the 112001st record. Run 1, Event 70405, LumiSection 705 at 09-Sep-2021 07:33:23.092 KST
Begin processing the 113001st record. Run 1, Event 147805, LumiSection 3479 at 09-Sep-2021 07:33:26.214 KST
Begin processing the 114001st record. Run 1, Event 126605, LumiSection 1267 at 09-Sep-2021 07:33:29.351 KST
Begin processing the 115001st record. Run 1, Event 130405, LumiSection 1305 at 09-Sep-2021 07:33:32.271 KST
Begin processing the 116001st record. Run 1, Event 23605, LumiSection 2237 at 09-Sep-2021 07:33:35.249 KST
Begin processing the 117001st record. Run 1, Event 85405, LumiSection 2855 at 09-Sep-2021 07:33:38.463 KST
Begin processing the 118001st record. Run 1, Event 107205, LumiSection 3073 at 09-Sep-2021 07:33:41.352 KST
09-Sep-2021 07:33:42 KST  Closed file file:/scratch/jykim/H_signal/GluGluToHToTauTau/6689186D-E6F5-E311-A443-00266CFFA6A8.root
09-Sep-2021 07:33:42 KST  Initiating request to open file file:/scratch/jykim/H_signal/GluGluToHToTauTau/C2AF5A2C-EFF5-E311-BA8A-002590A2CD68.root
09-Sep-2021 07:33:42 KST  Successfully opened file file:/scratch/jykim/H_signal/GluGluToHToTauTau/C2AF5A2C-EFF5-E311-BA8A-002590A2CD68.root
Begin processing the 119001st record. Run 1, Event 5005, LumiSection 51 at 09-Sep-2021 07:33:45.237 KST
Begin processing the 120001st record. Run 1, Event 82806, LumiSection 829 at 09-Sep-2021 07:33:48.375 KST
Begin processing the 121001st record. Run 1, Event 114006, LumiSection 1141 at 09-Sep-2021 07:33:51.585 KST
Begin processing the 122001st record. Run 1, Event 2406, LumiSection 2025 at 09-Sep-2021 07:33:54.629 KST
Begin processing the 123001st record. Run 1, Event 13406, LumiSection 2135 at 09-Sep-2021 07:33:57.726 KST
Begin processing the 124001st record. Run 1, Event 183606, LumiSection 3837 at 09-Sep-2021 07:34:00.838 KST
Begin processing the 125001st record. Run 1, Event 72806, LumiSection 4729 at 09-Sep-2021 07:34:03.968 KST
Begin processing the 126001st record. Run 1, Event 73806, LumiSection 4739 at 09-Sep-2021 07:34:07.208 KST
09-Sep-2021 07:34:08 KST  Closed file file:/scratch/jykim/H_signal/GluGluToHToTauTau/C2AF5A2C-EFF5-E311-BA8A-002590A2CD68.root
09-Sep-2021 07:34:08 KST  Initiating request to open file file:/scratch/jykim/H_signal/GluGluToHToTauTau/2A1FB560-CAF5-E311-984A-00266CF2718C.root
09-Sep-2021 07:34:08 KST  Successfully opened file file:/scratch/jykim/H_signal/GluGluToHToTauTau/2A1FB560-CAF5-E311-984A-00266CF2718C.root
Begin processing the 127001st record. Run 1, Event 137006, LumiSection 3371 at 09-Sep-2021 07:34:10.842 KST
Begin processing the 128001st record. Run 1, Event 112206, LumiSection 3123 at 09-Sep-2021 07:34:13.884 KST
Begin processing the 129001st record. Run 1, Event 122806, LumiSection 1229 at 09-Sep-2021 07:34:17.035 KST
Begin processing the 130001st record. Run 1, Event 38006, LumiSection 2381 at 09-Sep-2021 07:34:20.087 KST
Begin processing the 131001st record. Run 1, Event 90206, LumiSection 2903 at 09-Sep-2021 07:34:23.296 KST
Begin processing the 132001st record. Run 1, Event 6006, LumiSection 4061 at 09-Sep-2021 07:34:26.385 KST
Begin processing the 133001st record. Run 1, Event 67806, LumiSection 4679 at 09-Sep-2021 07:34:29.609 KST
09-Sep-2021 07:34:31 KST  Closed file file:/scratch/jykim/H_signal/GluGluToHToTauTau/2A1FB560-CAF5-E311-984A-00266CF2718C.root
09-Sep-2021 07:34:31 KST  Initiating request to open file file:/scratch/jykim/H_signal/GluGluToHToTauTau/684AE0BE-D7F5-E311-A7F1-0025904B12B2.root
09-Sep-2021 07:34:31 KST  Successfully opened file file:/scratch/jykim/H_signal/GluGluToHToTauTau/684AE0BE-D7F5-E311-A7F1-0025904B12B2.root
Begin processing the 134001st record. Run 1, Event 32206, LumiSection 323 at 09-Sep-2021 07:34:33.466 KST
Begin processing the 135001st record. Run 1, Event 34406, LumiSection 345 at 09-Sep-2021 07:34:36.618 KST
Begin processing the 136001st record. Run 1, Event 111206, LumiSection 1113 at 09-Sep-2021 07:34:39.608 KST
Begin processing the 137001st record. Run 1, Event 69807, LumiSection 2699 at 09-Sep-2021 07:34:42.719 KST
Begin processing the 138001st record. Run 1, Event 16007, LumiSection 4161 at 09-Sep-2021 07:34:45.915 KST
Begin processing the 139001st record. Run 1, Event 88407, LumiSection 2885 at 09-Sep-2021 07:34:49.004 KST
Begin processing the 140001st record. Run 1, Event 27207, LumiSection 4273 at 09-Sep-2021 07:34:52.434 KST
Begin processing the 141001st record. Run 1, Event 57008, LumiSection 4571 at 09-Sep-2021 07:34:55.554 KST
Begin processing the 142001st record. Run 1, Event 57208, LumiSection 4573 at 09-Sep-2021 07:34:58.878 KST
Begin processing the 143001st record. Run 1, Event 60208, LumiSection 4603 at 09-Sep-2021 07:35:01.882 KST
09-Sep-2021 07:35:02 KST  Closed file file:/scratch/jykim/H_signal/GluGluToHToTauTau/684AE0BE-D7F5-E311-A7F1-0025904B12B2.root
09-Sep-2021 07:35:02 KST  Initiating request to open file file:/scratch/jykim/H_signal/GluGluToHToTauTau/C4B34A7B-E6F5-E311-845C-0025907DCA9C.root
09-Sep-2021 07:35:02 KST  Successfully opened file file:/scratch/jykim/H_signal/GluGluToHToTauTau/C4B34A7B-E6F5-E311-845C-0025907DCA9C.root
Begin processing the 144001st record. Run 1, Event 12008, LumiSection 121 at 09-Sep-2021 07:35:05.909 KST
Begin processing the 145001st record. Run 1, Event 58408, LumiSection 585 at 09-Sep-2021 07:35:08.841 KST
Begin processing the 146001st record. Run 1, Event 116208, LumiSection 1163 at 09-Sep-2021 07:35:12.242 KST
Begin processing the 147001st record. Run 1, Event 179608, LumiSection 1797 at 09-Sep-2021 07:35:15.523 KST
Begin processing the 148001st record. Run 1, Event 608, LumiSection 2007 at 09-Sep-2021 07:35:18.650 KST
Begin processing the 149001st record. Run 1, Event 2008, LumiSection 2021 at 09-Sep-2021 07:35:21.873 KST
Begin processing the 150001st record. Run 1, Event 83608, LumiSection 4837 at 09-Sep-2021 07:35:25.019 KST
Begin processing the 151001st record. Run 1, Event 85408, LumiSection 4855 at 09-Sep-2021 07:35:28.228 KST
09-Sep-2021 07:35:28 KST  Closed file file:/scratch/jykim/H_signal/GluGluToHToTauTau/C4B34A7B-E6F5-E311-845C-0025907DCA9C.root
09-Sep-2021 07:35:28 KST  Initiating request to open file file:/scratch/jykim/H_signal/GluGluToHToTauTau/2A3BD6B3-CBF5-E311-8F80-00266CFFA6F0.root
09-Sep-2021 07:35:28 KST  Successfully opened file file:/scratch/jykim/H_signal/GluGluToHToTauTau/2A3BD6B3-CBF5-E311-8F80-00266CFFA6F0.root
Begin processing the 152001st record. Run 1, Event 106008, LumiSection 3061 at 09-Sep-2021 07:35:31.986 KST
Begin processing the 153001st record. Run 1, Event 71208, LumiSection 713 at 09-Sep-2021 07:35:35.052 KST
Begin processing the 154001st record. Run 1, Event 123208, LumiSection 1233 at 09-Sep-2021 07:35:38.062 KST
Begin processing the 155001st record. Run 1, Event 82008, LumiSection 821 at 09-Sep-2021 07:35:41.231 KST
Begin processing the 156001st record. Run 1, Event 82408, LumiSection 825 at 09-Sep-2021 07:35:44.292 KST
Begin processing the 157001st record. Run 1, Event 98208, LumiSection 983 at 09-Sep-2021 07:35:47.400 KST
Begin processing the 158001st record. Run 1, Event 99608, LumiSection 2997 at 09-Sep-2021 07:35:50.446 KST
Begin processing the 159001st record. Run 1, Event 133808, LumiSection 3339 at 09-Sep-2021 07:35:53.640 KST
Begin processing the 160001st record. Run 1, Event 159608, LumiSection 3597 at 09-Sep-2021 07:35:56.656 KST
Begin processing the 161001st record. Run 1, Event 145408, LumiSection 3455 at 09-Sep-2021 07:35:59.838 KST
09-Sep-2021 07:36:01 KST  Closed file file:/scratch/jykim/H_signal/GluGluToHToTauTau/2A3BD6B3-CBF5-E311-8F80-00266CFFA6F0.root
09-Sep-2021 07:36:01 KST  Initiating request to open file file:/scratch/jykim/H_signal/GluGluToHToTauTau/6A48C3EB-D1F5-E311-A71A-003048F0E1EA.root
09-Sep-2021 07:36:01 KST  Successfully opened file file:/scratch/jykim/H_signal/GluGluToHToTauTau/6A48C3EB-D1F5-E311-A71A-003048F0E1EA.root
Begin processing the 162001st record. Run 1, Event 118008, LumiSection 1181 at 09-Sep-2021 07:36:03.811 KST
Begin processing the 163001st record. Run 1, Event 48009, LumiSection 4481 at 09-Sep-2021 07:36:06.872 KST
Begin processing the 164001st record. Run 1, Event 129809, LumiSection 3299 at 09-Sep-2021 07:36:10.068 KST
Begin processing the 165001st record. Run 1, Event 118209, LumiSection 1183 at 09-Sep-2021 07:36:14.408 KST
Begin processing the 166001st record. Run 1, Event 134809, LumiSection 1349 at 09-Sep-2021 07:36:17.481 KST
Begin processing the 167001st record. Run 1, Event 155809, LumiSection 1559 at 09-Sep-2021 07:36:20.627 KST
Begin processing the 168001st record. Run 1, Event 182609, LumiSection 1827 at 09-Sep-2021 07:36:23.827 KST
Begin processing the 169001st record. Run 1, Event 193609, LumiSection 3937 at 09-Sep-2021 07:36:27.023 KST
09-Sep-2021 07:36:28 KST  Closed file file:/scratch/jykim/H_signal/GluGluToHToTauTau/6A48C3EB-D1F5-E311-A71A-003048F0E1EA.root
09-Sep-2021 07:36:28 KST  Initiating request to open file file:/scratch/jykim/H_signal/GluGluToHToTauTau/CA50DC23-CDF5-E311-8734-002590AC4C3E.root
09-Sep-2021 07:36:28 KST  Successfully opened file file:/scratch/jykim/H_signal/GluGluToHToTauTau/CA50DC23-CDF5-E311-8734-002590AC4C3E.root
Begin processing the 170001st record. Run 1, Event 170809, LumiSection 1709 at 09-Sep-2021 07:36:30.930 KST
Begin processing the 171001st record. Run 1, Event 65609, LumiSection 2657 at 09-Sep-2021 07:36:33.927 KST
Begin processing the 172001st record. Run 1, Event 102609, LumiSection 1027 at 09-Sep-2021 07:36:37.036 KST
Begin processing the 173001st record. Run 1, Event 93009, LumiSection 2931 at 09-Sep-2021 07:36:40.218 KST
Begin processing the 174001st record. Run 1, Event 77209, LumiSection 4773 at 09-Sep-2021 07:36:43.267 KST
Begin processing the 175001st record. Run 1, Event 117409, LumiSection 3175 at 09-Sep-2021 07:36:46.329 KST
Begin processing the 176001st record. Run 1, Event 47010, LumiSection 4471 at 09-Sep-2021 07:36:49.627 KST
Begin processing the 177001st record. Run 1, Event 48210, LumiSection 4483 at 09-Sep-2021 07:36:52.922 KST
09-Sep-2021 07:36:54 KST  Closed file file:/scratch/jykim/H_signal/GluGluToHToTauTau/CA50DC23-CDF5-E311-8734-002590AC4C3E.root
09-Sep-2021 07:36:54 KST  Initiating request to open file file:/scratch/jykim/H_signal/GluGluToHToTauTau/386EE48F-E6F5-E311-840C-002481E0EA06.root
09-Sep-2021 07:36:54 KST  Successfully opened file file:/scratch/jykim/H_signal/GluGluToHToTauTau/386EE48F-E6F5-E311-840C-002481E0EA06.root
Begin processing the 178001st record. Run 1, Event 128210, LumiSection 1283 at 09-Sep-2021 07:36:56.671 KST
Begin processing the 179001st record. Run 1, Event 185010, LumiSection 1851 at 09-Sep-2021 07:37:00.088 KST
Begin processing the 180001st record. Run 1, Event 145010, LumiSection 1451 at 09-Sep-2021 07:37:02.998 KST
Begin processing the 181001st record. Run 1, Event 148610, LumiSection 1487 at 09-Sep-2021 07:37:06.155 KST
Begin processing the 182001st record. Run 1, Event 150010, LumiSection 1501 at 09-Sep-2021 07:37:09.286 KST
Begin processing the 183001st record. Run 1, Event 27410, LumiSection 2275 at 09-Sep-2021 07:37:12.415 KST
Begin processing the 184001st record. Run 1, Event 79410, LumiSection 2795 at 09-Sep-2021 07:37:15.671 KST
Begin processing the 185001st record. Run 1, Event 127011, LumiSection 3271 at 09-Sep-2021 07:37:18.831 KST
Begin processing the 186001st record. Run 1, Event 18611, LumiSection 4187 at 09-Sep-2021 07:37:21.979 KST
Begin processing the 187001st record. Run 1, Event 23611, LumiSection 4237 at 09-Sep-2021 07:37:24.974 KST
09-Sep-2021 07:37:25 KST  Closed file file:/scratch/jykim/H_signal/GluGluToHToTauTau/386EE48F-E6F5-E311-840C-002481E0EA06.root
09-Sep-2021 07:37:25 KST  Initiating request to open file file:/scratch/jykim/H_signal/GluGluToHToTauTau/6AC7CDED-F0F5-E311-B924-0025904B5FAE.root
09-Sep-2021 07:37:25 KST  Successfully opened file file:/scratch/jykim/H_signal/GluGluToHToTauTau/6AC7CDED-F0F5-E311-B924-0025904B5FAE.root
Begin processing the 188001st record. Run 1, Event 42411, LumiSection 425 at 09-Sep-2021 07:37:28.930 KST
Begin processing the 189001st record. Run 1, Event 66011, LumiSection 661 at 09-Sep-2021 07:37:31.845 KST
Begin processing the 190001st record. Run 1, Event 117811, LumiSection 1179 at 09-Sep-2021 07:37:34.940 KST
Begin processing the 191001st record. Run 1, Event 32412, LumiSection 2325 at 09-Sep-2021 07:37:38.034 KST
Begin processing the 192001st record. Run 1, Event 118012, LumiSection 3181 at 09-Sep-2021 07:37:41.030 KST
Begin processing the 193001st record. Run 1, Event 173612, LumiSection 3737 at 09-Sep-2021 07:37:44.183 KST
Begin processing the 194001st record. Run 1, Event 75812, LumiSection 4759 at 09-Sep-2021 07:37:47.432 KST
Begin processing the 195001st record. Run 1, Event 77012, LumiSection 4771 at 09-Sep-2021 07:37:50.427 KST
09-Sep-2021 07:37:50 KST  Closed file file:/scratch/jykim/H_signal/GluGluToHToTauTau/6AC7CDED-F0F5-E311-B924-0025904B5FAE.root
09-Sep-2021 07:37:50 KST  Initiating request to open file file:/scratch/jykim/H_signal/GluGluToHToTauTau/CC0C6BB3-E6F5-E311-A363-00266CF32BC4.root
09-Sep-2021 07:37:50 KST  Successfully opened file file:/scratch/jykim/H_signal/GluGluToHToTauTau/CC0C6BB3-E6F5-E311-A363-00266CF32BC4.root
Begin processing the 196001st record. Run 1, Event 109412, LumiSection 3095 at 09-Sep-2021 07:37:54.203 KST
Begin processing the 197001st record. Run 1, Event 75812, LumiSection 759 at 09-Sep-2021 07:37:57.315 KST
Begin processing the 198001st record. Run 1, Event 88412, LumiSection 885 at 09-Sep-2021 07:38:00.536 KST
Begin processing the 199001st record. Run 1, Event 97612, LumiSection 2977 at 09-Sep-2021 07:38:03.729 KST
Begin processing the 200001st record. Run 1, Event 175812, LumiSection 1759 at 09-Sep-2021 07:38:06.811 KST
Begin processing the 201001st record. Run 1, Event 185212, LumiSection 1853 at 09-Sep-2021 07:38:09.930 KST
Begin processing the 202001st record. Run 1, Event 197412, LumiSection 1975 at 09-Sep-2021 07:38:13.015 KST
Begin processing the 203001st record. Run 1, Event 198412, LumiSection 1985 at 09-Sep-2021 07:38:16.020 KST
09-Sep-2021 07:38:16 KST  Closed file file:/scratch/jykim/H_signal/GluGluToHToTauTau/CC0C6BB3-E6F5-E311-A363-00266CF32BC4.root
09-Sep-2021 07:38:16 KST  Initiating request to open file file:/scratch/jykim/H_signal/GluGluToHToTauTau/38F53E65-CBF5-E311-AE57-00266CF32E2C.root
09-Sep-2021 07:38:16 KST  Successfully opened file file:/scratch/jykim/H_signal/GluGluToHToTauTau/38F53E65-CBF5-E311-AE57-00266CF32E2C.root
Begin processing the 204001st record. Run 1, Event 73612, LumiSection 737 at 09-Sep-2021 07:38:19.898 KST
Begin processing the 205001st record. Run 1, Event 172612, LumiSection 3727 at 09-Sep-2021 07:38:23.162 KST
Begin processing the 206001st record. Run 1, Event 77412, LumiSection 4775 at 09-Sep-2021 07:38:25.881 KST
Begin processing the 207001st record. Run 1, Event 164612, LumiSection 3647 at 09-Sep-2021 07:38:28.809 KST
Begin processing the 208001st record. Run 1, Event 159212, LumiSection 3593 at 09-Sep-2021 07:38:32.091 KST
Begin processing the 209001st record. Run 1, Event 193412, LumiSection 3935 at 09-Sep-2021 07:38:35.047 KST
Begin processing the 210001st record. Run 1, Event 3012, LumiSection 4031 at 09-Sep-2021 07:38:37.906 KST
09-Sep-2021 07:38:38 KST  Closed file file:/scratch/jykim/H_signal/GluGluToHToTauTau/38F53E65-CBF5-E311-AE57-00266CF32E2C.root
09-Sep-2021 07:38:38 KST  Initiating request to open file file:/scratch/jykim/H_signal/GluGluToHToTauTau/6E5051BA-D7F5-E311-A6E7-0025904B12B2.root
09-Sep-2021 07:38:38 KST  Successfully opened file file:/scratch/jykim/H_signal/GluGluToHToTauTau/6E5051BA-D7F5-E311-A6E7-0025904B12B2.root
Begin processing the 211001st record. Run 1, Event 28412, LumiSection 285 at 09-Sep-2021 07:38:41.700 KST
Begin processing the 212001st record. Run 1, Event 53012, LumiSection 531 at 09-Sep-2021 07:38:44.920 KST
Begin processing the 213001st record. Run 1, Event 54012, LumiSection 541 at 09-Sep-2021 07:38:47.696 KST
Begin processing the 214001st record. Run 1, Event 94813, LumiSection 949 at 09-Sep-2021 07:38:50.642 KST
Begin processing the 215001st record. Run 1, Event 44413, LumiSection 2445 at 09-Sep-2021 07:38:53.576 KST
Begin processing the 216001st record. Run 1, Event 171013, LumiSection 3711 at 09-Sep-2021 07:38:56.667 KST
Begin processing the 217001st record. Run 1, Event 49413, LumiSection 2495 at 09-Sep-2021 07:38:59.717 KST
Begin processing the 218001st record. Run 1, Event 58613, LumiSection 2587 at 09-Sep-2021 07:39:02.489 KST
Begin processing the 219001st record. Run 1, Event 82613, LumiSection 2827 at 09-Sep-2021 07:39:05.557 KST
Begin processing the 220001st record. Run 1, Event 85813, LumiSection 2859 at 09-Sep-2021 07:39:08.722 KST
Begin processing the 221001st record. Run 1, Event 89613, LumiSection 2897 at 09-Sep-2021 07:39:11.594 KST
Begin processing the 222001st record. Run 1, Event 152614, LumiSection 3527 at 09-Sep-2021 07:39:14.823 KST
Begin processing the 223001st record. Run 1, Event 15214, LumiSection 4153 at 09-Sep-2021 07:39:17.603 KST
09-Sep-2021 07:39:17 KST  Closed file file:/scratch/jykim/H_signal/GluGluToHToTauTau/6E5051BA-D7F5-E311-A6E7-0025904B12B2.root
09-Sep-2021 07:39:17 KST  Initiating request to open file file:/scratch/jykim/H_signal/GluGluToHToTauTau/D48290EB-CEF5-E311-9EEB-0025901D4124.root
09-Sep-2021 07:39:17 KST  Successfully opened file file:/scratch/jykim/H_signal/GluGluToHToTauTau/D48290EB-CEF5-E311-9EEB-0025901D4124.root
Begin processing the 224001st record. Run 1, Event 94614, LumiSection 2947 at 09-Sep-2021 07:39:21.487 KST
Begin processing the 225001st record. Run 1, Event 66215, LumiSection 663 at 09-Sep-2021 07:39:24.462 KST
Begin processing the 226001st record. Run 1, Event 112815, LumiSection 3129 at 09-Sep-2021 07:39:27.631 KST
Begin processing the 227001st record. Run 1, Event 184215, LumiSection 1843 at 09-Sep-2021 07:39:30.759 KST
Begin processing the 228001st record. Run 1, Event 138015, LumiSection 3381 at 09-Sep-2021 07:39:33.946 KST
Begin processing the 229001st record. Run 1, Event 41415, LumiSection 4415 at 09-Sep-2021 07:39:37.120 KST
Begin processing the 230001st record. Run 1, Event 169015, LumiSection 3691 at 09-Sep-2021 07:39:40.260 KST
Begin processing the 231001st record. Run 1, Event 17015, LumiSection 4171 at 09-Sep-2021 07:39:43.266 KST
Begin processing the 232001st record. Run 1, Event 190215, LumiSection 3903 at 09-Sep-2021 07:39:46.495 KST
09-Sep-2021 07:39:48 KST  Closed file file:/scratch/jykim/H_signal/GluGluToHToTauTau/D48290EB-CEF5-E311-9EEB-0025901D4124.root
09-Sep-2021 07:39:48 KST  Initiating request to open file file:/scratch/jykim/H_signal/GluGluToHToTauTau/3AC430AF-D7F5-E311-8142-002590AC4FEC.root
09-Sep-2021 07:39:48 KST  Successfully opened file file:/scratch/jykim/H_signal/GluGluToHToTauTau/3AC430AF-D7F5-E311-8142-002590AC4FEC.root
Begin processing the 233001st record. Run 1, Event 2615, LumiSection 27 at 09-Sep-2021 07:39:50.348 KST
Begin processing the 234001st record. Run 1, Event 8415, LumiSection 85 at 09-Sep-2021 07:39:53.595 KST
Begin processing the 235001st record. Run 1, Event 23015, LumiSection 231 at 09-Sep-2021 07:39:56.429 KST
Begin processing the 236001st record. Run 1, Event 56015, LumiSection 561 at 09-Sep-2021 07:39:59.509 KST
Begin processing the 237001st record. Run 1, Event 71015, LumiSection 711 at 09-Sep-2021 07:40:02.487 KST
Begin processing the 238001st record. Run 1, Event 110216, LumiSection 1103 at 09-Sep-2021 07:40:05.621 KST
Begin processing the 239001st record. Run 1, Event 182816, LumiSection 1829 at 09-Sep-2021 07:40:08.625 KST
Begin processing the 240001st record. Run 1, Event 60016, LumiSection 4601 at 09-Sep-2021 07:40:11.790 KST
09-Sep-2021 07:40:14 KST  Closed file file:/scratch/jykim/H_signal/GluGluToHToTauTau/3AC430AF-D7F5-E311-8142-002590AC4FEC.root
09-Sep-2021 07:40:14 KST  Initiating request to open file file:/scratch/jykim/H_signal/GluGluToHToTauTau/70E5EC2C-D3F5-E311-93A7-0025907DC9AC.root
09-Sep-2021 07:40:14 KST  Successfully opened file file:/scratch/jykim/H_signal/GluGluToHToTauTau/70E5EC2C-D3F5-E311-93A7-0025907DC9AC.root
Begin processing the 241001st record. Run 1, Event 21816, LumiSection 219 at 09-Sep-2021 07:40:15.823 KST
Begin processing the 242001st record. Run 1, Event 39216, LumiSection 393 at 09-Sep-2021 07:40:18.772 KST
Begin processing the 243001st record. Run 1, Event 3216, LumiSection 2033 at 09-Sep-2021 07:40:21.757 KST
Begin processing the 244001st record. Run 1, Event 74016, LumiSection 741 at 09-Sep-2021 07:40:24.802 KST
Begin processing the 245001st record. Run 1, Event 157616, LumiSection 1577 at 09-Sep-2021 07:40:27.914 KST
Begin processing the 246001st record. Run 1, Event 18816, LumiSection 2189 at 09-Sep-2021 07:40:30.960 KST
Begin processing the 247001st record. Run 1, Event 20216, LumiSection 2203 at 09-Sep-2021 07:40:33.994 KST
Begin processing the 248001st record. Run 1, Event 199616, LumiSection 1997 at 09-Sep-2021 07:40:37.289 KST
Begin processing the 249001st record. Run 1, Event 10416, LumiSection 2105 at 09-Sep-2021 07:40:40.474 KST
Begin processing the 250001st record. Run 1, Event 181416, LumiSection 3815 at 09-Sep-2021 07:40:43.535 KST
Begin processing the 251001st record. Run 1, Event 42216, LumiSection 2423 at 09-Sep-2021 07:40:46.716 KST
Begin processing the 252001st record. Run 1, Event 174016, LumiSection 3741 at 09-Sep-2021 07:40:50.039 KST
Begin processing the 253001st record. Run 1, Event 78216, LumiSection 4783 at 09-Sep-2021 07:40:53.455 KST
09-Sep-2021 07:40:55 KST  Closed file file:/scratch/jykim/H_signal/GluGluToHToTauTau/70E5EC2C-D3F5-E311-93A7-0025907DC9AC.root
09-Sep-2021 07:40:55 KST  Initiating request to open file file:/scratch/jykim/H_signal/GluGluToHToTauTau/DA0CA19D-D1F5-E311-B430-002590AC4B5A.root
09-Sep-2021 07:40:55 KST  Successfully opened file file:/scratch/jykim/H_signal/GluGluToHToTauTau/DA0CA19D-D1F5-E311-B430-002590AC4B5A.root
Begin processing the 254001st record. Run 1, Event 125216, LumiSection 1253 at 09-Sep-2021 07:40:58.785 KST
Begin processing the 255001st record. Run 1, Event 127416, LumiSection 1275 at 09-Sep-2021 07:41:01.562 KST
Begin processing the 256001st record. Run 1, Event 131816, LumiSection 1319 at 09-Sep-2021 07:41:04.559 KST
Begin processing the 257001st record. Run 1, Event 171416, LumiSection 1715 at 09-Sep-2021 07:41:07.501 KST
Begin processing the 258001st record. Run 1, Event 185616, LumiSection 1857 at 09-Sep-2021 07:41:10.392 KST
Begin processing the 259001st record. Run 1, Event 34616, LumiSection 2347 at 09-Sep-2021 07:41:13.429 KST
Begin processing the 260001st record. Run 1, Event 60216, LumiSection 2603 at 09-Sep-2021 07:41:16.394 KST
Begin processing the 261001st record. Run 1, Event 89816, LumiSection 2899 at 09-Sep-2021 07:41:19.559 KST
09-Sep-2021 07:41:20 KST  Closed file file:/scratch/jykim/H_signal/GluGluToHToTauTau/DA0CA19D-D1F5-E311-B430-002590AC4B5A.root
09-Sep-2021 07:41:20 KST  Initiating request to open file file:/scratch/jykim/H_signal/GluGluToHToTauTau/3ACA2C6C-E6F5-E311-8473-0025907DCA9C.root
09-Sep-2021 07:41:20 KST  Successfully opened file file:/scratch/jykim/H_signal/GluGluToHToTauTau/3ACA2C6C-E6F5-E311-8473-0025907DCA9C.root
Begin processing the 262001st record. Run 1, Event 19616, LumiSection 197 at 09-Sep-2021 07:41:23.129 KST
Begin processing the 263001st record. Run 1, Event 19017, LumiSection 2191 at 09-Sep-2021 07:41:26.162 KST
Begin processing the 264001st record. Run 1, Event 46217, LumiSection 463 at 09-Sep-2021 07:41:29.015 KST
Begin processing the 265001st record. Run 1, Event 56217, LumiSection 563 at 09-Sep-2021 07:41:32.053 KST
Begin processing the 266001st record. Run 1, Event 81217, LumiSection 813 at 09-Sep-2021 07:41:35.119 KST
Begin processing the 267001st record. Run 1, Event 25017, LumiSection 2251 at 09-Sep-2021 07:41:38.363 KST
Begin processing the 268001st record. Run 1, Event 179218, LumiSection 1793 at 09-Sep-2021 07:41:41.512 KST
Begin processing the 269001st record. Run 1, Event 146018, LumiSection 3461 at 09-Sep-2021 07:41:45.129 KST
Begin processing the 270001st record. Run 1, Event 104418, LumiSection 3045 at 09-Sep-2021 07:41:48.309 KST
Begin processing the 271001st record. Run 1, Event 30618, LumiSection 4307 at 09-Sep-2021 07:41:51.289 KST
Begin processing the 272001st record. Run 1, Event 62818, LumiSection 4629 at 09-Sep-2021 07:41:54.464 KST
09-Sep-2021 07:41:56 KST  Closed file file:/scratch/jykim/H_signal/GluGluToHToTauTau/3ACA2C6C-E6F5-E311-8473-0025907DCA9C.root
09-Sep-2021 07:41:56 KST  Initiating request to open file file:/scratch/jykim/H_signal/GluGluToHToTauTau/7E2C3BC1-D7F5-E311-B8B1-0025904B12B2.root
09-Sep-2021 07:41:56 KST  Successfully opened file file:/scratch/jykim/H_signal/GluGluToHToTauTau/7E2C3BC1-D7F5-E311-B8B1-0025904B12B2.root
Begin processing the 273001st record. Run 1, Event 80418, LumiSection 805 at 09-Sep-2021 07:41:58.532 KST
Begin processing the 274001st record. Run 1, Event 47418, LumiSection 2475 at 09-Sep-2021 07:42:01.633 KST
Begin processing the 275001st record. Run 1, Event 29018, LumiSection 4291 at 09-Sep-2021 07:42:04.770 KST
Begin processing the 276001st record. Run 1, Event 155418, LumiSection 1555 at 09-Sep-2021 07:42:07.988 KST
Begin processing the 277001st record. Run 1, Event 5218, LumiSection 2053 at 09-Sep-2021 07:42:10.925 KST
Begin processing the 278001st record. Run 1, Event 12619, LumiSection 2127 at 09-Sep-2021 07:42:14.048 KST
Begin processing the 279001st record. Run 1, Event 53219, LumiSection 2533 at 09-Sep-2021 07:42:17.285 KST
Begin processing the 280001st record. Run 1, Event 44419, LumiSection 4445 at 09-Sep-2021 07:42:20.567 KST
09-Sep-2021 07:42:22 KST  Closed file file:/scratch/jykim/H_signal/GluGluToHToTauTau/7E2C3BC1-D7F5-E311-B8B1-0025904B12B2.root
09-Sep-2021 07:42:22 KST  Initiating request to open file file:/scratch/jykim/H_signal/GluGluToHToTauTau/DCFB6875-E6F5-E311-AEB7-0025907DCA9C.root
09-Sep-2021 07:42:23 KST  Successfully opened file file:/scratch/jykim/H_signal/GluGluToHToTauTau/DCFB6875-E6F5-E311-AEB7-0025907DCA9C.root
Begin processing the 281001st record. Run 1, Event 30619, LumiSection 307 at 09-Sep-2021 07:42:24.674 KST
Begin processing the 282001st record. Run 1, Event 33619, LumiSection 337 at 09-Sep-2021 07:42:27.778 KST
Begin processing the 283001st record. Run 1, Event 107819, LumiSection 1079 at 09-Sep-2021 07:42:31.096 KST
Begin processing the 284001st record. Run 1, Event 168219, LumiSection 1683 at 09-Sep-2021 07:42:34.218 KST
Begin processing the 285001st record. Run 1, Event 169619, LumiSection 1697 at 09-Sep-2021 07:42:37.149 KST
Begin processing the 286001st record. Run 1, Event 11219, LumiSection 4113 at 09-Sep-2021 07:42:40.381 KST
Begin processing the 287001st record. Run 1, Event 13819, LumiSection 4139 at 09-Sep-2021 07:42:43.456 KST
Begin processing the 288001st record. Run 1, Event 57419, LumiSection 4575 at 09-Sep-2021 07:42:46.696 KST
Begin processing the 289001st record. Run 1, Event 49619, LumiSection 4497 at 09-Sep-2021 07:42:49.914 KST
Begin processing the 290001st record. Run 1, Event 51819, LumiSection 4519 at 09-Sep-2021 07:42:53.104 KST
09-Sep-2021 07:42:54 KST  Closed file file:/scratch/jykim/H_signal/GluGluToHToTauTau/DCFB6875-E6F5-E311-AEB7-0025907DCA9C.root
09-Sep-2021 07:42:54 KST  Initiating request to open file file:/scratch/jykim/H_signal/GluGluToHToTauTau/3E746D87-E6F5-E311-922B-002590AC4B5C.root
09-Sep-2021 07:42:54 KST  Successfully opened file file:/scratch/jykim/H_signal/GluGluToHToTauTau/3E746D87-E6F5-E311-922B-002590AC4B5C.root
Begin processing the 291001st record. Run 1, Event 133419, LumiSection 1335 at 09-Sep-2021 07:42:56.935 KST
Begin processing the 292001st record. Run 1, Event 170219, LumiSection 1703 at 09-Sep-2021 07:42:59.981 KST
Begin processing the 293001st record. Run 1, Event 179819, LumiSection 1799 at 09-Sep-2021 07:43:03.061 KST
Begin processing the 294001st record. Run 1, Event 14219, LumiSection 4143 at 09-Sep-2021 07:43:06.158 KST
Begin processing the 295001st record. Run 1, Event 15619, LumiSection 4157 at 09-Sep-2021 07:43:09.288 KST
Begin processing the 296001st record. Run 1, Event 33819, LumiSection 4339 at 09-Sep-2021 07:43:12.616 KST
Begin processing the 297001st record. Run 1, Event 86019, LumiSection 4861 at 09-Sep-2021 07:43:15.699 KST
Begin processing the 298001st record. Run 1, Event 96419, LumiSection 4965 at 09-Sep-2021 07:43:18.990 KST
09-Sep-2021 07:43:19 KST  Closed file file:/scratch/jykim/H_signal/GluGluToHToTauTau/3E746D87-E6F5-E311-922B-002590AC4B5C.root
09-Sep-2021 07:43:19 KST  Initiating request to open file file:/scratch/jykim/H_signal/GluGluToHToTauTau/8802FE6E-E6F5-E311-B6BB-0025907FD34C.root
09-Sep-2021 07:43:19 KST  Successfully opened file file:/scratch/jykim/H_signal/GluGluToHToTauTau/8802FE6E-E6F5-E311-B6BB-0025907FD34C.root
Begin processing the 299001st record. Run 1, Event 48019, LumiSection 481 at 09-Sep-2021 07:43:22.672 KST
Begin processing the 300001st record. Run 1, Event 143019, LumiSection 1431 at 09-Sep-2021 07:43:25.843 KST
Begin processing the 301001st record. Run 1, Event 148019, LumiSection 1481 at 09-Sep-2021 07:43:28.855 KST
Begin processing the 302001st record. Run 1, Event 11619, LumiSection 2117 at 09-Sep-2021 07:43:31.978 KST
Begin processing the 303001st record. Run 1, Event 60619, LumiSection 2607 at 09-Sep-2021 07:43:34.869 KST
Begin processing the 304001st record. Run 1, Event 165419, LumiSection 3655 at 09-Sep-2021 07:43:38.080 KST
Begin processing the 305001st record. Run 1, Event 47019, LumiSection 2471 at 09-Sep-2021 07:43:41.335 KST
Begin processing the 306001st record. Run 1, Event 50619, LumiSection 2507 at 09-Sep-2021 07:43:44.539 KST
09-Sep-2021 07:43:45 KST  Closed file file:/scratch/jykim/H_signal/GluGluToHToTauTau/8802FE6E-E6F5-E311-B6BB-0025907FD34C.root
09-Sep-2021 07:43:45 KST  Initiating request to open file file:/scratch/jykim/H_signal/GluGluToHToTauTau/E2C355C4-D7F5-E311-930D-0025904B12B2.root
09-Sep-2021 07:43:45 KST  Successfully opened file file:/scratch/jykim/H_signal/GluGluToHToTauTau/E2C355C4-D7F5-E311-930D-0025904B12B2.root
Begin processing the 307001st record. Run 1, Event 180019, LumiSection 1801 at 09-Sep-2021 07:43:48.381 KST
Begin processing the 308001st record. Run 1, Event 35219, LumiSection 2353 at 09-Sep-2021 07:43:51.486 KST
Begin processing the 309001st record. Run 1, Event 18819, LumiSection 4189 at 09-Sep-2021 07:43:54.559 KST
Begin processing the 310001st record. Run 1, Event 29619, LumiSection 4297 at 09-Sep-2021 07:43:57.643 KST
Begin processing the 311001st record. Run 1, Event 81419, LumiSection 4815 at 09-Sep-2021 07:44:00.824 KST
Begin processing the 312001st record. Run 1, Event 31819, LumiSection 4319 at 09-Sep-2021 07:44:04.054 KST
Begin processing the 313001st record. Run 1, Event 77819, LumiSection 4779 at 09-Sep-2021 07:44:07.101 KST
09-Sep-2021 07:44:09 KST  Closed file file:/scratch/jykim/H_signal/GluGluToHToTauTau/E2C355C4-D7F5-E311-930D-0025904B12B2.root
09-Sep-2021 07:44:09 KST  Initiating request to open file file:/scratch/jykim/H_signal/GluGluToHToTauTau/40557CBD-D7F5-E311-8AC5-0025904B12B2.root
09-Sep-2021 07:44:09 KST  Successfully opened file file:/scratch/jykim/H_signal/GluGluToHToTauTau/40557CBD-D7F5-E311-8AC5-0025904B12B2.root
Begin processing the 314001st record. Run 1, Event 25419, LumiSection 255 at 09-Sep-2021 07:44:11.049 KST
Begin processing the 315001st record. Run 1, Event 27419, LumiSection 275 at 09-Sep-2021 07:44:13.976 KST
Begin processing the 316001st record. Run 1, Event 15620, LumiSection 2157 at 09-Sep-2021 07:44:17.056 KST
Begin processing the 317001st record. Run 1, Event 24220, LumiSection 2243 at 09-Sep-2021 07:44:19.672 KST
Begin processing the 318001st record. Run 1, Event 26220, LumiSection 2263 at 09-Sep-2021 07:44:22.789 KST
Begin processing the 319001st record. Run 1, Event 61220, LumiSection 2613 at 09-Sep-2021 07:44:25.989 KST
Begin processing the 320001st record. Run 1, Event 63820, LumiSection 2639 at 09-Sep-2021 07:44:29.154 KST
Begin processing the 321001st record. Run 1, Event 65820, LumiSection 4659 at 09-Sep-2021 07:44:31.864 KST
09-Sep-2021 07:44:34 KST  Closed file file:/scratch/jykim/H_signal/GluGluToHToTauTau/40557CBD-D7F5-E311-8AC5-0025904B12B2.root
09-Sep-2021 07:44:34 KST  Initiating request to open file file:/scratch/jykim/H_signal/GluGluToHToTauTau/8C42FDC1-D7F5-E311-B77F-0025904B12B2.root
09-Sep-2021 07:44:34 KST  Successfully opened file file:/scratch/jykim/H_signal/GluGluToHToTauTau/8C42FDC1-D7F5-E311-B77F-0025904B12B2.root
Begin processing the 322001st record. Run 1, Event 57420, LumiSection 575 at 09-Sep-2021 07:44:35.814 KST
Begin processing the 323001st record. Run 1, Event 138620, LumiSection 1387 at 09-Sep-2021 07:44:38.825 KST
Begin processing the 324001st record. Run 1, Event 8620, LumiSection 2087 at 09-Sep-2021 07:44:42.032 KST
Begin processing the 325001st record. Run 1, Event 64020, LumiSection 2641 at 09-Sep-2021 07:44:45.260 KST
Begin processing the 326001st record. Run 1, Event 68020, LumiSection 2681 at 09-Sep-2021 07:44:48.222 KST
Begin processing the 327001st record. Run 1, Event 75020, LumiSection 2751 at 09-Sep-2021 07:44:51.386 KST
Begin processing the 328001st record. Run 1, Event 79820, LumiSection 2799 at 09-Sep-2021 07:44:54.978 KST
Begin processing the 329001st record. Run 1, Event 86220, LumiSection 2863 at 09-Sep-2021 07:44:58.204 KST
Begin processing the 330001st record. Run 1, Event 3420, LumiSection 4035 at 09-Sep-2021 07:45:01.463 KST
Begin processing the 331001st record. Run 1, Event 91620, LumiSection 4917 at 09-Sep-2021 07:45:04.709 KST
09-Sep-2021 07:45:05 KST  Closed file file:/scratch/jykim/H_signal/GluGluToHToTauTau/8C42FDC1-D7F5-E311-B77F-0025904B12B2.root
09-Sep-2021 07:45:05 KST  Initiating request to open file file:/scratch/jykim/H_signal/GluGluToHToTauTau/E4AB879F-EFF5-E311-BBE8-002590A2CD68.root
09-Sep-2021 07:45:05 KST  Successfully opened file file:/scratch/jykim/H_signal/GluGluToHToTauTau/E4AB879F-EFF5-E311-BBE8-002590A2CD68.root
Begin processing the 332001st record. Run 1, Event 26420, LumiSection 265 at 09-Sep-2021 07:45:08.639 KST
Begin processing the 333001st record. Run 1, Event 44620, LumiSection 2447 at 09-Sep-2021 07:45:11.608 KST
Begin processing the 334001st record. Run 1, Event 45620, LumiSection 2457 at 09-Sep-2021 07:45:14.786 KST
Begin processing the 335001st record. Run 1, Event 42020, LumiSection 4421 at 09-Sep-2021 07:45:17.964 KST
Begin processing the 336001st record. Run 1, Event 74621, LumiSection 4747 at 09-Sep-2021 07:45:21.215 KST
Begin processing the 337001st record. Run 1, Event 54421, LumiSection 2545 at 09-Sep-2021 07:45:24.316 KST
Begin processing the 338001st record. Run 1, Event 53621, LumiSection 2537 at 09-Sep-2021 07:45:27.550 KST
Begin processing the 339001st record. Run 1, Event 56021, LumiSection 2561 at 09-Sep-2021 07:45:30.850 KST
09-Sep-2021 07:45:31 KST  Closed file file:/scratch/jykim/H_signal/GluGluToHToTauTau/E4AB879F-EFF5-E311-BBE8-002590A2CD68.root
09-Sep-2021 07:45:31 KST  Initiating request to open file file:/scratch/jykim/H_signal/GluGluToHToTauTau/4255CBCB-F0F5-E311-928D-002590A2CD68.root
09-Sep-2021 07:45:31 KST  Successfully opened file file:/scratch/jykim/H_signal/GluGluToHToTauTau/4255CBCB-F0F5-E311-928D-002590A2CD68.root
Begin processing the 340001st record. Run 1, Event 65821, LumiSection 659 at 09-Sep-2021 07:45:34.469 KST
Begin processing the 341001st record. Run 1, Event 144822, LumiSection 1449 at 09-Sep-2021 07:45:37.667 KST
Begin processing the 342001st record. Run 1, Event 156023, LumiSection 3561 at 09-Sep-2021 07:45:40.660 KST
Begin processing the 343001st record. Run 1, Event 140823, LumiSection 3409 at 09-Sep-2021 07:45:44.945 KST
Begin processing the 344001st record. Run 1, Event 4623, LumiSection 4047 at 09-Sep-2021 07:45:47.813 KST
09-Sep-2021 07:45:48 KST  Closed file file:/scratch/jykim/H_signal/GluGluToHToTauTau/4255CBCB-F0F5-E311-928D-002590A2CD68.root
09-Sep-2021 07:45:48 KST  Initiating request to open file file:/scratch/jykim/H_signal/GluGluToHToTauTau/8C6B9D97-D4F5-E311-8FD8-0025904B141E.root
09-Sep-2021 07:45:48 KST  Successfully opened file file:/scratch/jykim/H_signal/GluGluToHToTauTau/8C6B9D97-D4F5-E311-8FD8-0025904B141E.root
Begin processing the 345001st record. Run 1, Event 74623, LumiSection 2747 at 09-Sep-2021 07:45:51.604 KST
Begin processing the 346001st record. Run 1, Event 51624, LumiSection 517 at 09-Sep-2021 07:45:54.591 KST
Begin processing the 347001st record. Run 1, Event 52624, LumiSection 527 at 09-Sep-2021 07:45:57.506 KST
Begin processing the 348001st record. Run 1, Event 163224, LumiSection 1633 at 09-Sep-2021 07:46:00.770 KST
Begin processing the 349001st record. Run 1, Event 160824, LumiSection 1609 at 09-Sep-2021 07:46:03.765 KST
Begin processing the 350001st record. Run 1, Event 167424, LumiSection 1675 at 09-Sep-2021 07:46:06.961 KST
Begin processing the 351001st record. Run 1, Event 128024, LumiSection 3281 at 09-Sep-2021 07:46:10.164 KST
Begin processing the 352001st record. Run 1, Event 161824, LumiSection 3619 at 09-Sep-2021 07:46:13.207 KST
09-Sep-2021 07:46:13 KST  Closed file file:/scratch/jykim/H_signal/GluGluToHToTauTau/8C6B9D97-D4F5-E311-8FD8-0025904B141E.root
09-Sep-2021 07:46:13 KST  Initiating request to open file file:/scratch/jykim/H_signal/GluGluToHToTauTau/E8E1FD70-E6F5-E311-A817-0025907DCA9C.root
09-Sep-2021 07:46:13 KST  Successfully opened file file:/scratch/jykim/H_signal/GluGluToHToTauTau/E8E1FD70-E6F5-E311-A817-0025907DCA9C.root
Begin processing the 353001st record. Run 1, Event 34424, LumiSection 2345 at 09-Sep-2021 07:46:17.164 KST
Begin processing the 354001st record. Run 1, Event 105224, LumiSection 1053 at 09-Sep-2021 07:46:20.257 KST
Begin processing the 355001st record. Run 1, Event 113824, LumiSection 1139 at 09-Sep-2021 07:46:23.163 KST
Begin processing the 356001st record. Run 1, Event 162825, LumiSection 1629 at 09-Sep-2021 07:46:26.338 KST
Begin processing the 357001st record. Run 1, Event 102625, LumiSection 3027 at 09-Sep-2021 07:46:29.503 KST
Begin processing the 358001st record. Run 1, Event 151425, LumiSection 3515 at 09-Sep-2021 07:46:33.124 KST
Begin processing the 359001st record. Run 1, Event 35025, LumiSection 4351 at 09-Sep-2021 07:46:36.277 KST
Begin processing the 360001st record. Run 1, Event 39825, LumiSection 4399 at 09-Sep-2021 07:46:39.206 KST
09-Sep-2021 07:46:39 KST  Closed file file:/scratch/jykim/H_signal/GluGluToHToTauTau/E8E1FD70-E6F5-E311-A817-0025907DCA9C.root
09-Sep-2021 07:46:39 KST  Initiating request to open file file:/scratch/jykim/H_signal/GluGluToHToTauTau/468BF4EF-F0F5-E311-9D24-0025904B5FAE.root
09-Sep-2021 07:46:39 KST  Successfully opened file file:/scratch/jykim/H_signal/GluGluToHToTauTau/468BF4EF-F0F5-E311-9D24-0025904B5FAE.root
Begin processing the 361001st record. Run 1, Event 90225, LumiSection 903 at 09-Sep-2021 07:46:43.083 KST
Begin processing the 362001st record. Run 1, Event 29825, LumiSection 299 at 09-Sep-2021 07:46:46.164 KST
Begin processing the 363001st record. Run 1, Event 45825, LumiSection 459 at 09-Sep-2021 07:46:49.045 KST
09-Sep-2021 07:46:50 KST  Closed file file:/scratch/jykim/H_signal/GluGluToHToTauTau/468BF4EF-F0F5-E311-9D24-0025904B5FAE.root
09-Sep-2021 07:46:50 KST  Initiating request to open file file:/scratch/jykim/H_signal/GluGluToHToTauTau/944BEC69-D0F5-E311-8CA6-002590A2CCFE.root
09-Sep-2021 07:46:50 KST  Successfully opened file file:/scratch/jykim/H_signal/GluGluToHToTauTau/944BEC69-D0F5-E311-8CA6-002590A2CCFE.root
Begin processing the 364001st record. Run 1, Event 4425, LumiSection 45 at 09-Sep-2021 07:46:52.824 KST
Begin processing the 365001st record. Run 1, Event 41425, LumiSection 415 at 09-Sep-2021 07:46:56.037 KST
Begin processing the 366001st record. Run 1, Event 49825, LumiSection 499 at 09-Sep-2021 07:46:59.143 KST
Begin processing the 367001st record. Run 1, Event 186625, LumiSection 1867 at 09-Sep-2021 07:47:02.138 KST
Begin processing the 368001st record. Run 1, Event 187626, LumiSection 1877 at 09-Sep-2021 07:47:05.094 KST
Begin processing the 369001st record. Run 1, Event 190426, LumiSection 1905 at 09-Sep-2021 07:47:08.440 KST
Begin processing the 370001st record. Run 1, Event 21827, LumiSection 2219 at 09-Sep-2021 07:47:11.643 KST
Begin processing the 371001st record. Run 1, Event 188027, LumiSection 3881 at 09-Sep-2021 07:47:14.848 KST
Begin processing the 372001st record. Run 1, Event 39027, LumiSection 2391 at 09-Sep-2021 07:47:18.118 KST
Begin processing the 373001st record. Run 1, Event 190628, LumiSection 3907 at 09-Sep-2021 07:47:21.200 KST
Begin processing the 374001st record. Run 1, Event 195628, LumiSection 3957 at 09-Sep-2021 07:47:24.471 KST
Begin processing the 375001st record. Run 1, Event 24628, LumiSection 4247 at 09-Sep-2021 07:47:27.708 KST
Begin processing the 376001st record. Run 1, Event 51428, LumiSection 4515 at 09-Sep-2021 07:47:30.781 KST
09-Sep-2021 07:47:31 KST  Closed file file:/scratch/jykim/H_signal/GluGluToHToTauTau/944BEC69-D0F5-E311-8CA6-002590A2CCFE.root
09-Sep-2021 07:47:31 KST  Initiating request to open file file:/scratch/jykim/H_signal/GluGluToHToTauTau/F45C35C1-D7F5-E311-B801-0025904B12B2.root
09-Sep-2021 07:47:31 KST  Successfully opened file file:/scratch/jykim/H_signal/GluGluToHToTauTau/F45C35C1-D7F5-E311-B801-0025904B12B2.root
Begin processing the 377001st record. Run 1, Event 14228, LumiSection 143 at 09-Sep-2021 07:47:34.750 KST
Begin processing the 378001st record. Run 1, Event 29028, LumiSection 2291 at 09-Sep-2021 07:47:37.934 KST
Begin processing the 379001st record. Run 1, Event 30028, LumiSection 2301 at 09-Sep-2021 07:47:41.102 KST
Begin processing the 380001st record. Run 1, Event 57028, LumiSection 2571 at 09-Sep-2021 07:47:44.289 KST
Begin processing the 381001st record. Run 1, Event 197229, LumiSection 3973 at 09-Sep-2021 07:47:47.555 KST
Begin processing the 382001st record. Run 1, Event 28829, LumiSection 4289 at 09-Sep-2021 07:47:50.529 KST
Begin processing the 383001st record. Run 1, Event 79229, LumiSection 4793 at 09-Sep-2021 07:47:54.140 KST
Begin processing the 384001st record. Run 1, Event 80830, LumiSection 4809 at 09-Sep-2021 07:47:57.425 KST
09-Sep-2021 07:47:57 KST  Closed file file:/scratch/jykim/H_signal/GluGluToHToTauTau/F45C35C1-D7F5-E311-B801-0025904B12B2.root
09-Sep-2021 07:47:57 KST  Initiating request to open file file:/scratch/jykim/H_signal/GluGluToHToTauTau/4C9F6C67-F6F5-E311-8F3F-0025904B0FB4.root
09-Sep-2021 07:47:57 KST  Successfully opened file file:/scratch/jykim/H_signal/GluGluToHToTauTau/4C9F6C67-F6F5-E311-8F3F-0025904B0FB4.root
Begin processing the 385001st record. Run 1, Event 139430, LumiSection 1395 at 09-Sep-2021 07:48:01.124 KST
Begin processing the 386001st record. Run 1, Event 152230, LumiSection 1523 at 09-Sep-2021 07:48:04.229 KST
Begin processing the 387001st record. Run 1, Event 155630, LumiSection 1557 at 09-Sep-2021 07:48:07.160 KST
Begin processing the 388001st record. Run 1, Event 54030, LumiSection 2541 at 09-Sep-2021 07:48:10.281 KST
Begin processing the 389001st record. Run 1, Event 187631, LumiSection 3877 at 09-Sep-2021 07:48:13.403 KST
Begin processing the 390001st record. Run 1, Event 8432, LumiSection 4085 at 09-Sep-2021 07:48:16.527 KST
Begin processing the 391001st record. Run 1, Event 6232, LumiSection 4063 at 09-Sep-2021 07:48:19.720 KST
Begin processing the 392001st record. Run 1, Event 9832, LumiSection 4099 at 09-Sep-2021 07:48:22.789 KST
09-Sep-2021 07:48:23 KST  Closed file file:/scratch/jykim/H_signal/GluGluToHToTauTau/4C9F6C67-F6F5-E311-8F3F-0025904B0FB4.root
09-Sep-2021 07:48:23 KST  Initiating request to open file file:/scratch/jykim/H_signal/GluGluToHToTauTau/9E43AB94-DAF5-E311-9B09-00266CF32A00.root
09-Sep-2021 07:48:23 KST  Successfully opened file file:/scratch/jykim/H_signal/GluGluToHToTauTau/9E43AB94-DAF5-E311-9B09-00266CF32A00.root
Begin processing the 393001st record. Run 1, Event 17632, LumiSection 177 at 09-Sep-2021 07:48:26.772 KST
Begin processing the 394001st record. Run 1, Event 20432, LumiSection 205 at 09-Sep-2021 07:48:29.873 KST
Begin processing the 395001st record. Run 1, Event 22032, LumiSection 221 at 09-Sep-2021 07:48:32.946 KST
Begin processing the 396001st record. Run 1, Event 4632, LumiSection 2047 at 09-Sep-2021 07:48:36.075 KST
Begin processing the 397001st record. Run 1, Event 65032, LumiSection 2651 at 09-Sep-2021 07:48:39.260 KST
Begin processing the 398001st record. Run 1, Event 69632, LumiSection 2697 at 09-Sep-2021 07:48:42.160 KST
Begin processing the 399001st record. Run 1, Event 77033, LumiSection 2771 at 09-Sep-2021 07:48:45.343 KST
Begin processing the 400001st record. Run 1, Event 78633, LumiSection 2787 at 09-Sep-2021 07:48:48.575 KST
Begin processing the 401001st record. Run 1, Event 63633, LumiSection 4637 at 09-Sep-2021 07:48:51.860 KST
09-Sep-2021 07:48:54 KST  Closed file file:/scratch/jykim/H_signal/GluGluToHToTauTau/9E43AB94-DAF5-E311-9B09-00266CF32A00.root
09-Sep-2021 07:48:54 KST  Initiating request to open file file:/scratch/jykim/H_signal/GluGluToHToTauTau/F4F28962-F6F5-E311-8050-003048D437EC.root
09-Sep-2021 07:48:54 KST  Successfully opened file file:/scratch/jykim/H_signal/GluGluToHToTauTau/F4F28962-F6F5-E311-8050-003048D437EC.root
Begin processing the 402001st record. Run 1, Event 58233, LumiSection 583 at 09-Sep-2021 07:48:55.781 KST
Begin processing the 403001st record. Run 1, Event 79633, LumiSection 797 at 09-Sep-2021 07:48:58.614 KST
09-Sep-2021 07:48:59 KST  Closed file file:/scratch/jykim/H_signal/GluGluToHToTauTau/F4F28962-F6F5-E311-8050-003048D437EC.root
09-Sep-2021 07:48:59 KST  Initiating request to open file file:/scratch/jykim/H_signal/GluGluToHToTauTau/4E7B9F5B-F6F5-E311-B62D-002481E0D448.root
09-Sep-2021 07:48:59 KST  Successfully opened file file:/scratch/jykim/H_signal/GluGluToHToTauTau/4E7B9F5B-F6F5-E311-B62D-002481E0D448.root
Begin processing the 404001st record. Run 1, Event 16033, LumiSection 161 at 09-Sep-2021 07:49:02.433 KST
Begin processing the 405001st record. Run 1, Event 54633, LumiSection 547 at 09-Sep-2021 07:49:05.434 KST
Begin processing the 406001st record. Run 1, Event 193233, LumiSection 1933 at 09-Sep-2021 07:49:08.406 KST
Begin processing the 407001st record. Run 1, Event 85433, LumiSection 855 at 09-Sep-2021 07:49:11.299 KST
Begin processing the 408001st record. Run 1, Event 103233, LumiSection 1033 at 09-Sep-2021 07:49:14.481 KST
Begin processing the 409001st record. Run 1, Event 19633, LumiSection 4197 at 09-Sep-2021 07:49:17.629 KST
09-Sep-2021 07:49:19 KST  Closed file file:/scratch/jykim/H_signal/GluGluToHToTauTau/4E7B9F5B-F6F5-E311-B62D-002481E0D448.root
09-Sep-2021 07:49:19 KST  Initiating request to open file file:/scratch/jykim/H_signal/GluGluToHToTauTau/9EC1C302-D1F5-E311-9BEE-00215AD4D6AE.root
09-Sep-2021 07:49:19 KST  Successfully opened file file:/scratch/jykim/H_signal/GluGluToHToTauTau/9EC1C302-D1F5-E311-9BEE-00215AD4D6AE.root
Begin processing the 410001st record. Run 1, Event 37234, LumiSection 373 at 09-Sep-2021 07:49:21.652 KST
Begin processing the 411001st record. Run 1, Event 94234, LumiSection 2943 at 09-Sep-2021 07:49:24.617 KST
Begin processing the 412001st record. Run 1, Event 181234, LumiSection 1813 at 09-Sep-2021 07:49:27.656 KST
Begin processing the 413001st record. Run 1, Event 142234, LumiSection 1423 at 09-Sep-2021 07:49:30.715 KST
Begin processing the 414001st record. Run 1, Event 194634, LumiSection 1947 at 09-Sep-2021 07:49:33.722 KST
Begin processing the 415001st record. Run 1, Event 153834, LumiSection 1539 at 09-Sep-2021 07:49:36.818 KST
Begin processing the 416001st record. Run 1, Event 174234, LumiSection 1743 at 09-Sep-2021 07:49:39.993 KST
Begin processing the 417001st record. Run 1, Event 188834, LumiSection 1889 at 09-Sep-2021 07:49:43.253 KST
Begin processing the 418001st record. Run 1, Event 42434, LumiSection 2425 at 09-Sep-2021 07:49:46.566 KST
Begin processing the 419001st record. Run 1, Event 44034, LumiSection 2441 at 09-Sep-2021 07:49:49.747 KST
09-Sep-2021 07:49:50 KST  Closed file file:/scratch/jykim/H_signal/GluGluToHToTauTau/9EC1C302-D1F5-E311-9BEE-00215AD4D6AE.root
09-Sep-2021 07:49:50 KST  Initiating request to open file file:/scratch/jykim/H_signal/GluGluToHToTauTau/F66D1F88-E6F5-E311-B6AA-00215AD4D6AE.root
09-Sep-2021 07:49:50 KST  Successfully opened file file:/scratch/jykim/H_signal/GluGluToHToTauTau/F66D1F88-E6F5-E311-B6AA-00215AD4D6AE.root
Begin processing the 420001st record. Run 1, Event 9034, LumiSection 91 at 09-Sep-2021 07:49:54.147 KST
Begin processing the 421001st record. Run 1, Event 40034, LumiSection 401 at 09-Sep-2021 07:49:57.327 KST
Begin processing the 422001st record. Run 1, Event 36034, LumiSection 2361 at 09-Sep-2021 07:50:00.470 KST
Begin processing the 423001st record. Run 1, Event 138834, LumiSection 1389 at 09-Sep-2021 07:50:03.649 KST
Begin processing the 424001st record. Run 1, Event 166634, LumiSection 1667 at 09-Sep-2021 07:50:06.536 KST
Begin processing the 425001st record. Run 1, Event 142434, LumiSection 1425 at 09-Sep-2021 07:50:09.811 KST
Begin processing the 426001st record. Run 1, Event 118434, LumiSection 3185 at 09-Sep-2021 07:50:13.054 KST
Begin processing the 427001st record. Run 1, Event 198234, LumiSection 3983 at 09-Sep-2021 07:50:16.138 KST
09-Sep-2021 07:50:17 KST  Closed file file:/scratch/jykim/H_signal/GluGluToHToTauTau/F66D1F88-E6F5-E311-B6AA-00215AD4D6AE.root
09-Sep-2021 07:50:17 KST  Initiating request to open file file:/scratch/jykim/H_signal/GluGluToHToTauTau/52077DC1-D7F5-E311-94D5-0025904B12B2.root
09-Sep-2021 07:50:17 KST  Successfully opened file file:/scratch/jykim/H_signal/GluGluToHToTauTau/52077DC1-D7F5-E311-94D5-0025904B12B2.root
Begin processing the 428001st record. Run 1, Event 74034, LumiSection 2741 at 09-Sep-2021 07:50:20.048 KST
Begin processing the 429001st record. Run 1, Event 87834, LumiSection 879 at 09-Sep-2021 07:50:23.073 KST
Begin processing the 430001st record. Run 1, Event 134834, LumiSection 3349 at 09-Sep-2021 07:50:26.078 KST
Begin processing the 431001st record. Run 1, Event 81034, LumiSection 2811 at 09-Sep-2021 07:50:29.203 KST
Begin processing the 432001st record. Run 1, Event 85634, LumiSection 2857 at 09-Sep-2021 07:50:32.436 KST
Begin processing the 433001st record. Run 1, Event 106434, LumiSection 3065 at 09-Sep-2021 07:50:36.983 KST
Begin processing the 434001st record. Run 1, Event 191834, LumiSection 3919 at 09-Sep-2021 07:50:40.300 KST
Begin processing the 435001st record. Run 1, Event 45634, LumiSection 4457 at 09-Sep-2021 07:50:43.540 KST
Begin processing the 436001st record. Run 1, Event 54634, LumiSection 4547 at 09-Sep-2021 07:50:46.710 KST
09-Sep-2021 07:50:49 KST  Closed file file:/scratch/jykim/H_signal/GluGluToHToTauTau/52077DC1-D7F5-E311-94D5-0025904B12B2.root
09-Sep-2021 07:50:49 KST  Initiating request to open file file:/scratch/jykim/H_signal/GluGluToHToTauTau/A4775EB8-D3F5-E311-A49A-002590AC539E.root
09-Sep-2021 07:50:49 KST  Successfully opened file file:/scratch/jykim/H_signal/GluGluToHToTauTau/A4775EB8-D3F5-E311-A49A-002590AC539E.root
Begin processing the 437001st record. Run 1, Event 38634, LumiSection 387 at 09-Sep-2021 07:50:50.850 KST
Begin processing the 438001st record. Run 1, Event 135035, LumiSection 3351 at 09-Sep-2021 07:50:54.004 KST
Begin processing the 439001st record. Run 1, Event 160435, LumiSection 1605 at 09-Sep-2021 07:50:56.907 KST
Begin processing the 440001st record. Run 1, Event 185435, LumiSection 1855 at 09-Sep-2021 07:50:59.998 KST
Begin processing the 441001st record. Run 1, Event 25835, LumiSection 2259 at 09-Sep-2021 07:51:03.093 KST
Begin processing the 442001st record. Run 1, Event 129235, LumiSection 3293 at 09-Sep-2021 07:51:06.333 KST
Begin processing the 443001st record. Run 1, Event 130635, LumiSection 3307 at 09-Sep-2021 07:51:09.494 KST
Begin processing the 444001st record. Run 1, Event 31435, LumiSection 4315 at 09-Sep-2021 07:51:12.679 KST
09-Sep-2021 07:51:15 KST  Closed file file:/scratch/jykim/H_signal/GluGluToHToTauTau/A4775EB8-D3F5-E311-A49A-002590AC539E.root
09-Sep-2021 07:51:15 KST  Initiating request to open file file:/scratch/jykim/H_signal/GluGluToHToTauTau/FA6BC783-E6F5-E311-97BA-002481E0DE14.root
09-Sep-2021 07:51:15 KST  Successfully opened file file:/scratch/jykim/H_signal/GluGluToHToTauTau/FA6BC783-E6F5-E311-97BA-002481E0DE14.root
Begin processing the 445001st record. Run 1, Event 57835, LumiSection 579 at 09-Sep-2021 07:51:16.847 KST
Begin processing the 446001st record. Run 1, Event 96035, LumiSection 961 at 09-Sep-2021 07:51:19.748 KST
Begin processing the 447001st record. Run 1, Event 93235, LumiSection 933 at 09-Sep-2021 07:51:23.351 KST
Begin processing the 448001st record. Run 1, Event 99235, LumiSection 993 at 09-Sep-2021 07:51:26.571 KST
Begin processing the 449001st record. Run 1, Event 106435, LumiSection 1065 at 09-Sep-2021 07:51:29.685 KST
Begin processing the 450001st record. Run 1, Event 20635, LumiSection 2207 at 09-Sep-2021 07:51:32.824 KST
Begin processing the 451001st record. Run 1, Event 22835, LumiSection 2229 at 09-Sep-2021 07:51:35.771 KST
Begin processing the 452001st record. Run 1, Event 141835, LumiSection 3419 at 09-Sep-2021 07:51:38.816 KST
Begin processing the 453001st record. Run 1, Event 162835, LumiSection 3629 at 09-Sep-2021 07:51:42.070 KST
Begin processing the 454001st record. Run 1, Event 163835, LumiSection 3639 at 09-Sep-2021 07:51:45.350 KST
Begin processing the 455001st record. Run 1, Event 25835, LumiSection 4259 at 09-Sep-2021 07:51:48.494 KST
Begin processing the 456001st record. Run 1, Event 37836, LumiSection 4379 at 09-Sep-2021 07:51:51.653 KST
09-Sep-2021 07:51:52 KST  Closed file file:/scratch/jykim/H_signal/GluGluToHToTauTau/FA6BC783-E6F5-E311-97BA-002481E0DE14.root
09-Sep-2021 07:51:52 KST  Initiating request to open file file:/scratch/jykim/H_signal/GluGluToHToTauTau/52FCBBB4-CEF5-E311-99EE-002590DB9278.root
09-Sep-2021 07:51:52 KST  Successfully opened file file:/scratch/jykim/H_signal/GluGluToHToTauTau/52FCBBB4-CEF5-E311-99EE-002590DB9278.root
Begin processing the 457001st record. Run 1, Event 79436, LumiSection 795 at 09-Sep-2021 07:51:55.837 KST
Begin processing the 458001st record. Run 1, Event 60436, LumiSection 605 at 09-Sep-2021 07:51:58.969 KST
Begin processing the 459001st record. Run 1, Event 69836, LumiSection 699 at 09-Sep-2021 07:52:01.811 KST
Begin processing the 460001st record. Run 1, Event 101436, LumiSection 1015 at 09-Sep-2021 07:52:04.825 KST
Begin processing the 461001st record. Run 1, Event 40037, LumiSection 2401 at 09-Sep-2021 07:52:07.888 KST
Begin processing the 462001st record. Run 1, Event 41237, LumiSection 2413 at 09-Sep-2021 07:52:11.022 KST
Begin processing the 463001st record. Run 1, Event 111637, LumiSection 3117 at 09-Sep-2021 07:52:13.982 KST
Begin processing the 464001st record. Run 1, Event 159838, LumiSection 3599 at 09-Sep-2021 07:52:17.116 KST
Begin processing the 465001st record. Run 1, Event 116838, LumiSection 3169 at 09-Sep-2021 07:52:20.052 KST
Begin processing the 466001st record. Run 1, Event 144838, LumiSection 3449 at 09-Sep-2021 07:52:23.389 KST
Begin processing the 467001st record. Run 1, Event 154838, LumiSection 3549 at 09-Sep-2021 07:52:26.366 KST
09-Sep-2021 07:52:27 KST  Closed file file:/scratch/jykim/H_signal/GluGluToHToTauTau/52FCBBB4-CEF5-E311-99EE-002590DB9278.root
09-Sep-2021 07:52:27 KST  Initiating request to open file file:/scratch/jykim/H_signal/GluGluToHToTauTau/A4FFFB75-E6F5-E311-8822-0025907DCA9C.root
09-Sep-2021 07:52:27 KST  Successfully opened file file:/scratch/jykim/H_signal/GluGluToHToTauTau/A4FFFB75-E6F5-E311-8822-0025907DCA9C.root
Begin processing the 468001st record. Run 1, Event 139838, LumiSection 1399 at 09-Sep-2021 07:52:30.298 KST
Begin processing the 469001st record. Run 1, Event 193838, LumiSection 1939 at 09-Sep-2021 07:52:33.410 KST
Begin processing the 470001st record. Run 1, Event 195638, LumiSection 1957 at 09-Sep-2021 07:52:36.455 KST
Begin processing the 471001st record. Run 1, Event 122038, LumiSection 3221 at 09-Sep-2021 07:52:39.486 KST
Begin processing the 472001st record. Run 1, Event 123038, LumiSection 3231 at 09-Sep-2021 07:52:42.657 KST
Begin processing the 473001st record. Run 1, Event 124238, LumiSection 3243 at 09-Sep-2021 07:52:45.823 KST
Begin processing the 474001st record. Run 1, Event 182638, LumiSection 3827 at 09-Sep-2021 07:52:49.075 KST
Begin processing the 475001st record. Run 1, Event 8838, LumiSection 4089 at 09-Sep-2021 07:52:52.210 KST
Begin processing the 476001st record. Run 1, Event 199638, LumiSection 3997 at 09-Sep-2021 07:52:55.438 KST
09-Sep-2021 07:52:58 KST  Closed file file:/scratch/jykim/H_signal/GluGluToHToTauTau/A4FFFB75-E6F5-E311-8822-0025907DCA9C.root

=============================================

MessageLogger Summary

 type     category        sev    module        subroutine        count    total
 ---- -------------------- -- ---------------- ----------------  -----    -----
    1 fileAction           -s file_close                            56       56
    2 fileAction           -s file_open                            112      112

 type    category    Examples: run/evt        run/evt          run/evt
 ---- -------------------- ---------------- ---------------- ----------------
    1 fileAction           PostProcessEvent PostProcessEvent PostEndRun
    2 fileAction           pre-events       pre-events       PostProcessEvent

Severity    # Occurrences   Total Occurrences
--------    -------------   -----------------
System                168                 168
