09-Sep-2021 04:51:55 KST  Initiating request to open file file:/scratch/jykim/H_signal/VBF_HToTauTau/004AF8CF-B8EF-E311-86E1-002590D0AF68.root
09-Sep-2021 04:51:56 KST  Successfully opened file file:/scratch/jykim/H_signal/VBF_HToTauTau/004AF8CF-B8EF-E311-86E1-002590D0AF68.root
Begin processing the 1st record. Run 1, Event 1801, LumiSection 19 at 09-Sep-2021 04:51:58.179 KST
Begin processing the 1001st record. Run 1, Event 13703, LumiSection 138 at 09-Sep-2021 04:51:59.469 KST
Begin processing the 2001st record. Run 1, Event 74904, LumiSection 750 at 09-Sep-2021 04:52:00.726 KST
Begin processing the 3001st record. Run 1, Event 81804, LumiSection 819 at 09-Sep-2021 04:52:01.962 KST
Begin processing the 4001st record. Run 1, Event 109705, LumiSection 1098 at 09-Sep-2021 04:52:03.259 KST
Begin processing the 5001st record. Run 1, Event 125607, LumiSection 1257 at 09-Sep-2021 04:52:04.525 KST
Begin processing the 6001st record. Run 1, Event 146707, LumiSection 1468 at 09-Sep-2021 04:52:05.864 KST
Begin processing the 7001st record. Run 1, Event 185408, LumiSection 1855 at 09-Sep-2021 04:52:07.202 KST
Begin processing the 8001st record. Run 1, Event 48908, LumiSection 2490 at 09-Sep-2021 04:52:08.576 KST
Begin processing the 9001st record. Run 1, Event 54508, LumiSection 2546 at 09-Sep-2021 04:52:09.955 KST
Begin processing the 10001st record. Run 1, Event 122308, LumiSection 3224 at 09-Sep-2021 04:52:11.335 KST
Begin processing the 11001st record. Run 1, Event 170009, LumiSection 3701 at 09-Sep-2021 04:52:12.747 KST
Begin processing the 12001st record. Run 1, Event 177011, LumiSection 3771 at 09-Sep-2021 04:52:14.124 KST
09-Sep-2021 04:52:15 KST  Closed file file:/scratch/jykim/H_signal/VBF_HToTauTau/004AF8CF-B8EF-E311-86E1-002590D0AF68.root
09-Sep-2021 04:52:15 KST  Initiating request to open file file:/scratch/jykim/H_signal/VBF_HToTauTau/044EE8D3-B2EF-E311-AC95-002590D0B016.root
09-Sep-2021 04:52:15 KST  Successfully opened file file:/scratch/jykim/H_signal/VBF_HToTauTau/044EE8D3-B2EF-E311-AC95-002590D0B016.root
Begin processing the 13001st record. Run 1, Event 913, LumiSection 10 at 09-Sep-2021 04:52:16.409 KST
Begin processing the 14001st record. Run 1, Event 5115, LumiSection 52 at 09-Sep-2021 04:52:17.638 KST
Begin processing the 15001st record. Run 1, Event 13918, LumiSection 140 at 09-Sep-2021 04:52:18.894 KST
Begin processing the 16001st record. Run 1, Event 29720, LumiSection 298 at 09-Sep-2021 04:52:20.205 KST
Begin processing the 17001st record. Run 1, Event 111620, LumiSection 1117 at 09-Sep-2021 04:52:21.469 KST
Begin processing the 18001st record. Run 1, Event 168321, LumiSection 1684 at 09-Sep-2021 04:52:22.791 KST
Begin processing the 19001st record. Run 1, Event 44725, LumiSection 2448 at 09-Sep-2021 04:52:24.098 KST
Begin processing the 20001st record. Run 1, Event 184925, LumiSection 3850 at 09-Sep-2021 04:52:25.433 KST
Begin processing the 21001st record. Run 1, Event 174828, LumiSection 3749 at 09-Sep-2021 04:52:26.820 KST
09-Sep-2021 04:52:28 KST  Closed file file:/scratch/jykim/H_signal/VBF_HToTauTau/044EE8D3-B2EF-E311-AC95-002590D0B016.root
09-Sep-2021 04:52:28 KST  Initiating request to open file file:/scratch/jykim/H_signal/VBF_HToTauTau/0875723E-C0EF-E311-9A27-002590D0AFCC.root
09-Sep-2021 04:52:28 KST  Successfully opened file file:/scratch/jykim/H_signal/VBF_HToTauTau/0875723E-C0EF-E311-9A27-002590D0AFCC.root
Begin processing the 22001st record. Run 1, Event 3428, LumiSection 35 at 09-Sep-2021 04:52:28.969 KST
Begin processing the 23001st record. Run 1, Event 62534, LumiSection 626 at 09-Sep-2021 04:52:30.224 KST
Begin processing the 24001st record. Run 1, Event 161634, LumiSection 1617 at 09-Sep-2021 04:52:31.522 KST
Begin processing the 25001st record. Run 1, Event 188137, LumiSection 1882 at 09-Sep-2021 04:52:32.778 KST
Begin processing the 26001st record. Run 1, Event 67837, LumiSection 2679 at 09-Sep-2021 04:52:34.080 KST
Begin processing the 27001st record. Run 1, Event 126438, LumiSection 3265 at 09-Sep-2021 04:52:35.430 KST
Begin processing the 28001st record. Run 1, Event 110140, LumiSection 3102 at 09-Sep-2021 04:52:36.739 KST
09-Sep-2021 04:52:37 KST  Closed file file:/scratch/jykim/H_signal/VBF_HToTauTau/0875723E-C0EF-E311-9A27-002590D0AFCC.root
09-Sep-2021 04:52:37 KST  Initiating request to open file file:/scratch/jykim/H_signal/VBF_HToTauTau/0AB55653-62EF-E311-8CE0-002590D0AFB8.root
09-Sep-2021 04:52:37 KST  Successfully opened file file:/scratch/jykim/H_signal/VBF_HToTauTau/0AB55653-62EF-E311-8CE0-002590D0AFB8.root
Begin processing the 29001st record. Run 1, Event 12440, LumiSection 125 at 09-Sep-2021 04:52:38.873 KST
Begin processing the 30001st record. Run 1, Event 96242, LumiSection 963 at 09-Sep-2021 04:52:40.108 KST
Begin processing the 31001st record. Run 1, Event 109343, LumiSection 3094 at 09-Sep-2021 04:52:41.373 KST
Begin processing the 32001st record. Run 1, Event 79644, LumiSection 2797 at 09-Sep-2021 04:52:42.631 KST
Begin processing the 33001st record. Run 1, Event 64045, LumiSection 2641 at 09-Sep-2021 04:52:43.892 KST
Begin processing the 34001st record. Run 1, Event 133747, LumiSection 3338 at 09-Sep-2021 04:52:45.181 KST
Begin processing the 35001st record. Run 1, Event 146550, LumiSection 3466 at 09-Sep-2021 04:52:46.512 KST
Begin processing the 36001st record. Run 1, Event 19252, LumiSection 4193 at 09-Sep-2021 04:52:47.858 KST
Begin processing the 37001st record. Run 1, Event 71153, LumiSection 4712 at 09-Sep-2021 04:52:49.203 KST
09-Sep-2021 04:52:49 KST  Closed file file:/scratch/jykim/H_signal/VBF_HToTauTau/0AB55653-62EF-E311-8CE0-002590D0AFB8.root
09-Sep-2021 04:52:49 KST  Initiating request to open file file:/scratch/jykim/H_signal/VBF_HToTauTau/0E4D8384-72EF-E311-9D63-002590D0AFAE.root
09-Sep-2021 04:52:49 KST  Successfully opened file file:/scratch/jykim/H_signal/VBF_HToTauTau/0E4D8384-72EF-E311-9D63-002590D0AFAE.root
Begin processing the 38001st record. Run 1, Event 43554, LumiSection 436 at 09-Sep-2021 04:52:51.303 KST
Begin processing the 39001st record. Run 1, Event 59058, LumiSection 591 at 09-Sep-2021 04:52:52.566 KST
Begin processing the 40001st record. Run 1, Event 102362, LumiSection 1024 at 09-Sep-2021 04:52:53.835 KST
Begin processing the 41001st record. Run 1, Event 166064, LumiSection 1661 at 09-Sep-2021 04:52:55.118 KST
Begin processing the 42001st record. Run 1, Event 90566, LumiSection 2906 at 09-Sep-2021 04:52:56.426 KST
Begin processing the 43001st record. Run 1, Event 23066, LumiSection 2231 at 09-Sep-2021 04:52:57.723 KST
Begin processing the 44001st record. Run 1, Event 94368, LumiSection 2944 at 09-Sep-2021 04:52:59.030 KST
Begin processing the 45001st record. Run 1, Event 49170, LumiSection 4492 at 09-Sep-2021 04:53:00.414 KST
09-Sep-2021 04:53:01 KST  Closed file file:/scratch/jykim/H_signal/VBF_HToTauTau/0E4D8384-72EF-E311-9D63-002590D0AFAE.root
09-Sep-2021 04:53:01 KST  Initiating request to open file file:/scratch/jykim/H_signal/VBF_HToTauTau/1C8E5666-6EEF-E311-8B17-90E6BA19A248.root
09-Sep-2021 04:53:01 KST  Successfully opened file file:/scratch/jykim/H_signal/VBF_HToTauTau/1C8E5666-6EEF-E311-8B17-90E6BA19A248.root
Begin processing the 46001st record. Run 1, Event 71170, LumiSection 712 at 09-Sep-2021 04:53:02.614 KST
Begin processing the 47001st record. Run 1, Event 129372, LumiSection 1294 at 09-Sep-2021 04:53:03.860 KST
Begin processing the 48001st record. Run 1, Event 29674, LumiSection 2297 at 09-Sep-2021 04:53:05.097 KST
Begin processing the 49001st record. Run 1, Event 69677, LumiSection 2697 at 09-Sep-2021 04:53:06.363 KST
Begin processing the 50001st record. Run 1, Event 102779, LumiSection 3028 at 09-Sep-2021 04:53:07.683 KST
Begin processing the 51001st record. Run 1, Event 157180, LumiSection 3572 at 09-Sep-2021 04:53:08.975 KST
Begin processing the 52001st record. Run 1, Event 196881, LumiSection 3969 at 09-Sep-2021 04:53:10.251 KST
Begin processing the 53001st record. Run 1, Event 35782, LumiSection 4358 at 09-Sep-2021 04:53:11.578 KST
Begin processing the 54001st record. Run 1, Event 63183, LumiSection 4632 at 09-Sep-2021 04:53:12.871 KST
09-Sep-2021 04:53:13 KST  Closed file file:/scratch/jykim/H_signal/VBF_HToTauTau/1C8E5666-6EEF-E311-8B17-90E6BA19A248.root
09-Sep-2021 04:53:13 KST  Initiating request to open file file:/scratch/jykim/H_signal/VBF_HToTauTau/2081C155-BDEF-E311-BB2F-E0CB4E19F9B2.root
09-Sep-2021 04:53:13 KST  Successfully opened file file:/scratch/jykim/H_signal/VBF_HToTauTau/2081C155-BDEF-E311-BB2F-E0CB4E19F9B2.root
Begin processing the 55001st record. Run 1, Event 23586, LumiSection 236 at 09-Sep-2021 04:53:15.039 KST
Begin processing the 56001st record. Run 1, Event 83987, LumiSection 840 at 09-Sep-2021 04:53:16.275 KST
Begin processing the 57001st record. Run 1, Event 152487, LumiSection 1525 at 09-Sep-2021 04:53:17.562 KST
Begin processing the 58001st record. Run 1, Event 11287, LumiSection 2113 at 09-Sep-2021 04:53:18.888 KST
Begin processing the 59001st record. Run 1, Event 91588, LumiSection 2916 at 09-Sep-2021 04:53:20.230 KST
Begin processing the 60001st record. Run 1, Event 20489, LumiSection 2205 at 09-Sep-2021 04:53:21.674 KST
Begin processing the 61001st record. Run 1, Event 68690, LumiSection 2687 at 09-Sep-2021 04:53:23.015 KST
Begin processing the 62001st record. Run 1, Event 184791, LumiSection 3848 at 09-Sep-2021 04:53:24.385 KST
Begin processing the 63001st record. Run 1, Event 23894, LumiSection 4239 at 09-Sep-2021 04:53:25.808 KST
09-Sep-2021 04:53:26 KST  Closed file file:/scratch/jykim/H_signal/VBF_HToTauTau/2081C155-BDEF-E311-BB2F-E0CB4E19F9B2.root
09-Sep-2021 04:53:26 KST  Initiating request to open file file:/scratch/jykim/H_signal/VBF_HToTauTau/224A4784-66EF-E311-8338-20CF3019DF11.root
09-Sep-2021 04:53:26 KST  Successfully opened file file:/scratch/jykim/H_signal/VBF_HToTauTau/224A4784-66EF-E311-8338-20CF3019DF11.root
Begin processing the 64001st record. Run 1, Event 28994, LumiSection 290 at 09-Sep-2021 04:53:27.936 KST
Begin processing the 65001st record. Run 1, Event 58894, LumiSection 2589 at 09-Sep-2021 04:53:29.178 KST
Begin processing the 66001st record. Run 1, Event 192894, LumiSection 3929 at 09-Sep-2021 04:53:30.452 KST
Begin processing the 67001st record. Run 1, Event 15095, LumiSection 4151 at 09-Sep-2021 04:53:31.778 KST
Begin processing the 68001st record. Run 1, Event 199995, LumiSection 4000 at 09-Sep-2021 04:53:33.081 KST
Begin processing the 69001st record. Run 1, Event 31996, LumiSection 4320 at 09-Sep-2021 04:53:34.367 KST
Begin processing the 70001st record. Run 1, Event 91296, LumiSection 4913 at 09-Sep-2021 04:53:35.692 KST
09-Sep-2021 04:53:35 KST  Closed file file:/scratch/jykim/H_signal/VBF_HToTauTau/224A4784-66EF-E311-8338-20CF3019DF11.root
09-Sep-2021 04:53:35 KST  Initiating request to open file file:/scratch/jykim/H_signal/VBF_HToTauTau/2C7970F9-70EF-E311-830E-BCAEC50971E3.root
09-Sep-2021 04:53:35 KST  Successfully opened file file:/scratch/jykim/H_signal/VBF_HToTauTau/2C7970F9-70EF-E311-830E-BCAEC50971E3.root
Begin processing the 71001st record. Run 1, Event 79297, LumiSection 793 at 09-Sep-2021 04:53:37.830 KST
Begin processing the 72001st record. Run 1, Event 40097, LumiSection 401 at 09-Sep-2021 04:53:39.088 KST
Begin processing the 73001st record. Run 1, Event 100699, LumiSection 1007 at 09-Sep-2021 04:53:40.368 KST
Begin processing the 74001st record. Run 1, Event 88600, LumiSection 886 at 09-Sep-2021 04:53:41.678 KST
Begin processing the 75001st record. Run 1, Event 142702, LumiSection 1428 at 09-Sep-2021 04:53:43.006 KST
Begin processing the 76001st record. Run 1, Event 106303, LumiSection 3064 at 09-Sep-2021 04:53:44.341 KST
Begin processing the 77001st record. Run 1, Event 81004, LumiSection 2811 at 09-Sep-2021 04:53:45.637 KST
Begin processing the 78001st record. Run 1, Event 94906, LumiSection 2950 at 09-Sep-2021 04:53:46.999 KST
Begin processing the 79001st record. Run 1, Event 10507, LumiSection 4106 at 09-Sep-2021 04:53:48.395 KST
Begin processing the 80001st record. Run 1, Event 66708, LumiSection 4668 at 09-Sep-2021 04:53:49.768 KST
09-Sep-2021 04:53:50 KST  Closed file file:/scratch/jykim/H_signal/VBF_HToTauTau/2C7970F9-70EF-E311-830E-BCAEC50971E3.root
09-Sep-2021 04:53:50 KST  Initiating request to open file file:/scratch/jykim/H_signal/VBF_HToTauTau/38334B7D-B5EF-E311-AF43-E0CB4E553646.root
09-Sep-2021 04:53:50 KST  Successfully opened file file:/scratch/jykim/H_signal/VBF_HToTauTau/38334B7D-B5EF-E311-AF43-E0CB4E553646.root
Begin processing the 81001st record. Run 1, Event 60810, LumiSection 609 at 09-Sep-2021 04:53:52.005 KST
Begin processing the 82001st record. Run 1, Event 74111, LumiSection 742 at 09-Sep-2021 04:53:53.254 KST
Begin processing the 83001st record. Run 1, Event 81111, LumiSection 812 at 09-Sep-2021 04:53:54.533 KST
Begin processing the 84001st record. Run 1, Event 115511, LumiSection 1156 at 09-Sep-2021 04:53:55.814 KST
Begin processing the 85001st record. Run 1, Event 173212, LumiSection 1733 at 09-Sep-2021 04:53:57.091 KST
Begin processing the 86001st record. Run 1, Event 186212, LumiSection 1863 at 09-Sep-2021 04:53:58.414 KST
Begin processing the 87001st record. Run 1, Event 33115, LumiSection 2332 at 09-Sep-2021 04:53:59.698 KST
Begin processing the 88001st record. Run 1, Event 41217, LumiSection 2413 at 09-Sep-2021 04:54:01.028 KST
Begin processing the 89001st record. Run 1, Event 46818, LumiSection 2469 at 09-Sep-2021 04:54:02.381 KST
Begin processing the 90001st record. Run 1, Event 111519, LumiSection 3116 at 09-Sep-2021 04:54:03.764 KST
Begin processing the 91001st record. Run 1, Event 123720, LumiSection 3238 at 09-Sep-2021 04:54:05.183 KST
Begin processing the 92001st record. Run 1, Event 12621, LumiSection 4127 at 09-Sep-2021 04:54:06.635 KST
Begin processing the 93001st record. Run 1, Event 80922, LumiSection 4810 at 09-Sep-2021 04:54:08.105 KST
09-Sep-2021 04:54:08 KST  Closed file file:/scratch/jykim/H_signal/VBF_HToTauTau/38334B7D-B5EF-E311-AF43-E0CB4E553646.root
09-Sep-2021 04:54:08 KST  Initiating request to open file file:/scratch/jykim/H_signal/VBF_HToTauTau/3AA31E4A-8FEF-E311-BB8F-002590D0B062.root
09-Sep-2021 04:54:08 KST  Successfully opened file file:/scratch/jykim/H_signal/VBF_HToTauTau/3AA31E4A-8FEF-E311-BB8F-002590D0B062.root
Begin processing the 94001st record. Run 1, Event 29425, LumiSection 295 at 09-Sep-2021 04:54:10.185 KST
Begin processing the 95001st record. Run 1, Event 4426, LumiSection 2045 at 09-Sep-2021 04:54:11.492 KST
Begin processing the 96001st record. Run 1, Event 8629, LumiSection 2087 at 09-Sep-2021 04:54:12.790 KST
Begin processing the 97001st record. Run 1, Event 91132, LumiSection 2912 at 09-Sep-2021 04:54:14.104 KST
09-Sep-2021 04:54:15 KST  Closed file file:/scratch/jykim/H_signal/VBF_HToTauTau/3AA31E4A-8FEF-E311-BB8F-002590D0B062.root
09-Sep-2021 04:54:15 KST  Initiating request to open file file:/scratch/jykim/H_signal/VBF_HToTauTau/44F4A6D9-C6EF-E311-B460-00259073E30E.root
09-Sep-2021 04:54:15 KST  Successfully opened file file:/scratch/jykim/H_signal/VBF_HToTauTau/44F4A6D9-C6EF-E311-B460-00259073E30E.root
Begin processing the 98001st record. Run 1, Event 17133, LumiSection 172 at 09-Sep-2021 04:54:16.207 KST
Begin processing the 99001st record. Run 1, Event 17735, LumiSection 2178 at 09-Sep-2021 04:54:17.482 KST
Begin processing the 100001st record. Run 1, Event 64337, LumiSection 2644 at 09-Sep-2021 04:54:18.777 KST
Begin processing the 101001st record. Run 1, Event 71937, LumiSection 2720 at 09-Sep-2021 04:54:20.057 KST
Begin processing the 102001st record. Run 1, Event 25339, LumiSection 4254 at 09-Sep-2021 04:54:21.350 KST
09-Sep-2021 04:54:22 KST  Closed file file:/scratch/jykim/H_signal/VBF_HToTauTau/44F4A6D9-C6EF-E311-B460-00259073E30E.root
09-Sep-2021 04:54:22 KST  Initiating request to open file file:/scratch/jykim/H_signal/VBF_HToTauTau/460A92FC-73EF-E311-873A-0025907B4F00.root
09-Sep-2021 04:54:22 KST  Successfully opened file file:/scratch/jykim/H_signal/VBF_HToTauTau/460A92FC-73EF-E311-873A-0025907B4F00.root
Begin processing the 103001st record. Run 1, Event 23040, LumiSection 231 at 09-Sep-2021 04:54:23.480 KST
Begin processing the 104001st record. Run 1, Event 100242, LumiSection 1003 at 09-Sep-2021 04:54:24.725 KST
Begin processing the 105001st record. Run 1, Event 141044, LumiSection 1411 at 09-Sep-2021 04:54:25.998 KST
Begin processing the 106001st record. Run 1, Event 182644, LumiSection 1827 at 09-Sep-2021 04:54:27.246 KST
Begin processing the 107001st record. Run 1, Event 7046, LumiSection 2071 at 09-Sep-2021 04:54:28.526 KST
Begin processing the 108001st record. Run 1, Event 21847, LumiSection 2219 at 09-Sep-2021 04:54:29.845 KST
Begin processing the 109001st record. Run 1, Event 66648, LumiSection 2667 at 09-Sep-2021 04:54:31.162 KST
Begin processing the 110001st record. Run 1, Event 98450, LumiSection 2985 at 09-Sep-2021 04:54:32.500 KST
09-Sep-2021 04:54:33 KST  Closed file file:/scratch/jykim/H_signal/VBF_HToTauTau/460A92FC-73EF-E311-873A-0025907B4F00.root
09-Sep-2021 04:54:33 KST  Initiating request to open file file:/scratch/jykim/H_signal/VBF_HToTauTau/4A008651-77EF-E311-8AD4-002590D0AFD4.root
09-Sep-2021 04:54:33 KST  Successfully opened file file:/scratch/jykim/H_signal/VBF_HToTauTau/4A008651-77EF-E311-8AD4-002590D0AFD4.root
Begin processing the 111001st record. Run 1, Event 53151, LumiSection 532 at 09-Sep-2021 04:54:34.672 KST
Begin processing the 112001st record. Run 1, Event 110854, LumiSection 1109 at 09-Sep-2021 04:54:35.964 KST
Begin processing the 113001st record. Run 1, Event 137954, LumiSection 1380 at 09-Sep-2021 04:54:37.227 KST
Begin processing the 114001st record. Run 1, Event 25359, LumiSection 2254 at 09-Sep-2021 04:54:38.515 KST
Begin processing the 115001st record. Run 1, Event 80459, LumiSection 2805 at 09-Sep-2021 04:54:39.844 KST
Begin processing the 116001st record. Run 1, Event 111959, LumiSection 3120 at 09-Sep-2021 04:54:41.157 KST
Begin processing the 117001st record. Run 1, Event 144260, LumiSection 3443 at 09-Sep-2021 04:54:42.550 KST
Begin processing the 118001st record. Run 1, Event 149061, LumiSection 3491 at 09-Sep-2021 04:54:43.941 KST
Begin processing the 119001st record. Run 1, Event 152462, LumiSection 3525 at 09-Sep-2021 04:54:45.332 KST
Begin processing the 120001st record. Run 1, Event 44263, LumiSection 4443 at 09-Sep-2021 04:54:46.769 KST
09-Sep-2021 04:54:48 KST  Closed file file:/scratch/jykim/H_signal/VBF_HToTauTau/4A008651-77EF-E311-8AD4-002590D0AFD4.root
09-Sep-2021 04:54:48 KST  Initiating request to open file file:/scratch/jykim/H_signal/VBF_HToTauTau/4E036113-6AEF-E311-A8ED-00259073E4DA.root
09-Sep-2021 04:54:48 KST  Successfully opened file file:/scratch/jykim/H_signal/VBF_HToTauTau/4E036113-6AEF-E311-A8ED-00259073E4DA.root
Begin processing the 121001st record. Run 1, Event 24564, LumiSection 246 at 09-Sep-2021 04:54:49.030 KST
Begin processing the 122001st record. Run 1, Event 45366, LumiSection 454 at 09-Sep-2021 04:54:50.251 KST
Begin processing the 123001st record. Run 1, Event 118066, LumiSection 1181 at 09-Sep-2021 04:54:51.534 KST
Begin processing the 124001st record. Run 1, Event 68366, LumiSection 2684 at 09-Sep-2021 04:54:52.833 KST
Begin processing the 125001st record. Run 1, Event 75266, LumiSection 2753 at 09-Sep-2021 04:54:54.117 KST
Begin processing the 126001st record. Run 1, Event 135170, LumiSection 3352 at 09-Sep-2021 04:54:55.410 KST
Begin processing the 127001st record. Run 1, Event 21371, LumiSection 4214 at 09-Sep-2021 04:54:56.755 KST
Begin processing the 128001st record. Run 1, Event 45072, LumiSection 4451 at 09-Sep-2021 04:54:58.140 KST
09-Sep-2021 04:54:58 KST  Closed file file:/scratch/jykim/H_signal/VBF_HToTauTau/4E036113-6AEF-E311-A8ED-00259073E4DA.root
09-Sep-2021 04:54:58 KST  Initiating request to open file file:/scratch/jykim/H_signal/VBF_HToTauTau/5064EEF7-71EF-E311-A56D-E0CB4E19F995.root
09-Sep-2021 04:54:58 KST  Successfully opened file file:/scratch/jykim/H_signal/VBF_HToTauTau/5064EEF7-71EF-E311-A56D-E0CB4E19F995.root
Begin processing the 129001st record. Run 1, Event 32672, LumiSection 327 at 09-Sep-2021 04:55:00.264 KST
Begin processing the 130001st record. Run 1, Event 38372, LumiSection 384 at 09-Sep-2021 04:55:01.522 KST
Begin processing the 131001st record. Run 1, Event 65574, LumiSection 2656 at 09-Sep-2021 04:55:02.769 KST
Begin processing the 132001st record. Run 1, Event 121475, LumiSection 1215 at 09-Sep-2021 04:55:04.082 KST
Begin processing the 133001st record. Run 1, Event 140979, LumiSection 3410 at 09-Sep-2021 04:55:05.366 KST
Begin processing the 134001st record. Run 1, Event 150980, LumiSection 3510 at 09-Sep-2021 04:55:06.674 KST
Begin processing the 135001st record. Run 1, Event 45482, LumiSection 4455 at 09-Sep-2021 04:55:07.999 KST
Begin processing the 136001st record. Run 1, Event 48982, LumiSection 4490 at 09-Sep-2021 04:55:09.350 KST
Begin processing the 137001st record. Run 1, Event 81382, LumiSection 4814 at 09-Sep-2021 04:55:10.740 KST
09-Sep-2021 04:55:11 KST  Closed file file:/scratch/jykim/H_signal/VBF_HToTauTau/5064EEF7-71EF-E311-A56D-E0CB4E19F995.root
09-Sep-2021 04:55:11 KST  Initiating request to open file file:/scratch/jykim/H_signal/VBF_HToTauTau/52E3201B-69EF-E311-B5BC-E0CB4E29C4C2.root
09-Sep-2021 04:55:11 KST  Successfully opened file file:/scratch/jykim/H_signal/VBF_HToTauTau/52E3201B-69EF-E311-B5BC-E0CB4E29C4C2.root
Begin processing the 138001st record. Run 1, Event 24082, LumiSection 241 at 09-Sep-2021 04:55:12.841 KST
Begin processing the 139001st record. Run 1, Event 88182, LumiSection 882 at 09-Sep-2021 04:55:14.115 KST
Begin processing the 140001st record. Run 1, Event 24584, LumiSection 2246 at 09-Sep-2021 04:55:15.376 KST
Begin processing the 141001st record. Run 1, Event 38585, LumiSection 2386 at 09-Sep-2021 04:55:16.655 KST
Begin processing the 142001st record. Run 1, Event 178788, LumiSection 3788 at 09-Sep-2021 04:55:17.982 KST
Begin processing the 143001st record. Run 1, Event 4988, LumiSection 4050 at 09-Sep-2021 04:55:19.259 KST
Begin processing the 144001st record. Run 1, Event 86388, LumiSection 4864 at 09-Sep-2021 04:55:20.591 KST
09-Sep-2021 04:55:21 KST  Closed file file:/scratch/jykim/H_signal/VBF_HToTauTau/52E3201B-69EF-E311-B5BC-E0CB4E29C4C2.root
09-Sep-2021 04:55:21 KST  Initiating request to open file file:/scratch/jykim/H_signal/VBF_HToTauTau/563C4FF8-78EF-E311-B8E7-00259073E41E.root
09-Sep-2021 04:55:21 KST  Successfully opened file file:/scratch/jykim/H_signal/VBF_HToTauTau/563C4FF8-78EF-E311-B8E7-00259073E41E.root
Begin processing the 145001st record. Run 1, Event 31388, LumiSection 314 at 09-Sep-2021 04:55:22.712 KST
Begin processing the 146001st record. Run 1, Event 37990, LumiSection 380 at 09-Sep-2021 04:55:23.966 KST
Begin processing the 147001st record. Run 1, Event 51790, LumiSection 518 at 09-Sep-2021 04:55:25.267 KST
Begin processing the 148001st record. Run 1, Event 141492, LumiSection 1415 at 09-Sep-2021 04:55:26.614 KST
Begin processing the 149001st record. Run 1, Event 172993, LumiSection 1730 at 09-Sep-2021 04:55:27.891 KST
Begin processing the 150001st record. Run 1, Event 195093, LumiSection 1951 at 09-Sep-2021 04:55:29.170 KST
Begin processing the 151001st record. Run 1, Event 138995, LumiSection 3390 at 09-Sep-2021 04:55:30.514 KST
Begin processing the 152001st record. Run 1, Event 65896, LumiSection 4659 at 09-Sep-2021 04:55:31.921 KST
Begin processing the 153001st record. Run 1, Event 46999, LumiSection 4470 at 09-Sep-2021 04:55:33.291 KST
09-Sep-2021 04:55:33 KST  Closed file file:/scratch/jykim/H_signal/VBF_HToTauTau/563C4FF8-78EF-E311-B8E7-00259073E41E.root
09-Sep-2021 04:55:33 KST  Initiating request to open file file:/scratch/jykim/H_signal/VBF_HToTauTau/56B4E39A-65EF-E311-BD9C-001EC9D7F217.root
09-Sep-2021 04:55:33 KST  Successfully opened file file:/scratch/jykim/H_signal/VBF_HToTauTau/56B4E39A-65EF-E311-BD9C-001EC9D7F217.root
Begin processing the 154001st record. Run 1, Event 55801, LumiSection 559 at 09-Sep-2021 04:55:35.365 KST
Begin processing the 155001st record. Run 1, Event 157801, LumiSection 1579 at 09-Sep-2021 04:55:36.684 KST
Begin processing the 156001st record. Run 1, Event 69803, LumiSection 2699 at 09-Sep-2021 04:55:37.960 KST
Begin processing the 157001st record. Run 1, Event 90004, LumiSection 2901 at 09-Sep-2021 04:55:39.272 KST
Begin processing the 158001st record. Run 1, Event 160406, LumiSection 3605 at 09-Sep-2021 04:55:40.593 KST
Begin processing the 159001st record. Run 1, Event 26406, LumiSection 4265 at 09-Sep-2021 04:55:41.932 KST
09-Sep-2021 04:55:43 KST  Closed file file:/scratch/jykim/H_signal/VBF_HToTauTau/56B4E39A-65EF-E311-BD9C-001EC9D7F217.root
09-Sep-2021 04:55:43 KST  Initiating request to open file file:/scratch/jykim/H_signal/VBF_HToTauTau/5871BABF-B9EF-E311-ABDC-20CF305B0556.root
09-Sep-2021 04:55:43 KST  Successfully opened file file:/scratch/jykim/H_signal/VBF_HToTauTau/5871BABF-B9EF-E311-ABDC-20CF305B0556.root
Begin processing the 160001st record. Run 1, Event 3106, LumiSection 32 at 09-Sep-2021 04:55:44.150 KST
Begin processing the 161001st record. Run 1, Event 52808, LumiSection 529 at 09-Sep-2021 04:55:45.429 KST
Begin processing the 162001st record. Run 1, Event 61509, LumiSection 616 at 09-Sep-2021 04:55:46.688 KST
Begin processing the 163001st record. Run 1, Event 77410, LumiSection 775 at 09-Sep-2021 04:55:47.985 KST
Begin processing the 164001st record. Run 1, Event 151411, LumiSection 1515 at 09-Sep-2021 04:55:49.263 KST
Begin processing the 165001st record. Run 1, Event 152711, LumiSection 1528 at 09-Sep-2021 04:55:50.576 KST
Begin processing the 166001st record. Run 1, Event 152913, LumiSection 3530 at 09-Sep-2021 04:55:51.890 KST
Begin processing the 167001st record. Run 1, Event 190413, LumiSection 3905 at 09-Sep-2021 04:55:53.179 KST
Begin processing the 168001st record. Run 1, Event 87914, LumiSection 4880 at 09-Sep-2021 04:55:54.518 KST
09-Sep-2021 04:55:55 KST  Closed file file:/scratch/jykim/H_signal/VBF_HToTauTau/5871BABF-B9EF-E311-ABDC-20CF305B0556.root
09-Sep-2021 04:55:55 KST  Initiating request to open file file:/scratch/jykim/H_signal/VBF_HToTauTau/5E1C9C80-75EF-E311-9C53-002590D0B062.root
09-Sep-2021 04:55:55 KST  Successfully opened file file:/scratch/jykim/H_signal/VBF_HToTauTau/5E1C9C80-75EF-E311-9C53-002590D0B062.root
Begin processing the 169001st record. Run 1, Event 63515, LumiSection 636 at 09-Sep-2021 04:55:56.624 KST
Begin processing the 170001st record. Run 1, Event 106416, LumiSection 1065 at 09-Sep-2021 04:55:57.873 KST
Begin processing the 171001st record. Run 1, Event 163916, LumiSection 1640 at 09-Sep-2021 04:55:59.125 KST
Begin processing the 172001st record. Run 1, Event 191916, LumiSection 1920 at 09-Sep-2021 04:56:00.389 KST
Begin processing the 173001st record. Run 1, Event 19016, LumiSection 2191 at 09-Sep-2021 04:56:01.686 KST
Begin processing the 174001st record. Run 1, Event 156217, LumiSection 3563 at 09-Sep-2021 04:56:02.990 KST
Begin processing the 175001st record. Run 1, Event 84019, LumiSection 4841 at 09-Sep-2021 04:56:04.342 KST
09-Sep-2021 04:56:04 KST  Closed file file:/scratch/jykim/H_signal/VBF_HToTauTau/5E1C9C80-75EF-E311-9C53-002590D0B062.root
09-Sep-2021 04:56:04 KST  Initiating request to open file file:/scratch/jykim/H_signal/VBF_HToTauTau/60478524-70EF-E311-B693-0025907B5038.root
09-Sep-2021 04:56:04 KST  Successfully opened file file:/scratch/jykim/H_signal/VBF_HToTauTau/60478524-70EF-E311-B693-0025907B5038.root
Begin processing the 176001st record. Run 1, Event 26621, LumiSection 267 at 09-Sep-2021 04:56:06.562 KST
Begin processing the 177001st record. Run 1, Event 79422, LumiSection 795 at 09-Sep-2021 04:56:07.841 KST
Begin processing the 178001st record. Run 1, Event 96424, LumiSection 965 at 09-Sep-2021 04:56:09.126 KST
Begin processing the 179001st record. Run 1, Event 113325, LumiSection 1134 at 09-Sep-2021 04:56:10.403 KST
Begin processing the 180001st record. Run 1, Event 127526, LumiSection 1276 at 09-Sep-2021 04:56:11.733 KST
Begin processing the 181001st record. Run 1, Event 131827, LumiSection 1319 at 09-Sep-2021 04:56:13.017 KST
Begin processing the 182001st record. Run 1, Event 166127, LumiSection 1662 at 09-Sep-2021 04:56:14.326 KST
Begin processing the 183001st record. Run 1, Event 2827, LumiSection 2029 at 09-Sep-2021 04:56:15.679 KST
Begin processing the 184001st record. Run 1, Event 84729, LumiSection 2848 at 09-Sep-2021 04:56:17.053 KST
Begin processing the 185001st record. Run 1, Event 148031, LumiSection 3481 at 09-Sep-2021 04:56:18.376 KST
Begin processing the 186001st record. Run 1, Event 26231, LumiSection 4263 at 09-Sep-2021 04:56:19.788 KST
Begin processing the 187001st record. Run 1, Event 67431, LumiSection 4675 at 09-Sep-2021 04:56:21.176 KST
09-Sep-2021 04:56:22 KST  Closed file file:/scratch/jykim/H_signal/VBF_HToTauTau/60478524-70EF-E311-B693-0025907B5038.root
09-Sep-2021 04:56:22 KST  Initiating request to open file file:/scratch/jykim/H_signal/VBF_HToTauTau/609A8903-B7EF-E311-9149-20CF3027A628.root
09-Sep-2021 04:56:22 KST  Successfully opened file file:/scratch/jykim/H_signal/VBF_HToTauTau/609A8903-B7EF-E311-9149-20CF3027A628.root
Begin processing the 188001st record. Run 1, Event 4632, LumiSection 47 at 09-Sep-2021 04:56:23.457 KST
Begin processing the 189001st record. Run 1, Event 6734, LumiSection 68 at 09-Sep-2021 04:56:24.750 KST
Begin processing the 190001st record. Run 1, Event 13334, LumiSection 134 at 09-Sep-2021 04:56:26.005 KST
Begin processing the 191001st record. Run 1, Event 70434, LumiSection 705 at 09-Sep-2021 04:56:27.265 KST
Begin processing the 192001st record. Run 1, Event 80634, LumiSection 807 at 09-Sep-2021 04:56:28.596 KST
Begin processing the 193001st record. Run 1, Event 103034, LumiSection 3031 at 09-Sep-2021 04:56:29.940 KST
Begin processing the 194001st record. Run 1, Event 43034, LumiSection 2431 at 09-Sep-2021 04:56:31.294 KST
Begin processing the 195001st record. Run 1, Event 122834, LumiSection 3229 at 09-Sep-2021 04:56:32.644 KST
Begin processing the 196001st record. Run 1, Event 96634, LumiSection 2967 at 09-Sep-2021 04:56:34.019 KST
Begin processing the 197001st record. Run 1, Event 180334, LumiSection 3804 at 09-Sep-2021 04:56:35.441 KST
Begin processing the 198001st record. Run 1, Event 97635, LumiSection 4977 at 09-Sep-2021 04:56:36.859 KST
09-Sep-2021 04:56:37 KST  Closed file file:/scratch/jykim/H_signal/VBF_HToTauTau/609A8903-B7EF-E311-9149-20CF3027A628.root
09-Sep-2021 04:56:37 KST  Initiating request to open file file:/scratch/jykim/H_signal/VBF_HToTauTau/62841F4F-6CEF-E311-BC96-E0CB4E19F986.root
09-Sep-2021 04:56:37 KST  Successfully opened file file:/scratch/jykim/H_signal/VBF_HToTauTau/62841F4F-6CEF-E311-BC96-E0CB4E19F986.root
Begin processing the 199001st record. Run 1, Event 92835, LumiSection 929 at 09-Sep-2021 04:56:39.031 KST
Begin processing the 200001st record. Run 1, Event 188737, LumiSection 1888 at 09-Sep-2021 04:56:40.305 KST
Begin processing the 201001st record. Run 1, Event 35238, LumiSection 2353 at 09-Sep-2021 04:56:41.591 KST
Begin processing the 202001st record. Run 1, Event 66038, LumiSection 2661 at 09-Sep-2021 04:56:42.900 KST
Begin processing the 203001st record. Run 1, Event 125440, LumiSection 3255 at 09-Sep-2021 04:56:44.188 KST
Begin processing the 204001st record. Run 1, Event 158441, LumiSection 3585 at 09-Sep-2021 04:56:45.498 KST
Begin processing the 205001st record. Run 1, Event 194242, LumiSection 3943 at 09-Sep-2021 04:56:46.868 KST
Begin processing the 206001st record. Run 1, Event 743, LumiSection 4008 at 09-Sep-2021 04:56:48.256 KST
Begin processing the 207001st record. Run 1, Event 56343, LumiSection 4564 at 09-Sep-2021 04:56:49.682 KST
09-Sep-2021 04:56:50 KST  Closed file file:/scratch/jykim/H_signal/VBF_HToTauTau/62841F4F-6CEF-E311-BC96-E0CB4E19F986.root
09-Sep-2021 04:56:50 KST  Initiating request to open file file:/scratch/jykim/H_signal/VBF_HToTauTau/664D5176-64EF-E311-BD52-002590D0AF68.root
09-Sep-2021 04:56:50 KST  Successfully opened file file:/scratch/jykim/H_signal/VBF_HToTauTau/664D5176-64EF-E311-BD52-002590D0AF68.root
Begin processing the 208001st record. Run 1, Event 11343, LumiSection 114 at 09-Sep-2021 04:56:51.843 KST
Begin processing the 209001st record. Run 1, Event 46744, LumiSection 468 at 09-Sep-2021 04:56:53.092 KST
Begin processing the 210001st record. Run 1, Event 117945, LumiSection 1180 at 09-Sep-2021 04:56:54.335 KST
Begin processing the 211001st record. Run 1, Event 3245, LumiSection 2033 at 09-Sep-2021 04:56:55.639 KST
Begin processing the 212001st record. Run 1, Event 178646, LumiSection 3787 at 09-Sep-2021 04:56:56.952 KST
Begin processing the 213001st record. Run 1, Event 136547, LumiSection 3366 at 09-Sep-2021 04:56:58.288 KST
Begin processing the 214001st record. Run 1, Event 196547, LumiSection 3966 at 09-Sep-2021 04:56:59.632 KST
Begin processing the 215001st record. Run 1, Event 70948, LumiSection 4710 at 09-Sep-2021 04:57:00.914 KST
Begin processing the 216001st record. Run 1, Event 61348, LumiSection 4614 at 09-Sep-2021 04:57:02.306 KST
09-Sep-2021 04:57:02 KST  Closed file file:/scratch/jykim/H_signal/VBF_HToTauTau/664D5176-64EF-E311-BD52-002590D0AF68.root
09-Sep-2021 04:57:02 KST  Initiating request to open file file:/scratch/jykim/H_signal/VBF_HToTauTau/665C18F2-B7EF-E311-8DC9-E0CB4E29C4CF.root
09-Sep-2021 04:57:02 KST  Successfully opened file file:/scratch/jykim/H_signal/VBF_HToTauTau/665C18F2-B7EF-E311-8DC9-E0CB4E29C4CF.root
Begin processing the 217001st record. Run 1, Event 56849, LumiSection 569 at 09-Sep-2021 04:57:04.494 KST
Begin processing the 218001st record. Run 1, Event 78449, LumiSection 785 at 09-Sep-2021 04:57:05.786 KST
Begin processing the 219001st record. Run 1, Event 78850, LumiSection 789 at 09-Sep-2021 04:57:07.059 KST
Begin processing the 220001st record. Run 1, Event 190351, LumiSection 1904 at 09-Sep-2021 04:57:08.334 KST
Begin processing the 221001st record. Run 1, Event 121451, LumiSection 3215 at 09-Sep-2021 04:57:09.615 KST
Begin processing the 222001st record. Run 1, Event 29052, LumiSection 2291 at 09-Sep-2021 04:57:10.926 KST
Begin processing the 223001st record. Run 1, Event 47553, LumiSection 2476 at 09-Sep-2021 04:57:12.265 KST
Begin processing the 224001st record. Run 1, Event 168553, LumiSection 3686 at 09-Sep-2021 04:57:13.594 KST
Begin processing the 225001st record. Run 1, Event 181254, LumiSection 3813 at 09-Sep-2021 04:57:14.931 KST
Begin processing the 226001st record. Run 1, Event 80454, LumiSection 4805 at 09-Sep-2021 04:57:16.331 KST
Begin processing the 227001st record. Run 1, Event 98355, LumiSection 4984 at 09-Sep-2021 04:57:17.737 KST
09-Sep-2021 04:57:18 KST  Closed file file:/scratch/jykim/H_signal/VBF_HToTauTau/665C18F2-B7EF-E311-8DC9-E0CB4E29C4CF.root
09-Sep-2021 04:57:18 KST  Initiating request to open file file:/scratch/jykim/H_signal/VBF_HToTauTau/6C0179B9-BCEF-E311-924F-002590D0B098.root
09-Sep-2021 04:57:18 KST  Successfully opened file file:/scratch/jykim/H_signal/VBF_HToTauTau/6C0179B9-BCEF-E311-924F-002590D0B098.root
Begin processing the 228001st record. Run 1, Event 156656, LumiSection 1567 at 09-Sep-2021 04:57:19.920 KST
Begin processing the 229001st record. Run 1, Event 19658, LumiSection 197 at 09-Sep-2021 04:57:21.159 KST
Begin processing the 230001st record. Run 1, Event 92462, LumiSection 925 at 09-Sep-2021 04:57:22.449 KST
Begin processing the 231001st record. Run 1, Event 79766, LumiSection 798 at 09-Sep-2021 04:57:23.710 KST
Begin processing the 232001st record. Run 1, Event 127169, LumiSection 1272 at 09-Sep-2021 04:57:25.006 KST
Begin processing the 233001st record. Run 1, Event 56569, LumiSection 2566 at 09-Sep-2021 04:57:26.339 KST
Begin processing the 234001st record. Run 1, Event 17370, LumiSection 2174 at 09-Sep-2021 04:57:27.658 KST
Begin processing the 235001st record. Run 1, Event 51570, LumiSection 2516 at 09-Sep-2021 04:57:28.993 KST
Begin processing the 236001st record. Run 1, Event 94870, LumiSection 2949 at 09-Sep-2021 04:57:30.360 KST
Begin processing the 237001st record. Run 1, Event 135071, LumiSection 3351 at 09-Sep-2021 04:57:31.741 KST
Begin processing the 238001st record. Run 1, Event 12872, LumiSection 4129 at 09-Sep-2021 04:57:33.189 KST
Begin processing the 239001st record. Run 1, Event 13674, LumiSection 4137 at 09-Sep-2021 04:57:34.559 KST
09-Sep-2021 04:57:35 KST  Closed file file:/scratch/jykim/H_signal/VBF_HToTauTau/6C0179B9-BCEF-E311-924F-002590D0B098.root
09-Sep-2021 04:57:35 KST  Initiating request to open file file:/scratch/jykim/H_signal/VBF_HToTauTau/74D7DB9A-77EF-E311-A404-485B39800C00.root
09-Sep-2021 04:57:35 KST  Successfully opened file file:/scratch/jykim/H_signal/VBF_HToTauTau/74D7DB9A-77EF-E311-A404-485B39800C00.root
Begin processing the 240001st record. Run 1, Event 36876, LumiSection 369 at 09-Sep-2021 04:57:36.690 KST
Begin processing the 241001st record. Run 1, Event 39179, LumiSection 392 at 09-Sep-2021 04:57:37.906 KST
Begin processing the 242001st record. Run 1, Event 129980, LumiSection 1300 at 09-Sep-2021 04:57:39.182 KST
Begin processing the 243001st record. Run 1, Event 197480, LumiSection 1975 at 09-Sep-2021 04:57:40.505 KST
Begin processing the 244001st record. Run 1, Event 96280, LumiSection 2963 at 09-Sep-2021 04:57:41.789 KST
Begin processing the 245001st record. Run 1, Event 161281, LumiSection 3613 at 09-Sep-2021 04:57:43.109 KST
Begin processing the 246001st record. Run 1, Event 56081, LumiSection 4561 at 09-Sep-2021 04:57:44.418 KST
Begin processing the 247001st record. Run 1, Event 64383, LumiSection 4644 at 09-Sep-2021 04:57:45.742 KST
09-Sep-2021 04:57:46 KST  Closed file file:/scratch/jykim/H_signal/VBF_HToTauTau/74D7DB9A-77EF-E311-A404-485B39800C00.root
09-Sep-2021 04:57:46 KST  Initiating request to open file file:/scratch/jykim/H_signal/VBF_HToTauTau/848AEBAF-76EF-E311-B199-00259074AEA6.root
09-Sep-2021 04:57:46 KST  Successfully opened file file:/scratch/jykim/H_signal/VBF_HToTauTau/848AEBAF-76EF-E311-B199-00259074AEA6.root
Begin processing the 248001st record. Run 1, Event 45784, LumiSection 458 at 09-Sep-2021 04:57:47.993 KST
Begin processing the 249001st record. Run 1, Event 48484, LumiSection 485 at 09-Sep-2021 04:57:49.233 KST
Begin processing the 250001st record. Run 1, Event 50685, LumiSection 507 at 09-Sep-2021 04:57:50.514 KST
Begin processing the 251001st record. Run 1, Event 56587, LumiSection 566 at 09-Sep-2021 04:57:51.818 KST
Begin processing the 252001st record. Run 1, Event 106190, LumiSection 1062 at 09-Sep-2021 04:57:53.119 KST
Begin processing the 253001st record. Run 1, Event 172090, LumiSection 1721 at 09-Sep-2021 04:57:54.505 KST
Begin processing the 254001st record. Run 1, Event 6692, LumiSection 2067 at 09-Sep-2021 04:57:55.881 KST
Begin processing the 255001st record. Run 1, Event 18294, LumiSection 2183 at 09-Sep-2021 04:57:57.294 KST
Begin processing the 256001st record. Run 1, Event 75895, LumiSection 2759 at 09-Sep-2021 04:57:58.688 KST
Begin processing the 257001st record. Run 1, Event 83696, LumiSection 2837 at 09-Sep-2021 04:58:00.108 KST
Begin processing the 258001st record. Run 1, Event 105999, LumiSection 3060 at 09-Sep-2021 04:58:01.540 KST
Begin processing the 259001st record. Run 1, Event 110400, LumiSection 3104 at 09-Sep-2021 04:58:02.975 KST
Begin processing the 260001st record. Run 1, Event 76701, LumiSection 4768 at 09-Sep-2021 04:58:04.500 KST
09-Sep-2021 04:58:05 KST  Closed file file:/scratch/jykim/H_signal/VBF_HToTauTau/848AEBAF-76EF-E311-B199-00259074AEA6.root
09-Sep-2021 04:58:05 KST  Initiating request to open file file:/scratch/jykim/H_signal/VBF_HToTauTau/8ABE62A7-78EF-E311-AAE6-00259074AE8C.root
09-Sep-2021 04:58:05 KST  Successfully opened file file:/scratch/jykim/H_signal/VBF_HToTauTau/8ABE62A7-78EF-E311-AAE6-00259074AE8C.root
Begin processing the 261001st record. Run 1, Event 87301, LumiSection 874 at 09-Sep-2021 04:58:06.853 KST
Begin processing the 262001st record. Run 1, Event 128902, LumiSection 1290 at 09-Sep-2021 04:58:08.118 KST
Begin processing the 263001st record. Run 1, Event 139703, LumiSection 1398 at 09-Sep-2021 04:58:09.397 KST
Begin processing the 264001st record. Run 1, Event 151703, LumiSection 1518 at 09-Sep-2021 04:58:10.685 KST
Begin processing the 265001st record. Run 1, Event 66804, LumiSection 2669 at 09-Sep-2021 04:58:12.001 KST
Begin processing the 266001st record. Run 1, Event 156706, LumiSection 3568 at 09-Sep-2021 04:58:13.290 KST
Begin processing the 267001st record. Run 1, Event 98906, LumiSection 2990 at 09-Sep-2021 04:58:14.619 KST
Begin processing the 268001st record. Run 1, Event 95906, LumiSection 2960 at 09-Sep-2021 04:58:15.908 KST
Begin processing the 269001st record. Run 1, Event 167508, LumiSection 3676 at 09-Sep-2021 04:58:17.264 KST
09-Sep-2021 04:58:18 KST  Closed file file:/scratch/jykim/H_signal/VBF_HToTauTau/8ABE62A7-78EF-E311-AAE6-00259074AE8C.root
09-Sep-2021 04:58:18 KST  Initiating request to open file file:/scratch/jykim/H_signal/VBF_HToTauTau/8C2933A1-B4EF-E311-B6BF-E0CB4E19F9BC.root
09-Sep-2021 04:58:18 KST  Successfully opened file file:/scratch/jykim/H_signal/VBF_HToTauTau/8C2933A1-B4EF-E311-B6BF-E0CB4E19F9BC.root
Begin processing the 270001st record. Run 1, Event 6515, LumiSection 66 at 09-Sep-2021 04:58:19.434 KST
Begin processing the 271001st record. Run 1, Event 82015, LumiSection 821 at 09-Sep-2021 04:58:20.682 KST
Begin processing the 272001st record. Run 1, Event 75717, LumiSection 758 at 09-Sep-2021 04:58:21.973 KST
Begin processing the 273001st record. Run 1, Event 31918, LumiSection 2320 at 09-Sep-2021 04:58:23.263 KST
Begin processing the 274001st record. Run 1, Event 190521, LumiSection 1906 at 09-Sep-2021 04:58:24.577 KST
Begin processing the 275001st record. Run 1, Event 38222, LumiSection 2383 at 09-Sep-2021 04:58:25.909 KST
Begin processing the 276001st record. Run 1, Event 45225, LumiSection 2453 at 09-Sep-2021 04:58:27.289 KST
Begin processing the 277001st record. Run 1, Event 167125, LumiSection 3672 at 09-Sep-2021 04:58:28.735 KST
Begin processing the 278001st record. Run 1, Event 199226, LumiSection 3993 at 09-Sep-2021 04:58:30.201 KST
Begin processing the 279001st record. Run 1, Event 11328, LumiSection 4114 at 09-Sep-2021 04:58:31.621 KST
09-Sep-2021 04:58:31 KST  Closed file file:/scratch/jykim/H_signal/VBF_HToTauTau/8C2933A1-B4EF-E311-B6BF-E0CB4E19F9BC.root
09-Sep-2021 04:58:31 KST  Initiating request to open file file:/scratch/jykim/H_signal/VBF_HToTauTau/8C636DE5-BAEF-E311-97EC-002590D0AF58.root
09-Sep-2021 04:58:32 KST  Successfully opened file file:/scratch/jykim/H_signal/VBF_HToTauTau/8C636DE5-BAEF-E311-97EC-002590D0AF58.root
Begin processing the 280001st record. Run 1, Event 85628, LumiSection 857 at 09-Sep-2021 04:58:33.775 KST
Begin processing the 281001st record. Run 1, Event 119128, LumiSection 1192 at 09-Sep-2021 04:58:35.014 KST
Begin processing the 282001st record. Run 1, Event 30729, LumiSection 2308 at 09-Sep-2021 04:58:36.294 KST
Begin processing the 283001st record. Run 1, Event 53929, LumiSection 2540 at 09-Sep-2021 04:58:37.602 KST
Begin processing the 284001st record. Run 1, Event 55831, LumiSection 2559 at 09-Sep-2021 04:58:38.905 KST
Begin processing the 285001st record. Run 1, Event 121632, LumiSection 3217 at 09-Sep-2021 04:58:40.219 KST
Begin processing the 286001st record. Run 1, Event 79334, LumiSection 4794 at 09-Sep-2021 04:58:41.541 KST
09-Sep-2021 04:58:41 KST  Closed file file:/scratch/jykim/H_signal/VBF_HToTauTau/8C636DE5-BAEF-E311-97EC-002590D0AF58.root
09-Sep-2021 04:58:41 KST  Initiating request to open file file:/scratch/jykim/H_signal/VBF_HToTauTau/9860E8D6-7CEF-E311-83E7-E0CB4E29C4BE.root
09-Sep-2021 04:58:41 KST  Successfully opened file file:/scratch/jykim/H_signal/VBF_HToTauTau/9860E8D6-7CEF-E311-83E7-E0CB4E29C4BE.root
Begin processing the 287001st record. Run 1, Event 52034, LumiSection 521 at 09-Sep-2021 04:58:43.676 KST
Begin processing the 288001st record. Run 1, Event 136536, LumiSection 1366 at 09-Sep-2021 04:58:44.949 KST
Begin processing the 289001st record. Run 1, Event 132636, LumiSection 1327 at 09-Sep-2021 04:58:46.235 KST
Begin processing the 290001st record. Run 1, Event 88437, LumiSection 2885 at 09-Sep-2021 04:58:47.561 KST
Begin processing the 291001st record. Run 1, Event 198039, LumiSection 1981 at 09-Sep-2021 04:58:48.933 KST
Begin processing the 292001st record. Run 1, Event 108339, LumiSection 3084 at 09-Sep-2021 04:58:50.264 KST
Begin processing the 293001st record. Run 1, Event 159040, LumiSection 3591 at 09-Sep-2021 04:58:51.662 KST
Begin processing the 294001st record. Run 1, Event 63440, LumiSection 4635 at 09-Sep-2021 04:58:53.043 KST
09-Sep-2021 04:58:53 KST  Closed file file:/scratch/jykim/H_signal/VBF_HToTauTau/9860E8D6-7CEF-E311-83E7-E0CB4E29C4BE.root
09-Sep-2021 04:58:53 KST  Initiating request to open file file:/scratch/jykim/H_signal/VBF_HToTauTau/98EAD67C-63EF-E311-8017-001EC9D7FA24.root
09-Sep-2021 04:58:53 KST  Successfully opened file file:/scratch/jykim/H_signal/VBF_HToTauTau/98EAD67C-63EF-E311-8017-001EC9D7FA24.root
Begin processing the 295001st record. Run 1, Event 88840, LumiSection 889 at 09-Sep-2021 04:58:55.166 KST
Begin processing the 296001st record. Run 1, Event 46341, LumiSection 464 at 09-Sep-2021 04:58:56.433 KST
Begin processing the 297001st record. Run 1, Event 164841, LumiSection 1649 at 09-Sep-2021 04:58:57.690 KST
Begin processing the 298001st record. Run 1, Event 158643, LumiSection 1587 at 09-Sep-2021 04:58:58.995 KST
Begin processing the 299001st record. Run 1, Event 52444, LumiSection 2525 at 09-Sep-2021 04:59:00.298 KST
Begin processing the 300001st record. Run 1, Event 59746, LumiSection 2598 at 09-Sep-2021 04:59:01.599 KST
Begin processing the 301001st record. Run 1, Event 178147, LumiSection 3782 at 09-Sep-2021 04:59:02.924 KST
Begin processing the 302001st record. Run 1, Event 187948, LumiSection 3880 at 09-Sep-2021 04:59:04.326 KST
Begin processing the 303001st record. Run 1, Event 34448, LumiSection 4345 at 09-Sep-2021 04:59:05.747 KST
09-Sep-2021 04:59:06 KST  Closed file file:/scratch/jykim/H_signal/VBF_HToTauTau/98EAD67C-63EF-E311-8017-001EC9D7FA24.root
09-Sep-2021 04:59:06 KST  Initiating request to open file file:/scratch/jykim/H_signal/VBF_HToTauTau/9C233E63-7EEF-E311-96C2-E0CB4EA0A906.root
09-Sep-2021 04:59:06 KST  Successfully opened file file:/scratch/jykim/H_signal/VBF_HToTauTau/9C233E63-7EEF-E311-96C2-E0CB4EA0A906.root
Begin processing the 304001st record. Run 1, Event 162348, LumiSection 1624 at 09-Sep-2021 04:59:07.864 KST
Begin processing the 305001st record. Run 1, Event 147249, LumiSection 1473 at 09-Sep-2021 04:59:09.113 KST
Begin processing the 306001st record. Run 1, Event 132450, LumiSection 1325 at 09-Sep-2021 04:59:10.412 KST
Begin processing the 307001st record. Run 1, Event 82852, LumiSection 2829 at 09-Sep-2021 04:59:11.721 KST
Begin processing the 308001st record. Run 1, Event 157852, LumiSection 3579 at 09-Sep-2021 04:59:13.034 KST
Begin processing the 309001st record. Run 1, Event 29254, LumiSection 4293 at 09-Sep-2021 04:59:14.366 KST
Begin processing the 310001st record. Run 1, Event 67755, LumiSection 4678 at 09-Sep-2021 04:59:15.691 KST
09-Sep-2021 04:59:15 KST  Closed file file:/scratch/jykim/H_signal/VBF_HToTauTau/9C233E63-7EEF-E311-96C2-E0CB4EA0A906.root
09-Sep-2021 04:59:15 KST  Initiating request to open file file:/scratch/jykim/H_signal/VBF_HToTauTau/9C43EA47-C3EF-E311-A0EC-00259073E3AC.root
09-Sep-2021 04:59:15 KST  Successfully opened file file:/scratch/jykim/H_signal/VBF_HToTauTau/9C43EA47-C3EF-E311-A0EC-00259073E3AC.root
Begin processing the 311001st record. Run 1, Event 12155, LumiSection 122 at 09-Sep-2021 04:59:17.805 KST
Begin processing the 312001st record. Run 1, Event 89356, LumiSection 894 at 09-Sep-2021 04:59:19.139 KST
Begin processing the 313001st record. Run 1, Event 9756, LumiSection 2098 at 09-Sep-2021 04:59:20.456 KST
Begin processing the 314001st record. Run 1, Event 38957, LumiSection 2390 at 09-Sep-2021 04:59:21.778 KST
Begin processing the 315001st record. Run 1, Event 103657, LumiSection 3037 at 09-Sep-2021 04:59:23.114 KST
Begin processing the 316001st record. Run 1, Event 63657, LumiSection 2637 at 09-Sep-2021 04:59:24.456 KST
Begin processing the 317001st record. Run 1, Event 121259, LumiSection 3213 at 09-Sep-2021 04:59:25.843 KST
Begin processing the 318001st record. Run 1, Event 14260, LumiSection 4143 at 09-Sep-2021 04:59:27.242 KST
09-Sep-2021 04:59:28 KST  Closed file file:/scratch/jykim/H_signal/VBF_HToTauTau/9C43EA47-C3EF-E311-A0EC-00259073E3AC.root
09-Sep-2021 04:59:28 KST  Initiating request to open file file:/scratch/jykim/H_signal/VBF_HToTauTau/9CC1781D-73EF-E311-8156-002590D0B038.root
09-Sep-2021 04:59:28 KST  Successfully opened file file:/scratch/jykim/H_signal/VBF_HToTauTau/9CC1781D-73EF-E311-8156-002590D0B038.root
Begin processing the 319001st record. Run 1, Event 104760, LumiSection 1048 at 09-Sep-2021 04:59:29.528 KST
Begin processing the 320001st record. Run 1, Event 35761, LumiSection 358 at 09-Sep-2021 04:59:30.794 KST
Begin processing the 321001st record. Run 1, Event 35661, LumiSection 357 at 09-Sep-2021 04:59:32.070 KST
Begin processing the 322001st record. Run 1, Event 50361, LumiSection 504 at 09-Sep-2021 04:59:33.364 KST
Begin processing the 323001st record. Run 1, Event 117561, LumiSection 1176 at 09-Sep-2021 04:59:34.676 KST
Begin processing the 324001st record. Run 1, Event 54263, LumiSection 2543 at 09-Sep-2021 04:59:36.025 KST
Begin processing the 325001st record. Run 1, Event 139265, LumiSection 3393 at 09-Sep-2021 04:59:37.355 KST
Begin processing the 326001st record. Run 1, Event 21068, LumiSection 2211 at 09-Sep-2021 04:59:38.695 KST
Begin processing the 327001st record. Run 1, Event 125969, LumiSection 3260 at 09-Sep-2021 04:59:40.090 KST
Begin processing the 328001st record. Run 1, Event 10969, LumiSection 4110 at 09-Sep-2021 04:59:41.483 KST
Begin processing the 329001st record. Run 1, Event 41769, LumiSection 4418 at 09-Sep-2021 04:59:42.881 KST
Begin processing the 330001st record. Run 1, Event 54571, LumiSection 4546 at 09-Sep-2021 04:59:44.356 KST
Begin processing the 331001st record. Run 1, Event 55272, LumiSection 4553 at 09-Sep-2021 04:59:45.841 KST
09-Sep-2021 04:59:46 KST  Closed file file:/scratch/jykim/H_signal/VBF_HToTauTau/9CC1781D-73EF-E311-8156-002590D0B038.root
09-Sep-2021 04:59:46 KST  Initiating request to open file file:/scratch/jykim/H_signal/VBF_HToTauTau/9EB5B43C-6DEF-E311-AE0D-20CF30561726.root
09-Sep-2021 04:59:46 KST  Successfully opened file file:/scratch/jykim/H_signal/VBF_HToTauTau/9EB5B43C-6DEF-E311-AE0D-20CF30561726.root
Begin processing the 332001st record. Run 1, Event 21475, LumiSection 215 at 09-Sep-2021 04:59:48.074 KST
Begin processing the 333001st record. Run 1, Event 12476, LumiSection 2125 at 09-Sep-2021 04:59:49.359 KST
Begin processing the 334001st record. Run 1, Event 95576, LumiSection 2956 at 09-Sep-2021 04:59:50.669 KST
Begin processing the 335001st record. Run 1, Event 108978, LumiSection 3090 at 09-Sep-2021 04:59:51.959 KST
Begin processing the 336001st record. Run 1, Event 164481, LumiSection 3645 at 09-Sep-2021 04:59:53.251 KST
Begin processing the 337001st record. Run 1, Event 8682, LumiSection 4087 at 09-Sep-2021 04:59:54.531 KST
Begin processing the 338001st record. Run 1, Event 62783, LumiSection 4628 at 09-Sep-2021 04:59:55.898 KST
Begin processing the 339001st record. Run 1, Event 84483, LumiSection 4845 at 09-Sep-2021 04:59:57.237 KST
09-Sep-2021 04:59:57 KST  Closed file file:/scratch/jykim/H_signal/VBF_HToTauTau/9EB5B43C-6DEF-E311-AE0D-20CF30561726.root
09-Sep-2021 04:59:57 KST  Initiating request to open file file:/scratch/jykim/H_signal/VBF_HToTauTau/A0BA354D-7AEF-E311-9EB7-00259073E514.root
09-Sep-2021 04:59:57 KST  Successfully opened file file:/scratch/jykim/H_signal/VBF_HToTauTau/A0BA354D-7AEF-E311-9EB7-00259073E514.root
Begin processing the 340001st record. Run 1, Event 191683, LumiSection 1917 at 09-Sep-2021 04:59:59.425 KST
Begin processing the 341001st record. Run 1, Event 142283, LumiSection 3423 at 09-Sep-2021 05:00:00.697 KST
Begin processing the 342001st record. Run 1, Event 185086, LumiSection 1851 at 09-Sep-2021 05:00:02.003 KST
Begin processing the 343001st record. Run 1, Event 175886, LumiSection 1759 at 09-Sep-2021 05:00:03.420 KST
Begin processing the 344001st record. Run 1, Event 147188, LumiSection 3472 at 09-Sep-2021 05:00:04.764 KST
Begin processing the 345001st record. Run 1, Event 139988, LumiSection 3400 at 09-Sep-2021 05:00:06.124 KST
Begin processing the 346001st record. Run 1, Event 101989, LumiSection 3020 at 09-Sep-2021 05:00:07.489 KST
Begin processing the 347001st record. Run 1, Event 40389, LumiSection 4404 at 09-Sep-2021 05:00:08.863 KST
Begin processing the 348001st record. Run 1, Event 147991, LumiSection 3480 at 09-Sep-2021 05:00:10.235 KST
Begin processing the 349001st record. Run 1, Event 183093, LumiSection 3831 at 09-Sep-2021 05:00:11.649 KST
Begin processing the 350001st record. Run 1, Event 44195, LumiSection 4442 at 09-Sep-2021 05:00:13.112 KST
Begin processing the 351001st record. Run 1, Event 54197, LumiSection 4542 at 09-Sep-2021 05:00:14.502 KST
09-Sep-2021 05:00:15 KST  Closed file file:/scratch/jykim/H_signal/VBF_HToTauTau/A0BA354D-7AEF-E311-9EB7-00259073E514.root
09-Sep-2021 05:00:15 KST  Initiating request to open file file:/scratch/jykim/H_signal/VBF_HToTauTau/A8AAEDA5-7BEF-E311-9F7A-00259073E412.root
09-Sep-2021 05:00:15 KST  Successfully opened file file:/scratch/jykim/H_signal/VBF_HToTauTau/A8AAEDA5-7BEF-E311-9F7A-00259073E412.root
Begin processing the 352001st record. Run 1, Event 22998, LumiSection 230 at 09-Sep-2021 05:00:16.747 KST
Begin processing the 353001st record. Run 1, Event 196198, LumiSection 1962 at 09-Sep-2021 05:00:18.005 KST
Begin processing the 354001st record. Run 1, Event 114798, LumiSection 1148 at 09-Sep-2021 05:00:19.285 KST
Begin processing the 355001st record. Run 1, Event 147699, LumiSection 3477 at 09-Sep-2021 05:00:20.517 KST
Begin processing the 356001st record. Run 1, Event 148799, LumiSection 1488 at 09-Sep-2021 05:00:21.807 KST
Begin processing the 357001st record. Run 1, Event 193099, LumiSection 1931 at 09-Sep-2021 05:00:23.109 KST
Begin processing the 358001st record. Run 1, Event 93599, LumiSection 2936 at 09-Sep-2021 05:00:24.442 KST
Begin processing the 359001st record. Run 1, Event 100899, LumiSection 3009 at 09-Sep-2021 05:00:25.815 KST
Begin processing the 360001st record. Run 1, Event 146901, LumiSection 3470 at 09-Sep-2021 05:00:27.125 KST
09-Sep-2021 05:00:28 KST  Closed file file:/scratch/jykim/H_signal/VBF_HToTauTau/A8AAEDA5-7BEF-E311-9F7A-00259073E412.root
09-Sep-2021 05:00:28 KST  Initiating request to open file file:/scratch/jykim/H_signal/VBF_HToTauTau/A8F484C4-67EF-E311-9BD6-00259073E3F0.root
09-Sep-2021 05:00:28 KST  Successfully opened file file:/scratch/jykim/H_signal/VBF_HToTauTau/A8F484C4-67EF-E311-9BD6-00259073E3F0.root
Begin processing the 361001st record. Run 1, Event 26101, LumiSection 262 at 09-Sep-2021 05:00:29.294 KST
Begin processing the 362001st record. Run 1, Event 94501, LumiSection 946 at 09-Sep-2021 05:00:30.583 KST
Begin processing the 363001st record. Run 1, Event 119002, LumiSection 1191 at 09-Sep-2021 05:00:31.865 KST
Begin processing the 364001st record. Run 1, Event 76902, LumiSection 2770 at 09-Sep-2021 05:00:33.182 KST
Begin processing the 365001st record. Run 1, Event 117904, LumiSection 3180 at 09-Sep-2021 05:00:34.497 KST
Begin processing the 366001st record. Run 1, Event 193906, LumiSection 3940 at 09-Sep-2021 05:00:35.796 KST
Begin processing the 367001st record. Run 1, Event 193108, LumiSection 3932 at 09-Sep-2021 05:00:37.133 KST
Begin processing the 368001st record. Run 1, Event 198208, LumiSection 3983 at 09-Sep-2021 05:00:38.474 KST
Begin processing the 369001st record. Run 1, Event 59308, LumiSection 4594 at 09-Sep-2021 05:00:39.859 KST
09-Sep-2021 05:00:41 KST  Closed file file:/scratch/jykim/H_signal/VBF_HToTauTau/A8F484C4-67EF-E311-9BD6-00259073E3F0.root
09-Sep-2021 05:00:41 KST  Initiating request to open file file:/scratch/jykim/H_signal/VBF_HToTauTau/BE263960-B1EF-E311-B23E-485B39800BD1.root
09-Sep-2021 05:00:41 KST  Successfully opened file file:/scratch/jykim/H_signal/VBF_HToTauTau/BE263960-B1EF-E311-B23E-485B39800BD1.root
Begin processing the 370001st record. Run 1, Event 85208, LumiSection 853 at 09-Sep-2021 05:00:42.027 KST
Begin processing the 371001st record. Run 1, Event 171608, LumiSection 1717 at 09-Sep-2021 05:00:43.271 KST
Begin processing the 372001st record. Run 1, Event 185709, LumiSection 3858 at 09-Sep-2021 05:00:44.526 KST
Begin processing the 373001st record. Run 1, Event 71511, LumiSection 4716 at 09-Sep-2021 05:00:45.814 KST
Begin processing the 374001st record. Run 1, Event 87011, LumiSection 4871 at 09-Sep-2021 05:00:47.103 KST
Begin processing the 375001st record. Run 1, Event 93412, LumiSection 4935 at 09-Sep-2021 05:00:48.416 KST
Begin processing the 376001st record. Run 1, Event 99312, LumiSection 4994 at 09-Sep-2021 05:00:49.741 KST
09-Sep-2021 05:00:50 KST  Closed file file:/scratch/jykim/H_signal/VBF_HToTauTau/BE263960-B1EF-E311-B23E-485B39800BD1.root
09-Sep-2021 05:00:50 KST  Initiating request to open file file:/scratch/jykim/H_signal/VBF_HToTauTau/BE9791EC-60EF-E311-831E-BCAEC5097212.root
09-Sep-2021 05:00:50 KST  Successfully opened file file:/scratch/jykim/H_signal/VBF_HToTauTau/BE9791EC-60EF-E311-831E-BCAEC5097212.root
Begin processing the 377001st record. Run 1, Event 99314, LumiSection 994 at 09-Sep-2021 05:00:51.863 KST
Begin processing the 378001st record. Run 1, Event 61715, LumiSection 2618 at 09-Sep-2021 05:00:53.105 KST
Begin processing the 379001st record. Run 1, Event 187717, LumiSection 3878 at 09-Sep-2021 05:00:54.378 KST
Begin processing the 380001st record. Run 1, Event 23219, LumiSection 4233 at 09-Sep-2021 05:00:55.635 KST
Begin processing the 381001st record. Run 1, Event 62320, LumiSection 4624 at 09-Sep-2021 05:00:56.936 KST
Begin processing the 382001st record. Run 1, Event 76422, LumiSection 4765 at 09-Sep-2021 05:00:58.245 KST
09-Sep-2021 05:00:59 KST  Closed file file:/scratch/jykim/H_signal/VBF_HToTauTau/BE9791EC-60EF-E311-831E-BCAEC5097212.root
09-Sep-2021 05:00:59 KST  Initiating request to open file file:/scratch/jykim/H_signal/VBF_HToTauTau/BE993627-B6EF-E311-892C-20CF3027A560.root
09-Sep-2021 05:00:59 KST  Successfully opened file file:/scratch/jykim/H_signal/VBF_HToTauTau/BE993627-B6EF-E311-892C-20CF3027A560.root
Begin processing the 383001st record. Run 1, Event 11723, LumiSection 118 at 09-Sep-2021 05:01:00.527 KST
Begin processing the 384001st record. Run 1, Event 66523, LumiSection 666 at 09-Sep-2021 05:01:01.769 KST
Begin processing the 385001st record. Run 1, Event 98427, LumiSection 985 at 09-Sep-2021 05:01:03.009 KST
Begin processing the 386001st record. Run 1, Event 170031, LumiSection 1701 at 09-Sep-2021 05:01:04.328 KST
Begin processing the 387001st record. Run 1, Event 188632, LumiSection 1887 at 09-Sep-2021 05:01:05.676 KST
Begin processing the 388001st record. Run 1, Event 103832, LumiSection 3039 at 09-Sep-2021 05:01:06.977 KST
Begin processing the 389001st record. Run 1, Event 159236, LumiSection 3593 at 09-Sep-2021 05:01:08.326 KST
Begin processing the 390001st record. Run 1, Event 175136, LumiSection 3752 at 09-Sep-2021 05:01:09.726 KST
Begin processing the 391001st record. Run 1, Event 181336, LumiSection 3814 at 09-Sep-2021 05:01:11.251 KST
Begin processing the 392001st record. Run 1, Event 16437, LumiSection 4165 at 09-Sep-2021 05:01:12.659 KST
Begin processing the 393001st record. Run 1, Event 77437, LumiSection 4775 at 09-Sep-2021 05:01:14.045 KST
Begin processing the 394001st record. Run 1, Event 87637, LumiSection 4877 at 09-Sep-2021 05:01:15.481 KST
09-Sep-2021 05:01:16 KST  Closed file file:/scratch/jykim/H_signal/VBF_HToTauTau/BE993627-B6EF-E311-892C-20CF3027A560.root
09-Sep-2021 05:01:16 KST  Initiating request to open file file:/scratch/jykim/H_signal/VBF_HToTauTau/C4FA86F7-6AEF-E311-A418-485B398971FE.root
09-Sep-2021 05:01:16 KST  Successfully opened file file:/scratch/jykim/H_signal/VBF_HToTauTau/C4FA86F7-6AEF-E311-A418-485B398971FE.root
Begin processing the 395001st record. Run 1, Event 22339, LumiSection 224 at 09-Sep-2021 05:01:17.710 KST
Begin processing the 396001st record. Run 1, Event 98040, LumiSection 981 at 09-Sep-2021 05:01:18.984 KST
Begin processing the 397001st record. Run 1, Event 70741, LumiSection 2708 at 09-Sep-2021 05:01:20.256 KST
Begin processing the 398001st record. Run 1, Event 77243, LumiSection 2773 at 09-Sep-2021 05:01:21.531 KST
Begin processing the 399001st record. Run 1, Event 169443, LumiSection 3695 at 09-Sep-2021 05:01:22.809 KST
Begin processing the 400001st record. Run 1, Event 7944, LumiSection 4080 at 09-Sep-2021 05:01:24.143 KST
Begin processing the 401001st record. Run 1, Event 36445, LumiSection 4365 at 09-Sep-2021 05:01:25.460 KST
Begin processing the 402001st record. Run 1, Event 59845, LumiSection 4599 at 09-Sep-2021 05:01:26.797 KST
09-Sep-2021 05:01:27 KST  Closed file file:/scratch/jykim/H_signal/VBF_HToTauTau/C4FA86F7-6AEF-E311-A418-485B398971FE.root
09-Sep-2021 05:01:27 KST  Initiating request to open file file:/scratch/jykim/H_signal/VBF_HToTauTau/CAEE8BB8-73EF-E311-89C3-20CF300E9ECB.root
09-Sep-2021 05:01:27 KST  Successfully opened file file:/scratch/jykim/H_signal/VBF_HToTauTau/CAEE8BB8-73EF-E311-89C3-20CF300E9ECB.root
Begin processing the 403001st record. Run 1, Event 31745, LumiSection 318 at 09-Sep-2021 05:01:29.054 KST
Begin processing the 404001st record. Run 1, Event 133949, LumiSection 1340 at 09-Sep-2021 05:01:30.305 KST
Begin processing the 405001st record. Run 1, Event 163049, LumiSection 1631 at 09-Sep-2021 05:01:31.561 KST
Begin processing the 406001st record. Run 1, Event 176953, LumiSection 1770 at 09-Sep-2021 05:01:32.827 KST
Begin processing the 407001st record. Run 1, Event 191355, LumiSection 1914 at 09-Sep-2021 05:01:34.115 KST
Begin processing the 408001st record. Run 1, Event 195555, LumiSection 1956 at 09-Sep-2021 05:01:35.427 KST
Begin processing the 409001st record. Run 1, Event 21255, LumiSection 2213 at 09-Sep-2021 05:01:36.744 KST
Begin processing the 410001st record. Run 1, Event 115356, LumiSection 3154 at 09-Sep-2021 05:01:38.094 KST
Begin processing the 411001st record. Run 1, Event 189257, LumiSection 3893 at 09-Sep-2021 05:01:39.410 KST
Begin processing the 412001st record. Run 1, Event 39259, LumiSection 4393 at 09-Sep-2021 05:01:40.771 KST
Begin processing the 413001st record. Run 1, Event 89360, LumiSection 4894 at 09-Sep-2021 05:01:42.121 KST
09-Sep-2021 05:01:42 KST  Closed file file:/scratch/jykim/H_signal/VBF_HToTauTau/CAEE8BB8-73EF-E311-89C3-20CF300E9ECB.root
09-Sep-2021 05:01:42 KST  Initiating request to open file file:/scratch/jykim/H_signal/VBF_HToTauTau/D2727438-BBEF-E311-8201-002590D0B086.root
09-Sep-2021 05:01:42 KST  Successfully opened file file:/scratch/jykim/H_signal/VBF_HToTauTau/D2727438-BBEF-E311-8201-002590D0B086.root
Begin processing the 414001st record. Run 1, Event 65860, LumiSection 659 at 09-Sep-2021 05:01:44.320 KST
Begin processing the 415001st record. Run 1, Event 69861, LumiSection 699 at 09-Sep-2021 05:01:45.542 KST
Begin processing the 416001st record. Run 1, Event 116861, LumiSection 1169 at 09-Sep-2021 05:01:46.845 KST
Begin processing the 417001st record. Run 1, Event 122462, LumiSection 1225 at 09-Sep-2021 05:01:48.151 KST
Begin processing the 418001st record. Run 1, Event 16463, LumiSection 2165 at 09-Sep-2021 05:01:49.490 KST
Begin processing the 419001st record. Run 1, Event 184064, LumiSection 3841 at 09-Sep-2021 05:01:50.817 KST
Begin processing the 420001st record. Run 1, Event 129565, LumiSection 3296 at 09-Sep-2021 05:01:52.164 KST
Begin processing the 421001st record. Run 1, Event 75965, LumiSection 4760 at 09-Sep-2021 05:01:53.530 KST
Begin processing the 422001st record. Run 1, Event 30266, LumiSection 4303 at 09-Sep-2021 05:01:54.963 KST
Begin processing the 423001st record. Run 1, Event 21968, LumiSection 4220 at 09-Sep-2021 05:01:56.327 KST
Begin processing the 424001st record. Run 1, Event 78769, LumiSection 4788 at 09-Sep-2021 05:01:57.755 KST
09-Sep-2021 05:01:58 KST  Closed file file:/scratch/jykim/H_signal/VBF_HToTauTau/D2727438-BBEF-E311-8201-002590D0B086.root
09-Sep-2021 05:01:58 KST  Initiating request to open file file:/scratch/jykim/H_signal/VBF_HToTauTau/D6086199-74EF-E311-ACAF-E0CB4E5536EF.root
09-Sep-2021 05:01:58 KST  Successfully opened file file:/scratch/jykim/H_signal/VBF_HToTauTau/D6086199-74EF-E311-ACAF-E0CB4E5536EF.root
Begin processing the 425001st record. Run 1, Event 119772, LumiSection 1198 at 09-Sep-2021 05:01:59.910 KST
Begin processing the 426001st record. Run 1, Event 131172, LumiSection 1312 at 09-Sep-2021 05:02:01.214 KST
Begin processing the 427001st record. Run 1, Event 135174, LumiSection 1352 at 09-Sep-2021 05:02:02.545 KST
Begin processing the 428001st record. Run 1, Event 140775, LumiSection 1408 at 09-Sep-2021 05:02:03.841 KST
Begin processing the 429001st record. Run 1, Event 76478, LumiSection 2765 at 09-Sep-2021 05:02:05.155 KST
Begin processing the 430001st record. Run 1, Event 579, LumiSection 2006 at 09-Sep-2021 05:02:06.490 KST
Begin processing the 431001st record. Run 1, Event 165579, LumiSection 1656 at 09-Sep-2021 05:02:07.833 KST
Begin processing the 432001st record. Run 1, Event 138280, LumiSection 3383 at 09-Sep-2021 05:02:09.206 KST
Begin processing the 433001st record. Run 1, Event 197081, LumiSection 1971 at 09-Sep-2021 05:02:10.613 KST
Begin processing the 434001st record. Run 1, Event 14182, LumiSection 2142 at 09-Sep-2021 05:02:12.043 KST
Begin processing the 435001st record. Run 1, Event 28783, LumiSection 2288 at 09-Sep-2021 05:02:13.495 KST
Begin processing the 436001st record. Run 1, Event 84183, LumiSection 2842 at 09-Sep-2021 05:02:14.937 KST
Begin processing the 437001st record. Run 1, Event 107586, LumiSection 3076 at 09-Sep-2021 05:02:16.406 KST
09-Sep-2021 05:02:16 KST  Closed file file:/scratch/jykim/H_signal/VBF_HToTauTau/D6086199-74EF-E311-ACAF-E0CB4E5536EF.root
09-Sep-2021 05:02:16 KST  Initiating request to open file file:/scratch/jykim/H_signal/VBF_HToTauTau/D6D4A7D5-BBEF-E311-B8AA-00259073E356.root
09-Sep-2021 05:02:16 KST  Successfully opened file file:/scratch/jykim/H_signal/VBF_HToTauTau/D6D4A7D5-BBEF-E311-B8AA-00259073E356.root
Begin processing the 438001st record. Run 1, Event 11086, LumiSection 111 at 09-Sep-2021 05:02:18.563 KST
Begin processing the 439001st record. Run 1, Event 82987, LumiSection 830 at 09-Sep-2021 05:02:19.825 KST
Begin processing the 440001st record. Run 1, Event 149987, LumiSection 1500 at 09-Sep-2021 05:02:21.088 KST
Begin processing the 441001st record. Run 1, Event 184689, LumiSection 1847 at 09-Sep-2021 05:02:22.388 KST
Begin processing the 442001st record. Run 1, Event 42391, LumiSection 2424 at 09-Sep-2021 05:02:23.671 KST
Begin processing the 443001st record. Run 1, Event 162292, LumiSection 3623 at 09-Sep-2021 05:02:24.991 KST
Begin processing the 444001st record. Run 1, Event 14492, LumiSection 4145 at 09-Sep-2021 05:02:26.323 KST
Begin processing the 445001st record. Run 1, Event 197792, LumiSection 3978 at 09-Sep-2021 05:02:27.686 KST
09-Sep-2021 05:02:28 KST  Closed file file:/scratch/jykim/H_signal/VBF_HToTauTau/D6D4A7D5-BBEF-E311-B8AA-00259073E356.root
09-Sep-2021 05:02:28 KST  Initiating request to open file file:/scratch/jykim/H_signal/VBF_HToTauTau/DC9D8DB5-B3EF-E311-AB9B-E0CB4E29C4E0.root
09-Sep-2021 05:02:28 KST  Successfully opened file file:/scratch/jykim/H_signal/VBF_HToTauTau/DC9D8DB5-B3EF-E311-AB9B-E0CB4E29C4E0.root
Begin processing the 446001st record. Run 1, Event 593, LumiSection 6 at 09-Sep-2021 05:02:29.928 KST
Begin processing the 447001st record. Run 1, Event 9494, LumiSection 95 at 09-Sep-2021 05:02:31.198 KST
Begin processing the 448001st record. Run 1, Event 8695, LumiSection 87 at 09-Sep-2021 05:02:32.443 KST
Begin processing the 449001st record. Run 1, Event 31996, LumiSection 320 at 09-Sep-2021 05:02:33.727 KST
Begin processing the 450001st record. Run 1, Event 124997, LumiSection 1250 at 09-Sep-2021 05:02:35.030 KST
Begin processing the 451001st record. Run 1, Event 68998, LumiSection 2690 at 09-Sep-2021 05:02:36.326 KST
Begin processing the 452001st record. Run 1, Event 31498, LumiSection 2315 at 09-Sep-2021 05:02:37.679 KST
Begin processing the 453001st record. Run 1, Event 103501, LumiSection 3036 at 09-Sep-2021 05:02:38.992 KST
Begin processing the 454001st record. Run 1, Event 134303, LumiSection 3344 at 09-Sep-2021 05:02:40.365 KST
Begin processing the 455001st record. Run 1, Event 183405, LumiSection 3835 at 09-Sep-2021 05:02:41.743 KST
Begin processing the 456001st record. Run 1, Event 50506, LumiSection 4506 at 09-Sep-2021 05:02:43.158 KST
Begin processing the 457001st record. Run 1, Event 92307, LumiSection 4924 at 09-Sep-2021 05:02:44.582 KST
09-Sep-2021 05:02:44 KST  Closed file file:/scratch/jykim/H_signal/VBF_HToTauTau/DC9D8DB5-B3EF-E311-AB9B-E0CB4E29C4E0.root
09-Sep-2021 05:02:44 KST  Initiating request to open file file:/scratch/jykim/H_signal/VBF_HToTauTau/DCCC1939-75EF-E311-9501-001EC9D7F687.root
09-Sep-2021 05:02:44 KST  Successfully opened file file:/scratch/jykim/H_signal/VBF_HToTauTau/DCCC1939-75EF-E311-9501-001EC9D7F687.root
Begin processing the 458001st record. Run 1, Event 129809, LumiSection 1299 at 09-Sep-2021 05:02:46.742 KST
Begin processing the 459001st record. Run 1, Event 87712, LumiSection 2878 at 09-Sep-2021 05:02:47.999 KST
Begin processing the 460001st record. Run 1, Event 116015, LumiSection 3161 at 09-Sep-2021 05:02:49.236 KST
Begin processing the 461001st record. Run 1, Event 131717, LumiSection 3318 at 09-Sep-2021 05:02:50.492 KST
Begin processing the 462001st record. Run 1, Event 137517, LumiSection 3376 at 09-Sep-2021 05:02:51.755 KST
Begin processing the 463001st record. Run 1, Event 150018, LumiSection 3501 at 09-Sep-2021 05:02:52.987 KST
Begin processing the 464001st record. Run 1, Event 43020, LumiSection 4431 at 09-Sep-2021 05:02:54.270 KST
09-Sep-2021 05:02:55 KST  Closed file file:/scratch/jykim/H_signal/VBF_HToTauTau/DCCC1939-75EF-E311-9501-001EC9D7F687.root
09-Sep-2021 05:02:55 KST  Initiating request to open file file:/scratch/jykim/H_signal/VBF_HToTauTau/DEBEBD8A-68EF-E311-845A-00259073E3F0.root
09-Sep-2021 05:02:55 KST  Successfully opened file file:/scratch/jykim/H_signal/VBF_HToTauTau/DEBEBD8A-68EF-E311-845A-00259073E3F0.root
Begin processing the 465001st record. Run 1, Event 44421, LumiSection 445 at 09-Sep-2021 05:02:56.337 KST
Begin processing the 466001st record. Run 1, Event 89624, LumiSection 897 at 09-Sep-2021 05:02:57.624 KST
Begin processing the 467001st record. Run 1, Event 183227, LumiSection 1833 at 09-Sep-2021 05:02:58.918 KST
Begin processing the 468001st record. Run 1, Event 120328, LumiSection 1204 at 09-Sep-2021 05:03:00.195 KST
Begin processing the 469001st record. Run 1, Event 198628, LumiSection 3987 at 09-Sep-2021 05:03:01.502 KST
Begin processing the 470001st record. Run 1, Event 20729, LumiSection 4208 at 09-Sep-2021 05:03:02.874 KST
Begin processing the 471001st record. Run 1, Event 24430, LumiSection 4245 at 09-Sep-2021 05:03:04.189 KST
09-Sep-2021 05:03:05 KST  Closed file file:/scratch/jykim/H_signal/VBF_HToTauTau/DEBEBD8A-68EF-E311-845A-00259073E3F0.root
09-Sep-2021 05:03:05 KST  Initiating request to open file file:/scratch/jykim/H_signal/VBF_HToTauTau/ECF9E865-BEEF-E311-814C-002590D0AFB4.root
09-Sep-2021 05:03:05 KST  Successfully opened file file:/scratch/jykim/H_signal/VBF_HToTauTau/ECF9E865-BEEF-E311-814C-002590D0AFB4.root
Begin processing the 472001st record. Run 1, Event 14432, LumiSection 145 at 09-Sep-2021 05:03:06.455 KST
Begin processing the 473001st record. Run 1, Event 88235, LumiSection 883 at 09-Sep-2021 05:03:07.721 KST
Begin processing the 474001st record. Run 1, Event 103935, LumiSection 1040 at 09-Sep-2021 05:03:08.984 KST
Begin processing the 475001st record. Run 1, Event 124036, LumiSection 1241 at 09-Sep-2021 05:03:10.235 KST
Begin processing the 476001st record. Run 1, Event 161537, LumiSection 3616 at 09-Sep-2021 05:03:11.510 KST
Begin processing the 477001st record. Run 1, Event 56240, LumiSection 2563 at 09-Sep-2021 05:03:12.829 KST
Begin processing the 478001st record. Run 1, Event 31241, LumiSection 2313 at 09-Sep-2021 05:03:14.181 KST
Begin processing the 479001st record. Run 1, Event 57042, LumiSection 2571 at 09-Sep-2021 05:03:15.502 KST
Begin processing the 480001st record. Run 1, Event 63142, LumiSection 2632 at 09-Sep-2021 05:03:16.856 KST
Begin processing the 481001st record. Run 1, Event 129243, LumiSection 3293 at 09-Sep-2021 05:03:18.220 KST
Begin processing the 482001st record. Run 1, Event 185443, LumiSection 3855 at 09-Sep-2021 05:03:19.616 KST
Begin processing the 483001st record. Run 1, Event 27644, LumiSection 4277 at 09-Sep-2021 05:03:21.021 KST
09-Sep-2021 05:03:21 KST  Closed file file:/scratch/jykim/H_signal/VBF_HToTauTau/ECF9E865-BEEF-E311-814C-002590D0AFB4.root
09-Sep-2021 05:03:21 KST  Initiating request to open file file:/scratch/jykim/H_signal/VBF_HToTauTau/F0FAA804-BAEF-E311-A7BE-20CF3027A574.root
09-Sep-2021 05:03:21 KST  Successfully opened file file:/scratch/jykim/H_signal/VBF_HToTauTau/F0FAA804-BAEF-E311-A7BE-20CF3027A574.root
Begin processing the 484001st record. Run 1, Event 57745, LumiSection 578 at 09-Sep-2021 05:03:23.194 KST
Begin processing the 485001st record. Run 1, Event 73745, LumiSection 738 at 09-Sep-2021 05:03:24.453 KST
Begin processing the 486001st record. Run 1, Event 156145, LumiSection 1562 at 09-Sep-2021 05:03:25.760 KST
Begin processing the 487001st record. Run 1, Event 28145, LumiSection 2282 at 09-Sep-2021 05:03:27.050 KST
Begin processing the 488001st record. Run 1, Event 47346, LumiSection 2474 at 09-Sep-2021 05:03:28.349 KST
Begin processing the 489001st record. Run 1, Event 180546, LumiSection 3806 at 09-Sep-2021 05:03:29.676 KST
Begin processing the 490001st record. Run 1, Event 94747, LumiSection 4948 at 09-Sep-2021 05:03:31.003 KST
Begin processing the 491001st record. Run 1, Event 78948, LumiSection 4790 at 09-Sep-2021 05:03:32.365 KST
09-Sep-2021 05:03:33 KST  Closed file file:/scratch/jykim/H_signal/VBF_HToTauTau/F0FAA804-BAEF-E311-A7BE-20CF3027A574.root

=============================================

MessageLogger Summary

 type     category        sev    module        subroutine        count    total
 ---- -------------------- -- ---------------- ----------------  -----    -----
    1 fileAction           -s file_close                            54       54
    2 fileAction           -s file_open                            108      108

 type    category    Examples: run/evt        run/evt          run/evt
 ---- -------------------- ---------------- ---------------- ----------------
    1 fileAction           PostProcessEvent PostProcessEvent PostEndRun
    2 fileAction           pre-events       pre-events       PostProcessEvent

Severity    # Occurrences   Total Occurrences
--------    -------------   -----------------
System                162                 162
